TN:
SF:events/guildMemberAdd.js
FN:27,(anonymous_0)
FN:71,(anonymous_1)
FN:87,(anonymous_2)
FN:121,(anonymous_3)
FN:225,(anonymous_4)
FN:239,(anonymous_5)
FN:258,(anonymous_6)
FN:333,(anonymous_7)
FNF:8
FNH:8
FNDA:7,(anonymous_0)
FNDA:1,(anonymous_1)
FNDA:2,(anonymous_2)
FNDA:21,(anonymous_3)
FNDA:5,(anonymous_4)
FNDA:1,(anonymous_5)
FNDA:7,(anonymous_6)
FNDA:1,(anonymous_7)
DA:1,23
DA:2,23
DA:3,23
DA:4,23
DA:5,23
DA:6,23
DA:7,23
DA:8,23
DA:11,23
DA:13,23
DA:28,7
DA:29,7
DA:33,7
DA:34,1
DA:35,1
DA:38,6
DA:39,5
DA:40,1
DA:41,1
DA:45,4
DA:51,4
DA:56,4
DA:57,1
DA:58,1
DA:68,4
DA:69,4
DA:70,4
DA:71,2
DA:72,1
DA:84,4
DA:85,4
DA:86,4
DA:87,4
DA:88,2
DA:95,4
DA:100,4
DA:102,4
DA:106,1
DA:109,1
DA:122,21
DA:123,21
DA:129,21
DA:130,21
DA:131,5
DA:132,5
DA:134,16
DA:139,16
DA:140,15
DA:141,2
DA:142,2
DA:143,1
DA:148,1
DA:152,1
DA:156,14
DA:157,1
DA:161,1
DA:163,13
DA:170,13
DA:171,13
DA:172,1
DA:175,1
DA:178,12
DA:179,12
DA:180,1
DA:184,1
DA:187,11
DA:188,1
DA:192,1
DA:196,10
DA:197,1
DA:198,1
DA:203,9
DA:204,9
DA:205,8
DA:209,1
DA:210,1
DA:213,1
DA:217,8
DA:218,8
DA:224,8
DA:225,8
DA:226,5
DA:227,5
DA:229,8
DA:234,8
DA:235,8
DA:236,1
DA:239,1
DA:240,1
DA:245,1
DA:249,7
DA:250,7
DA:251,7
DA:253,1
DA:258,7
DA:259,7
DA:261,7
DA:263,7
DA:265,7
DA:268,7
DA:269,7
DA:271,4
DA:275,7
DA:276,7
DA:279,7
DA:280,7
DA:281,7
DA:285,7
DA:286,4
DA:289,4
DA:290,1
DA:293,3
DA:294,3
DA:295,3
DA:302,3
DA:303,2
DA:304,2
DA:305,2
DA:311,7
DA:312,5
DA:313,5
DA:314,2
DA:316,2
DA:317,1
DA:318,1
DA:322,1
DA:327,7
DA:333,7
DA:334,1
DA:341,7
DA:343,3
DA:344,3
DA:346,3
DA:352,3
DA:353,3
DA:354,3
DA:358,3
DA:360,3
DA:361,3
DA:374,3
DA:379,3
DA:380,1
DA:387,2
DA:398,4
DA:406,7
DA:407,7
DA:409,7
DA:410,7
DA:414,1
DA:415,1
LF:150
LH:150
BRDA:33,0,0,1
BRDA:33,0,1,6
BRDA:39,1,0,1
BRDA:39,1,1,4
BRDA:56,2,0,1
BRDA:56,2,1,3
BRDA:57,3,0,1
BRDA:57,3,1,0
BRDA:68,4,0,4
BRDA:68,4,1,0
BRDA:70,5,0,2
BRDA:70,5,1,2
BRDA:84,6,0,4
BRDA:84,6,1,0
BRDA:84,7,0,4
BRDA:84,7,1,4
BRDA:86,8,0,4
BRDA:86,8,1,0
BRDA:130,9,0,5
BRDA:130,9,1,16
BRDA:140,10,0,2
BRDA:140,10,1,13
BRDA:156,11,0,1
BRDA:156,11,1,13
BRDA:171,12,0,1
BRDA:171,12,1,12
BRDA:179,13,0,1
BRDA:179,13,1,11
BRDA:187,14,0,1
BRDA:187,14,1,10
BRDA:196,15,0,1
BRDA:196,15,1,9
BRDA:227,16,0,5
BRDA:227,16,1,0
BRDA:235,17,0,1
BRDA:235,17,1,7
BRDA:251,18,0,1
BRDA:251,18,1,6
BRDA:269,19,0,4
BRDA:269,19,1,3
BRDA:269,20,0,7
BRDA:269,20,1,4
BRDA:289,21,0,1
BRDA:289,21,1,3
BRDA:293,22,0,3
BRDA:293,22,1,0
BRDA:302,23,0,2
BRDA:302,23,1,1
BRDA:303,24,0,2
BRDA:303,24,1,0
BRDA:311,25,0,5
BRDA:311,25,1,2
BRDA:316,26,0,1
BRDA:316,26,1,1
BRDA:316,27,0,2
BRDA:316,27,1,1
BRDA:316,27,2,1
BRDA:328,28,0,7
BRDA:328,28,1,4
BRDA:341,29,0,3
BRDA:341,29,1,4
BRDA:349,30,0,3
BRDA:349,30,1,0
BRDA:352,31,0,3
BRDA:352,31,1,0
BRDA:358,32,0,3
BRDA:358,32,1,0
BRDA:358,33,0,3
BRDA:358,33,1,3
BRDA:358,33,2,3
BRDA:362,34,0,3
BRDA:362,34,1,0
BRDA:367,35,0,3
BRDA:367,35,1,0
BRDA:406,36,0,7
BRDA:406,36,1,0
BRDA:409,37,0,7
BRDA:409,37,1,0
BRF:78
BRH:64
end_of_record
TN:
SF:events/messageCreate.js
FN:27,(anonymous_0)
FN:101,(anonymous_1)
FN:106,(anonymous_2)
FN:127,(anonymous_3)
FN:180,processUserMessage
FN:242,checkForBumpMessages
FN:259,(anonymous_6)
FN:280,(anonymous_7)
FNF:8
FNH:8
FNDA:27,(anonymous_0)
FNDA:2,(anonymous_1)
FNDA:2,(anonymous_2)
FNDA:1,(anonymous_3)
FNDA:19,processUserMessage
FNDA:5,checkForBumpMessages
FNDA:3,(anonymous_6)
FNDA:3,(anonymous_7)
DA:1,21
DA:2,21
DA:3,21
DA:4,21
DA:5,21
DA:6,21
DA:7,21
DA:8,21
DA:9,21
DA:11,21
DA:28,27
DA:29,27
DA:30,2
DA:31,2
DA:33,1
DA:36,1
DA:40,26
DA:48,26
DA:53,19
DA:54,19
DA:55,2
DA:58,1
DA:59,1
DA:67,19
DA:68,1
DA:69,1
DA:74,19
DA:75,1
DA:76,1
DA:77,1
DA:79,1
DA:80,1
DA:84,19
DA:87,19
DA:88,5
DA:91,19
DA:97,19
DA:98,15
DA:100,3
DA:101,3
DA:102,2
DA:106,3
DA:107,2
DA:110,3
DA:112,3
DA:113,3
DA:115,3
DA:116,2
DA:117,2
DA:118,1
DA:127,1
DA:131,1
DA:132,1
DA:138,1
DA:145,8
DA:146,8
DA:152,8
DA:154,8
DA:155,1
DA:156,7
DA:157,1
DA:158,6
DA:159,1
DA:160,5
DA:161,1
DA:162,4
DA:163,1
DA:164,3
DA:165,1
DA:166,2
DA:167,1
DA:170,8
DA:181,19
DA:183,15
DA:184,15
DA:187,15
DA:189,14
DA:191,5
DA:192,5
DA:194,5
DA:195,1
DA:196,1
DA:197,1
DA:200,1
DA:201,1
DA:202,1
DA:203,1
DA:205,1
DA:208,4
DA:209,4
DA:211,1
DA:212,1
DA:214,3
DA:216,3
DA:217,2
DA:218,1
DA:219,1
DA:220,1
DA:221,1
DA:223,1
DA:226,1
DA:227,1
DA:243,5
DA:253,5
DA:256,5
DA:258,3
DA:259,3
DA:260,2
DA:261,2
DA:262,1
DA:263,1
DA:264,1
DA:271,1
DA:280,3
DA:281,3
DA:284,3
DA:285,2
DA:286,2
DA:287,2
DA:288,2
DA:289,2
DA:292,1
DA:301,1
DA:302,1
LF:124
LH:124
BRDA:29,0,0,2
BRDA:29,0,1,25
BRDA:41,1,0,26
BRDA:41,1,1,0
BRDA:43,2,0,26
BRDA:43,2,1,11
BRDA:54,3,0,2
BRDA:54,3,1,17
BRDA:67,4,0,1
BRDA:67,4,1,18
BRDA:74,5,0,1
BRDA:74,5,1,18
BRDA:77,6,0,1
BRDA:87,7,0,5
BRDA:87,7,1,14
BRDA:97,8,0,4
BRDA:97,8,1,15
BRDA:97,9,0,19
BRDA:97,9,1,15
BRDA:98,10,0,12
BRDA:98,10,1,3
BRDA:100,11,0,3
BRDA:100,11,1,0
BRDA:101,12,0,3
BRDA:101,12,1,2
BRDA:102,13,0,2
BRDA:102,13,1,1
BRDA:115,14,0,2
BRDA:115,14,1,1
BRDA:115,15,0,3
BRDA:115,15,1,2
BRDA:115,15,2,2
BRDA:115,15,3,2
BRDA:115,15,4,2
BRDA:154,16,0,1
BRDA:154,16,1,7
BRDA:156,17,0,1
BRDA:156,17,1,6
BRDA:158,18,0,1
BRDA:158,18,1,5
BRDA:160,19,0,1
BRDA:160,19,1,4
BRDA:162,20,0,1
BRDA:162,20,1,3
BRDA:164,21,0,1
BRDA:164,21,1,2
BRDA:166,22,0,1
BRDA:166,22,1,1
BRDA:181,23,0,4
BRDA:181,23,1,15
BRDA:181,24,0,19
BRDA:181,24,1,19
BRDA:181,24,2,19
BRDA:187,25,0,1
BRDA:187,25,1,14
BRDA:187,26,0,15
BRDA:187,26,1,14
BRDA:189,27,0,9
BRDA:189,27,1,5
BRDA:194,28,0,1
BRDA:194,28,1,4
BRDA:195,29,0,1
BRDA:195,29,1,0
BRDA:201,30,0,1
BRDA:201,30,1,0
BRDA:209,31,0,1
BRDA:209,31,1,3
BRDA:216,32,0,2
BRDA:216,32,1,1
BRDA:216,33,0,3
BRDA:216,33,1,2
BRDA:219,34,0,1
BRDA:219,34,1,0
BRDA:219,35,0,1
BRDA:219,35,1,1
BRDA:246,36,0,5
BRDA:246,36,1,1
BRDA:247,37,0,5
BRDA:247,37,1,4
BRDA:256,38,0,3
BRDA:256,38,1,1
BRDA:256,39,0,5
BRDA:256,39,1,4
BRDA:259,40,0,2
BRDA:259,40,1,1
BRDA:259,41,0,3
BRDA:259,41,1,3
BRDA:262,42,0,1
BRDA:262,42,1,0
BRDA:262,43,0,1
BRDA:262,43,1,1
BRDA:281,44,0,3
BRDA:281,44,1,2
BRDA:284,45,0,2
BRDA:284,45,1,1
BRF:95
BRH:89
end_of_record
TN:
SF:events/messageReactionAdd.js
FN:24,(anonymous_0)
FN:79,handleTranslationRequest
FNF:2
FNH:2
FNDA:13,(anonymous_0)
FNDA:9,handleTranslationRequest
DA:1,11
DA:2,11
DA:3,11
DA:4,11
DA:5,11
DA:6,11
DA:7,11
DA:8,11
DA:10,11
DA:25,13
DA:26,13
DA:27,1
DA:28,1
DA:31,12
DA:32,2
DA:33,2
DA:35,1
DA:40,1
DA:44,11
DA:49,11
DA:50,11
DA:51,9
DA:52,9
DA:55,2
DA:61,1
DA:80,9
DA:81,9
DA:88,9
DA:89,9
DA:90,9
DA:91,1
DA:92,1
DA:95,8
DA:96,8
DA:97,1
DA:101,1
DA:104,7
DA:105,7
DA:106,1
DA:110,1
DA:113,6
DA:119,6
DA:128,4
DA:129,4
DA:136,4
DA:137,4
DA:138,3
DA:139,3
DA:140,2
DA:141,2
DA:142,1
DA:147,4
DA:157,4
DA:163,4
DA:165,4
DA:171,5
DA:172,5
DA:181,5
DA:182,5
DA:186,5
DA:192,5
DA:197,2
LF:62
LH:62
BRDA:26,0,0,1
BRDA:26,0,1,12
BRDA:31,1,0,2
BRDA:31,1,1,10
BRDA:50,2,0,9
BRDA:50,2,1,2
BRDA:90,3,0,1
BRDA:90,3,1,8
BRDA:96,4,0,1
BRDA:96,4,1,7
BRDA:105,5,0,1
BRDA:105,5,1,6
BRDA:137,6,0,3
BRDA:137,6,1,1
BRDA:139,7,0,2
BRDA:139,7,1,1
BRDA:141,8,0,1
BRDA:141,8,1,1
BRDA:141,9,0,2
BRDA:141,9,1,2
BRDA:182,10,0,1
BRDA:182,10,1,4
BRDA:187,11,0,1
BRDA:187,11,1,4
BRF:24
BRH:24
end_of_record
TN:
SF:events/ready.js
FN:30,(anonymous_0)
FN:95,(anonymous_1)
FN:168,initializeInviteUsage
FN:185,(anonymous_3)
FN:188,(anonymous_4)
FNF:5
FNH:4
FNDA:20,(anonymous_0)
FNDA:2,(anonymous_1)
FNDA:12,initializeInviteUsage
FNDA:0,(anonymous_3)
FNDA:1,(anonymous_4)
DA:1,14
DA:2,14
DA:3,14
DA:4,14
DA:5,14
DA:6,14
DA:7,14
DA:8,14
DA:10,14
DA:15,14
DA:31,20
DA:32,20
DA:33,12
DA:36,12
DA:37,12
DA:38,12
DA:40,12
DA:41,2
DA:44,2
DA:53,2
DA:54,2
DA:55,2
DA:59,2
DA:64,10
DA:67,12
DA:70,12
DA:71,12
DA:76,12
DA:80,12
DA:83,12
DA:84,12
DA:85,11
DA:87,1
DA:88,1
DA:94,12
DA:95,12
DA:96,2
DA:97,2
DA:99,1
DA:100,1
DA:105,12
DA:110,12
DA:111,12
DA:112,11
DA:114,1
DA:115,1
DA:121,12
DA:122,1
DA:127,11
DA:130,12
DA:133,8
DA:134,8
DA:140,8
DA:142,8
DA:143,1
DA:144,7
DA:145,1
DA:146,6
DA:147,1
DA:148,5
DA:149,1
DA:150,4
DA:151,1
DA:152,3
DA:153,1
DA:154,2
DA:155,1
DA:158,8
DA:170,12
DA:171,11
DA:172,8
DA:173,8
DA:176,3
DA:178,3
DA:179,1
DA:182,1
DA:185,2
DA:186,1
DA:187,1
DA:188,1
DA:189,1
DA:191,1
DA:192,1
DA:198,1
LF:84
LH:84
BRDA:38,0,0,12
BRDA:38,0,1,10
BRDA:40,1,0,2
BRDA:40,1,1,10
BRDA:54,2,0,1
BRDA:54,2,1,1
BRDA:121,3,0,1
BRDA:121,3,1,11
BRDA:121,4,0,12
BRDA:121,4,1,1
BRDA:142,5,0,1
BRDA:142,5,1,7
BRDA:144,6,0,1
BRDA:144,6,1,6
BRDA:146,7,0,1
BRDA:146,7,1,5
BRDA:148,8,0,1
BRDA:148,8,1,4
BRDA:150,9,0,1
BRDA:150,9,1,3
BRDA:152,10,0,1
BRDA:152,10,1,2
BRDA:154,11,0,1
BRDA:154,11,1,1
BRDA:171,12,0,8
BRDA:171,12,1,3
BRDA:178,13,0,1
BRDA:178,13,1,2
BRDA:186,14,0,1
BRDA:186,14,1,0
BRDA:189,15,0,1
BRDA:189,15,1,0
BRF:32
BRH:30
end_of_record
TN:
SF:utils/colorUtils.js
FN:8,validateAndNormalizeColor
FN:53,hexToDecimal
FNF:2
FNH:2
FNDA:14,validateAndNormalizeColor
FNDA:7,hexToDecimal
DA:9,14
DA:10,1
DA:12,13
DA:13,1
DA:16,12
DA:18,12
DA:19,2
DA:23,2
DA:24,1
DA:31,12
DA:32,2
DA:33,2
DA:34,1
DA:39,2
DA:40,10
DA:41,6
DA:44,4
DA:54,7
DA:55,7
DA:56,1
DA:59,6
DA:60,6
DA:62,6
DA:63,1
DA:66,5
DA:69,1
LF:26
LH:26
BRDA:8,0,0,11
BRDA:9,1,0,1
BRDA:9,1,1,13
BRDA:12,2,0,1
BRDA:12,2,1,12
BRDA:18,3,0,2
BRDA:18,3,1,10
BRDA:23,4,0,1
BRDA:23,4,1,1
BRDA:31,5,0,2
BRDA:31,5,1,10
BRDA:33,6,0,1
BRDA:33,6,1,1
BRDA:40,7,0,6
BRDA:40,7,1,4
BRDA:55,8,0,1
BRDA:55,8,1,6
BRDA:62,9,0,1
BRDA:62,9,1,5
BRF:19
BRH:19
end_of_record
TN:
SF:utils/searchUtils.js
FN:22,createPaginatedResults
FN:42,(anonymous_1)
FN:75,(anonymous_2)
FN:86,(anonymous_3)
FN:107,(anonymous_4)
FN:144,(anonymous_5)
FN:157,normalizeSearchParams
FN:177,formatApiError
FNF:8
FNH:8
FNDA:8,createPaginatedResults
FNDA:11,(anonymous_1)
FNDA:4,(anonymous_2)
FNDA:3,(anonymous_3)
FNDA:4,(anonymous_4)
FNDA:1,(anonymous_5)
FNDA:3,normalizeSearchParams
FNDA:2,formatApiError
DA:1,13
DA:2,13
DA:3,13
DA:4,13
DA:31,8
DA:33,8
DA:34,8
DA:35,8
DA:36,8
DA:37,8
DA:40,8
DA:42,8
DA:43,11
DA:48,11
DA:53,11
DA:54,2
DA:55,2
DA:57,9
DA:60,11
DA:61,2
DA:62,2
DA:64,9
DA:67,11
DA:70,8
DA:75,8
DA:76,4
DA:80,8
DA:86,8
DA:87,3
DA:89,3
DA:95,3
DA:96,1
DA:97,2
DA:98,1
DA:101,3
DA:107,8
DA:108,4
DA:114,4
DA:119,4
DA:124,4
DA:125,2
DA:126,2
DA:128,2
DA:131,4
DA:132,2
DA:133,2
DA:135,2
DA:138,4
DA:142,4
DA:144,1
DA:158,3
DA:159,1
DA:162,2
DA:163,2
DA:165,2
DA:178,2
DA:179,2
DA:180,2
DA:183,13
LF:59
LH:59
BRDA:29,0,0,6
BRDA:33,1,0,8
BRDA:33,1,1,7
BRDA:34,2,0,8
BRDA:34,2,1,7
BRDA:35,3,0,8
BRDA:35,3,1,7
BRDA:36,4,0,8
BRDA:36,4,1,6
BRDA:37,5,0,8
BRDA:37,5,1,6
BRDA:53,6,0,2
BRDA:53,6,1,9
BRDA:55,7,0,1
BRDA:55,7,1,1
BRDA:60,8,0,2
BRDA:60,8,1,9
BRDA:62,9,0,1
BRDA:62,9,1,1
BRDA:76,10,0,4
BRDA:76,10,1,2
BRDA:76,10,2,3
BRDA:95,11,0,1
BRDA:95,11,1,2
BRDA:97,12,0,1
BRDA:97,12,1,1
BRDA:109,13,0,2
BRDA:109,13,1,2
BRDA:124,14,0,2
BRDA:124,14,1,2
BRDA:126,15,0,1
BRDA:126,15,1,1
BRDA:131,16,0,2
BRDA:131,16,1,2
BRDA:133,17,0,1
BRDA:133,17,1,1
BRDA:158,18,0,1
BRDA:158,18,1,2
BRDA:158,19,0,3
BRDA:158,19,1,2
BRDA:163,20,0,2
BRDA:163,20,1,1
BRDA:178,21,0,2
BRDA:178,21,1,1
BRDA:179,22,0,2
BRDA:179,22,1,1
BRF:46
BRH:46
end_of_record
TN:
SF:utils/trollModeUtils.js
FN:14,checkAccountAge
FN:47,performKick
FNF:2
FNH:2
FNDA:4,checkAccountAge
FNDA:3,performKick
DA:1,7
DA:2,7
DA:3,7
DA:4,7
DA:5,7
DA:6,7
DA:15,4
DA:16,4
DA:17,3
DA:18,1
DA:21,2
DA:22,2
DA:24,2
DA:31,2
DA:33,1
DA:37,1
DA:48,3
DA:49,3
DA:50,3
DA:52,3
DA:53,3
DA:54,3
DA:55,3
DA:64,3
DA:66,1
DA:72,3
DA:73,2
DA:79,1
DA:83,1
DA:87,7
LF:30
LH:30
BRDA:17,0,0,1
BRDA:17,0,1,2
BRDA:21,1,0,2
BRDA:21,1,1,1
BRDA:49,2,0,3
BRDA:49,2,1,1
BRF:6
BRH:6
end_of_record
