TN:
SF:config.js
FN:54,(anonymous_0)
FN:133,isSet
FN:137,(anonymous_2)
FN:141,(anonymous_3)
FNF:4
FNH:0
FNDA:0,(anonymous_0)
FNDA:0,isSet
FNDA:0,(anonymous_2)
FNDA:0,(anonymous_3)
DA:1,0
DA:46,0
DA:55,0
DA:57,0
DA:58,0
DA:59,0
DA:111,0
DA:134,0
DA:137,0
DA:138,0
DA:139,0
DA:140,0
DA:141,0
DA:142,0
LF:14
LH:0
BRDA:55,0,0,0
BRDA:55,0,1,0
BRDA:59,1,0,0
BRDA:59,1,1,0
BRDA:64,2,0,0
BRDA:64,2,1,0
BRDA:75,3,0,0
BRDA:75,3,1,0
BRDA:79,4,0,0
BRDA:79,4,1,0
BRDA:134,5,0,0
BRDA:134,5,1,0
BRDA:138,6,0,0
BRDA:138,6,1,0
BRF:14
BRH:0
end_of_record
TN:
SF:index.js
FN:36,(anonymous_0)
FN:36,(anonymous_1)
FN:43,(anonymous_2)
FN:64,(anonymous_3)
FN:71,(anonymous_4)
FN:72,(anonymous_5)
FN:99,(anonymous_6)
FN:102,(anonymous_7)
FN:105,(anonymous_8)
FN:114,(anonymous_9)
FN:127,(anonymous_10)
FNF:11
FNH:0
FNDA:0,(anonymous_0)
FNDA:0,(anonymous_1)
FNDA:0,(anonymous_2)
FNDA:0,(anonymous_3)
FNDA:0,(anonymous_4)
FNDA:0,(anonymous_5)
FNDA:0,(anonymous_6)
FNDA:0,(anonymous_7)
FNDA:0,(anonymous_8)
FNDA:0,(anonymous_9)
FNDA:0,(anonymous_10)
DA:1,0
DA:2,0
DA:3,0
DA:4,0
DA:5,0
DA:6,0
DA:9,0
DA:10,0
DA:12,0
DA:16,0
DA:25,0
DA:30,0
DA:33,0
DA:35,0
DA:36,0
DA:42,0
DA:43,0
DA:45,0
DA:46,0
DA:47,0
DA:48,0
DA:49,0
DA:51,0
DA:52,0
DA:63,0
DA:64,0
DA:66,0
DA:67,0
DA:68,0
DA:71,0
DA:72,0
DA:73,0
DA:74,0
DA:77,0
DA:78,0
DA:80,0
DA:82,0
DA:84,0
DA:85,0
DA:92,0
DA:99,0
DA:100,0
DA:101,0
DA:102,0
DA:105,0
DA:106,0
DA:107,0
DA:108,0
DA:114,0
DA:115,0
DA:116,0
DA:117,0
DA:119,0
DA:121,0
DA:127,0
DA:128,0
DA:129,0
DA:130,0
DA:132,0
DA:134,0
LF:60
LH:0
BRDA:9,0,0,0
BRDA:9,0,1,0
BRDA:77,1,0,0
BRDA:77,1,1,0
BRDA:106,2,0,0
BRDA:106,2,1,0
BRF:6
BRH:0
end_of_record
TN:
SF:logger.js
FN:8,(anonymous_0)
FN:21,getLogger
FN:33,(anonymous_2)
FN:40,(anonymous_3)
FN:47,(anonymous_4)
FN:54,(anonymous_5)
FNF:6
FNH:0
FNDA:0,(anonymous_0)
FNDA:0,getLogger
FNDA:0,(anonymous_2)
FNDA:0,(anonymous_3)
FNDA:0,(anonymous_4)
FNDA:0,(anonymous_5)
DA:1,0
DA:2,0
DA:5,0
DA:9,0
DA:22,0
DA:23,0
DA:26,0
DA:28,0
DA:32,0
DA:34,0
DA:35,0
DA:37,0
DA:41,0
DA:42,0
DA:44,0
DA:48,0
DA:49,0
DA:51,0
DA:55,0
DA:56,0
DA:58,0
DA:65,0
DA:66,0
DA:70,0
LF:24
LH:0
BRDA:6,0,0,0
BRDA:6,0,1,0
BRDA:22,1,0,0
BRDA:22,1,1,0
BRDA:22,2,0,0
BRDA:22,2,1,0
BRDA:34,3,0,0
BRDA:34,3,1,0
BRDA:34,4,0,0
BRDA:34,4,1,0
BRDA:41,5,0,0
BRDA:41,5,1,0
BRDA:41,6,0,0
BRDA:41,6,1,0
BRDA:48,7,0,0
BRDA:48,7,1,0
BRDA:48,8,0,0
BRDA:48,8,1,0
BRDA:55,9,0,0
BRDA:55,9,1,0
BRDA:55,10,0,0
BRDA:55,10,1,0
BRF:22
BRH:0
end_of_record
TN:
SF:commands/anime.js
FN:28,(anonymous_0)
FN:40,(anonymous_1)
FN:111,(anonymous_2)
FN:122,(anonymous_3)
FN:167,(anonymous_4)
FN:170,(anonymous_5)
FN:202,(anonymous_6)
FNF:7
FNH:7
FNDA:14,(anonymous_0)
FNDA:11,(anonymous_1)
FNDA:1,(anonymous_2)
FNDA:10,(anonymous_3)
FNDA:5,(anonymous_4)
FNDA:2,(anonymous_5)
FNDA:14,(anonymous_6)
DA:1,14
DA:2,14
DA:3,14
DA:4,14
DA:5,14
DA:6,14
DA:23,14
DA:29,14
DA:41,11
DA:42,11
DA:43,1
DA:44,1
DA:48,1
DA:51,10
DA:53,10
DA:58,10
DA:59,10
DA:60,10
DA:62,10
DA:64,4
DA:65,2
DA:66,2
DA:68,2
DA:73,2
DA:74,2
DA:80,6
DA:86,6
DA:88,6
DA:89,3
DA:90,3
DA:91,1
DA:92,2
DA:93,1
DA:96,6
DA:97,6
DA:102,2
DA:108,2
DA:123,10
DA:124,10
DA:126,10
DA:127,10
DA:129,5
DA:130,2
DA:131,2
DA:134,3
DA:135,3
DA:137,3
DA:139,3
DA:140,3
DA:142,3
DA:143,1
DA:147,1
DA:150,2
DA:151,2
DA:168,5
DA:169,5
DA:170,2
DA:172,5
DA:173,5
DA:174,5
DA:175,5
DA:177,5
DA:183,5
DA:190,5
DA:191,1
DA:194,5
DA:203,14
DA:204,6
DA:207,8
DA:209,8
DA:211,1
DA:212,6
DA:214,2
DA:215,2
DA:216,1
DA:218,1
DA:219,4
DA:221,3
DA:222,3
DA:223,1
DA:225,2
DA:227,1
DA:230,1
LF:83
LH:83
BRDA:42,0,0,1
BRDA:42,0,1,10
BRDA:64,1,0,2
BRDA:64,1,1,2
BRDA:88,2,0,3
BRDA:88,2,1,3
BRDA:90,3,0,1
BRDA:90,3,1,2
BRDA:92,4,0,1
BRDA:92,4,1,1
BRDA:129,5,0,2
BRDA:129,5,1,3
BRDA:129,6,0,5
BRDA:129,6,1,4
BRDA:129,6,2,4
BRDA:142,7,0,1
BRDA:142,7,1,2
BRDA:153,8,0,2
BRDA:153,8,1,1
BRDA:154,9,0,2
BRDA:154,9,1,1
BRDA:155,10,0,2
BRDA:155,10,1,1
BRDA:156,11,0,2
BRDA:156,11,1,1
BRDA:157,12,0,2
BRDA:157,12,1,1
BRDA:158,13,0,1
BRDA:158,13,1,1
BRDA:169,14,0,1
BRDA:169,14,1,4
BRDA:173,15,0,3
BRDA:173,15,1,2
BRDA:173,16,0,5
BRDA:173,16,1,4
BRDA:174,17,0,5
BRDA:174,17,1,0
BRDA:175,18,0,5
BRDA:175,18,1,0
BRDA:190,19,0,1
BRDA:190,19,1,4
BRDA:203,20,0,6
BRDA:203,20,1,8
BRDA:203,21,0,14
BRDA:203,21,1,9
BRDA:209,22,0,1
BRDA:209,22,1,6
BRDA:212,23,0,2
BRDA:212,23,1,4
BRDA:215,24,0,1
BRDA:215,24,1,1
BRDA:219,25,0,3
BRDA:219,25,1,1
BRDA:222,26,0,1
BRDA:222,26,1,2
BRF:55
BRH:53
end_of_record
TN:
SF:commands/audit.js
FN:18,(anonymous_0)
FN:22,(anonymous_1)
FN:29,(anonymous_2)
FN:33,(anonymous_3)
FN:40,(anonymous_4)
FN:44,(anonymous_5)
FN:51,(anonymous_6)
FN:55,(anonymous_7)
FN:68,(anonymous_8)
FN:134,(anonymous_9)
FN:142,(anonymous_10)
FN:151,(anonymous_11)
FN:156,(anonymous_12)
FN:165,(anonymous_13)
FN:171,(anonymous_14)
FN:172,(anonymous_15)
FN:183,(anonymous_16)
FN:184,(anonymous_17)
FN:218,(anonymous_18)
FN:223,(anonymous_19)
FN:248,(anonymous_20)
FNF:21
FNH:21
FNDA:1,(anonymous_0)
FNDA:1,(anonymous_1)
FNDA:1,(anonymous_2)
FNDA:1,(anonymous_3)
FNDA:1,(anonymous_4)
FNDA:1,(anonymous_5)
FNDA:1,(anonymous_6)
FNDA:1,(anonymous_7)
FNDA:16,(anonymous_8)
FNDA:70,(anonymous_9)
FNDA:37,(anonymous_10)
FNDA:8,(anonymous_11)
FNDA:1,(anonymous_12)
FNDA:9,(anonymous_13)
FNDA:2,(anonymous_14)
FNDA:13,(anonymous_15)
FNDA:37,(anonymous_16)
FNDA:88,(anonymous_17)
FNDA:34,(anonymous_18)
FNDA:3,(anonymous_19)
FNDA:7,(anonymous_20)
DA:1,1
DA:2,1
DA:3,1
DA:4,1
DA:5,1
DA:13,1
DA:19,1
DA:23,1
DA:30,1
DA:34,1
DA:41,1
DA:45,1
DA:52,1
DA:56,1
DA:69,16
DA:71,16
DA:76,16
DA:77,16
DA:78,16
DA:79,1
DA:83,1
DA:86,15
DA:87,15
DA:88,15
DA:90,10
DA:91,10
DA:92,10
DA:93,10
DA:95,10
DA:96,41
DA:98,40
DA:99,40
DA:100,40
DA:101,40
DA:102,40
DA:110,40
DA:111,39
DA:113,1
DA:116,40
DA:117,1
DA:120,40
DA:121,2
DA:125,10
DA:134,70
DA:136,10
DA:142,10
DA:143,37
DA:144,37
DA:146,37
DA:147,36
DA:150,1
DA:152,8
DA:153,1
DA:154,1
DA:156,1
DA:158,1
DA:162,1
DA:165,10
DA:166,9
DA:168,9
DA:171,2
DA:172,2
DA:173,13
DA:178,9
DA:179,2
DA:182,7
DA:183,37
DA:184,88
DA:186,7
DA:187,7
DA:188,7
DA:190,7
DA:191,37
DA:194,37
DA:195,3
DA:196,3
DA:197,3
DA:199,34
DA:200,34
DA:204,7
DA:205,7
DA:208,7
DA:214,10
DA:215,10
DA:217,10
DA:218,34
DA:219,5
DA:220,5
DA:221,5
DA:222,5
DA:223,3
DA:224,2
DA:225,2
DA:226,2
DA:227,2
DA:228,3
DA:229,1
DA:230,1
DA:231,1
DA:232,1
DA:233,2
DA:234,1
DA:235,1
DA:236,1
DA:237,1
DA:239,1
DA:243,1
DA:246,9
DA:248,9
DA:249,7
DA:259,9
DA:260,7
DA:265,2
DA:282,9
DA:291,5
DA:298,5
DA:300,5
DA:301,3
DA:302,3
DA:305,5
DA:306,5
DA:311,1
LF:122
LH:122
BRDA:78,0,0,1
BRDA:78,0,1,15
BRDA:86,1,0,15
BRDA:86,1,1,1
BRDA:96,2,0,1
BRDA:96,2,1,40
BRDA:96,3,0,41
BRDA:96,3,1,38
BRDA:102,4,0,40
BRDA:102,4,1,35
BRDA:102,4,2,35
BRDA:110,5,0,39
BRDA:110,5,1,1
BRDA:110,6,0,40
BRDA:110,6,1,5
BRDA:116,7,0,1
BRDA:116,7,1,39
BRDA:120,8,0,2
BRDA:120,8,1,38
BRDA:142,9,0,0
BRDA:143,10,0,37
BRDA:143,10,1,1
BRDA:146,11,0,36
BRDA:146,11,1,1
BRDA:152,12,0,7
BRDA:152,12,1,1
BRDA:153,13,0,0
BRDA:153,13,1,1
BRDA:153,14,0,1
BRDA:153,14,1,1
BRDA:158,15,0,1
BRDA:158,15,1,0
BRDA:165,16,0,0
BRDA:168,17,0,2
BRDA:168,17,1,7
BRDA:168,18,0,9
BRDA:168,18,1,2
BRDA:173,19,0,13
BRDA:173,19,1,2
BRDA:178,20,0,2
BRDA:178,20,1,7
BRDA:191,21,0,30
BRDA:191,21,1,7
BRDA:194,22,0,3
BRDA:194,22,1,34
BRDA:194,23,0,37
BRDA:194,23,1,36
BRDA:204,24,0,7
BRDA:204,24,1,0
BRDA:217,25,0,5
BRDA:217,25,1,5
BRDA:222,26,0,2
BRDA:222,26,1,3
BRDA:228,27,0,1
BRDA:228,27,1,2
BRDA:233,28,0,1
BRDA:233,28,1,1
BRDA:250,29,0,7
BRDA:250,29,1,1
BRDA:259,30,0,7
BRDA:259,30,1,2
BRDA:300,31,0,3
BRDA:300,31,1,2
BRDA:300,32,0,5
BRDA:300,32,1,5
BRDA:300,32,2,2
BRDA:301,33,0,3
BRDA:301,33,1,2
BRDA:301,33,2,1
BRF:69
BRH:64
end_of_record
TN:
SF:commands/book.js
FN:18,(anonymous_0)
FN:22,(anonymous_1)
FN:28,(anonymous_2)
FN:37,(anonymous_3)
FN:41,(anonymous_4)
FN:60,(anonymous_5)
FN:94,(anonymous_6)
FN:131,(anonymous_7)
FN:155,(anonymous_8)
FN:192,(anonymous_9)
FN:256,(anonymous_10)
FN:258,(anonymous_11)
FN:269,(anonymous_12)
FN:340,(anonymous_13)
FN:352,(anonymous_14)
FN:364,(anonymous_15)
FN:404,(anonymous_16)
FNF:17
FNH:17
FNDA:25,(anonymous_0)
FNDA:25,(anonymous_1)
FNDA:25,(anonymous_2)
FNDA:25,(anonymous_3)
FNDA:25,(anonymous_4)
FNDA:13,(anonymous_5)
FNDA:1,(anonymous_6)
FNDA:5,(anonymous_7)
FNDA:2,(anonymous_8)
FNDA:5,(anonymous_9)
FNDA:12,(anonymous_10)
FNDA:10,(anonymous_11)
FNDA:5,(anonymous_12)
FNDA:8,(anonymous_13)
FNDA:5,(anonymous_14)
FNDA:10,(anonymous_15)
FNDA:1,(anonymous_16)
DA:1,25
DA:2,25
DA:3,25
DA:4,25
DA:5,25
DA:6,25
DA:13,25
DA:19,25
DA:23,25
DA:29,25
DA:38,25
DA:42,25
DA:61,13
DA:62,13
DA:63,13
DA:65,13
DA:72,13
DA:74,12
DA:75,12
DA:76,12
DA:77,12
DA:78,2
DA:81,1
DA:82,1
DA:83,1
DA:87,3
DA:88,1
DA:94,2
DA:96,2
DA:112,2
DA:120,10
DA:132,5
DA:133,5
DA:134,5
DA:135,1
DA:136,1
DA:139,4
DA:151,3
DA:152,1
DA:155,2
DA:176,2
DA:178,2
DA:182,2
DA:193,5
DA:194,5
DA:195,5
DA:196,1
DA:197,1
DA:201,4
DA:203,4
DA:213,3
DA:214,1
DA:217,2
DA:218,2
DA:239,2
DA:241,2
DA:245,2
DA:257,12
DA:258,10
DA:259,7
DA:270,5
DA:272,5
DA:273,1
DA:276,4
DA:277,4
DA:278,3
DA:280,4
DA:281,3
DA:283,4
DA:284,3
DA:286,4
DA:287,3
DA:289,4
DA:290,3
DA:292,4
DA:293,2
DA:295,4
DA:296,3
DA:298,4
DA:299,3
DA:301,4
DA:302,3
DA:304,4
DA:305,4
DA:306,4
DA:307,4
DA:308,3
DA:311,4
DA:316,4
DA:317,3
DA:321,4
DA:322,3
DA:326,4
DA:327,3
DA:330,4
DA:341,8
DA:342,5
DA:343,1
DA:353,5
DA:365,10
DA:371,10
DA:373,10
DA:374,3
DA:375,7
DA:376,1
DA:377,6
DA:378,1
DA:379,5
DA:380,1
DA:381,4
DA:382,1
DA:383,3
DA:384,1
DA:385,2
DA:386,1
DA:389,10
DA:390,10
DA:395,2
DA:401,2
LF:119
LH:119
BRDA:72,0,0,12
BRDA:72,0,1,1
BRDA:76,1,0,12
BRDA:76,1,1,11
BRDA:87,2,0,1
BRDA:87,2,1,2
BRDA:87,3,0,3
BRDA:87,3,1,3
BRDA:115,4,0,1
BRDA:115,4,1,1
BRDA:131,5,0,3
BRDA:134,6,0,1
BRDA:134,6,1,4
BRDA:151,7,0,1
BRDA:151,7,1,2
BRDA:151,8,0,3
BRDA:151,8,1,3
BRDA:158,9,0,2
BRDA:158,9,1,1
BRDA:159,10,0,2
BRDA:159,10,1,1
BRDA:160,11,0,2
BRDA:160,11,1,1
BRDA:160,11,2,1
BRDA:161,12,0,2
BRDA:161,12,1,1
BRDA:162,13,0,2
BRDA:162,13,1,1
BRDA:163,14,0,2
BRDA:163,14,1,1
BRDA:164,15,0,2
BRDA:164,15,1,1
BRDA:165,16,0,2
BRDA:165,16,1,1
BRDA:166,17,0,2
BRDA:166,17,1,1
BRDA:167,18,0,2
BRDA:167,18,1,1
BRDA:170,19,0,2
BRDA:170,19,1,1
BRDA:171,20,0,2
BRDA:171,20,1,1
BRDA:172,21,0,2
BRDA:172,21,1,1
BRDA:173,22,0,2
BRDA:173,22,1,1
BRDA:195,23,0,1
BRDA:195,23,1,4
BRDA:213,24,0,1
BRDA:213,24,1,2
BRDA:213,25,0,3
BRDA:213,25,1,2
BRDA:221,26,0,2
BRDA:221,26,1,1
BRDA:222,27,0,2
BRDA:222,27,1,1
BRDA:223,28,0,2
BRDA:223,28,1,1
BRDA:223,28,2,1
BRDA:224,29,0,2
BRDA:224,29,1,1
BRDA:225,30,0,2
BRDA:225,30,1,1
BRDA:226,31,0,2
BRDA:226,31,1,1
BRDA:227,32,0,2
BRDA:227,32,1,1
BRDA:228,33,0,2
BRDA:228,33,1,1
BRDA:229,34,0,2
BRDA:229,34,1,1
BRDA:230,35,0,2
BRDA:230,35,1,1
BRDA:233,36,0,2
BRDA:233,36,1,1
BRDA:234,37,0,2
BRDA:234,37,1,1
BRDA:235,38,0,2
BRDA:235,38,1,1
BRDA:236,39,0,2
BRDA:236,39,1,1
BRDA:257,40,0,5
BRDA:257,40,1,7
BRDA:259,41,0,5
BRDA:259,41,1,2
BRDA:269,42,0,1
BRDA:272,43,0,1
BRDA:272,43,1,4
BRDA:277,44,0,3
BRDA:277,44,1,1
BRDA:277,45,0,4
BRDA:277,45,1,4
BRDA:280,46,0,3
BRDA:280,46,1,1
BRDA:283,47,0,3
BRDA:283,47,1,1
BRDA:286,48,0,3
BRDA:286,48,1,1
BRDA:289,49,0,3
BRDA:289,49,1,1
BRDA:292,50,0,2
BRDA:292,50,1,2
BRDA:295,51,0,3
BRDA:295,51,1,1
BRDA:295,52,0,4
BRDA:295,52,1,4
BRDA:298,53,0,3
BRDA:298,53,1,1
BRDA:301,54,0,3
BRDA:301,54,1,1
BRDA:305,55,0,3
BRDA:305,55,1,1
BRDA:306,56,0,3
BRDA:306,56,1,1
BRDA:307,57,0,3
BRDA:307,57,1,1
BRDA:316,58,0,3
BRDA:316,58,1,1
BRDA:321,59,0,3
BRDA:321,59,1,1
BRDA:326,60,0,3
BRDA:326,60,1,1
BRDA:340,61,0,8
BRDA:341,62,0,3
BRDA:341,62,1,5
BRDA:342,63,0,4
BRDA:342,63,1,1
BRDA:373,64,0,3
BRDA:373,64,1,7
BRDA:375,65,0,1
BRDA:375,65,1,6
BRDA:377,66,0,1
BRDA:377,66,1,5
BRDA:379,67,0,1
BRDA:379,67,1,4
BRDA:381,68,0,1
BRDA:381,68,1,3
BRDA:383,69,0,1
BRDA:383,69,1,2
BRDA:385,70,0,1
BRDA:385,70,1,1
BRF:141
BRH:141
end_of_record
TN:
SF:commands/cat.js
FN:22,(anonymous_0)
FN:78,(anonymous_1)
FNF:2
FNH:2
FNDA:7,(anonymous_0)
FNDA:1,(anonymous_1)
DA:1,4
DA:2,4
DA:3,4
DA:4,4
DA:10,4
DA:23,7
DA:24,7
DA:26,7
DA:31,7
DA:32,1
DA:34,1
DA:40,1
DA:42,1
DA:47,6
DA:53,6
DA:55,6
DA:56,3
DA:57,3
DA:58,1
DA:59,2
DA:60,1
DA:63,6
DA:64,6
DA:69,2
DA:75,2
LF:25
LH:25
BRDA:55,0,0,3
BRDA:55,0,1,3
BRDA:57,1,0,1
BRDA:57,1,1,2
BRDA:59,2,0,1
BRDA:59,2,1,1
BRF:6
BRH:6
end_of_record
TN:
SF:commands/changeColor.js
FN:15,(anonymous_0)
FN:19,(anonymous_1)
FN:31,(anonymous_2)
FN:108,(anonymous_3)
FNF:4
FNH:3
FNDA:5,(anonymous_0)
FNDA:5,(anonymous_1)
FNDA:5,(anonymous_2)
FNDA:0,(anonymous_3)
DA:1,5
DA:2,5
DA:3,5
DA:4,5
DA:5,5
DA:11,5
DA:16,5
DA:20,5
DA:32,5
DA:33,5
DA:35,5
DA:36,5
DA:37,5
DA:39,5
DA:47,5
DA:48,5
DA:49,2
DA:52,3
DA:53,1
DA:56,2
DA:58,1
DA:63,1
DA:65,1
DA:71,4
DA:78,4
DA:80,4
DA:81,2
DA:82,2
DA:83,1
DA:84,1
DA:85,0
DA:88,4
DA:89,4
DA:94,1
DA:100,1
DA:105,1
LF:36
LH:35
BRDA:48,0,0,2
BRDA:48,0,1,3
BRDA:52,1,0,1
BRDA:52,1,1,2
BRDA:80,2,0,2
BRDA:80,2,1,2
BRDA:82,3,0,1
BRDA:82,3,1,1
BRDA:84,4,0,0
BRDA:84,4,1,1
BRF:10
BRH:9
end_of_record
TN:
SF:commands/changeNickname.js
FN:21,(anonymous_0)
FN:25,(anonymous_1)
FN:42,(anonymous_2)
FN:52,(anonymous_3)
FN:116,(anonymous_4)
FN:149,(anonymous_5)
FNF:6
FNH:6
FNDA:1,(anonymous_0)
FNDA:1,(anonymous_1)
FNDA:9,(anonymous_2)
FNDA:1,(anonymous_3)
FNDA:6,(anonymous_4)
FNDA:1,(anonymous_5)
DA:1,1
DA:2,1
DA:3,1
DA:4,1
DA:17,1
DA:22,1
DA:26,1
DA:43,9
DA:44,9
DA:46,9
DA:47,9
DA:50,9
DA:51,9
DA:52,2
DA:55,9
DA:56,1
DA:62,8
DA:69,8
DA:70,1
DA:73,7
DA:74,1
DA:77,6
DA:78,1
DA:81,5
DA:82,5
DA:84,2
DA:85,2
DA:87,2
DA:94,2
DA:99,2
DA:104,6
DA:117,6
DA:124,6
DA:126,6
DA:127,1
DA:128,5
DA:129,1
DA:130,4
DA:131,1
DA:134,6
DA:135,6
DA:140,2
DA:146,2
LF:43
LH:43
BRDA:51,0,0,2
BRDA:51,0,1,7
BRDA:55,1,0,1
BRDA:55,1,1,8
BRDA:69,2,0,1
BRDA:69,2,1,7
BRDA:73,3,0,1
BRDA:73,3,1,6
BRDA:77,4,0,1
BRDA:77,4,1,5
BRDA:77,5,0,6
BRDA:77,5,1,5
BRDA:77,5,2,5
BRDA:81,6,0,5
BRDA:81,6,1,4
BRDA:82,7,0,5
BRDA:82,7,1,1
BRDA:85,8,0,1
BRDA:85,8,1,1
BRDA:90,9,0,1
BRDA:90,9,1,1
BRDA:101,10,0,2
BRDA:101,10,1,1
BRDA:126,11,0,1
BRDA:126,11,1,5
BRDA:128,12,0,1
BRDA:128,12,1,4
BRDA:130,13,0,1
BRDA:130,13,1,3
BRF:29
BRH:29
end_of_record
TN:
SF:commands/changeRoleName.js
FN:13,(anonymous_0)
FN:18,(anonymous_1)
FN:32,(anonymous_2)
FN:108,(anonymous_3)
FNF:4
FNH:4
FNDA:1,(anonymous_0)
FNDA:1,(anonymous_1)
FNDA:10,(anonymous_2)
FNDA:4,(anonymous_3)
DA:1,1
DA:2,1
DA:3,1
DA:9,1
DA:14,1
DA:19,1
DA:33,10
DA:35,10
DA:36,10
DA:38,10
DA:46,10
DA:47,10
DA:48,10
DA:49,1
DA:55,9
DA:56,1
DA:62,8
DA:63,1
DA:69,7
DA:70,1
DA:76,6
DA:77,6
DA:79,2
DA:83,2
DA:89,2
DA:91,2
DA:98,4
DA:109,4
DA:116,4
DA:117,4
DA:118,1
DA:119,3
DA:120,1
DA:123,4
DA:124,4
DA:126,1
LF:36
LH:36
BRDA:48,0,0,1
BRDA:48,0,1,9
BRDA:55,1,0,1
BRDA:55,1,1,8
BRDA:62,2,0,1
BRDA:62,2,1,7
BRDA:69,3,0,1
BRDA:69,3,1,6
BRDA:69,4,0,7
BRDA:69,4,1,6
BRDA:84,5,0,2
BRDA:84,5,1,1
BRDA:117,6,0,1
BRDA:117,6,1,3
BRDA:119,7,0,1
BRDA:119,7,1,2
BRDA:119,8,0,3
BRDA:119,8,1,1
BRF:18
BRH:18
end_of_record
TN:
SF:commands/coinFlip.js
FN:25,(anonymous_0)
FN:57,(anonymous_1)
FN:69,(anonymous_2)
FN:99,(anonymous_3)
FNF:4
FNH:4
FNDA:3,(anonymous_0)
FNDA:2,(anonymous_1)
FNDA:4,(anonymous_2)
FNDA:1,(anonymous_3)
DA:1,6
DA:2,6
DA:3,6
DA:9,6
DA:26,3
DA:27,3
DA:29,2
DA:34,2
DA:36,2
DA:41,2
DA:43,2
DA:48,1
DA:58,2
DA:70,4
DA:76,4
DA:78,4
DA:79,1
DA:80,3
DA:81,2
DA:84,4
DA:85,4
DA:90,2
DA:96,2
LF:23
LH:23
BRDA:58,0,0,1
BRDA:58,0,1,1
BRDA:78,1,0,1
BRDA:78,1,1,3
BRDA:80,2,0,2
BRDA:80,2,1,1
BRF:6
BRH:6
end_of_record
TN:
SF:commands/compareRoles.js
FN:11,formatPermissionName
FN:12,(anonymous_1)
FN:25,(anonymous_2)
FN:31,(anonymous_3)
FN:44,(anonymous_4)
FN:75,(anonymous_5)
FN:76,(anonymous_6)
FN:77,(anonymous_7)
FNF:8
FNH:8
FNDA:5,formatPermissionName
FNDA:5,(anonymous_1)
FNDA:1,(anonymous_2)
FNDA:1,(anonymous_3)
FNDA:7,(anonymous_4)
FNDA:3,(anonymous_5)
FNDA:3,(anonymous_6)
FNDA:3,(anonymous_7)
DA:1,1
DA:2,1
DA:3,1
DA:4,1
DA:12,5
DA:21,1
DA:26,1
DA:32,1
DA:45,7
DA:47,7
DA:48,7
DA:50,7
DA:57,7
DA:58,7
DA:59,1
DA:62,1
DA:65,6
DA:66,1
DA:69,1
DA:72,5
DA:73,3
DA:75,3
DA:76,3
DA:77,3
DA:79,3
DA:80,3
DA:81,3
DA:83,3
DA:117,3
DA:123,3
DA:127,3
DA:137,2
DA:144,2
DA:145,2
DA:149,1
LF:35
LH:35
BRDA:53,0,0,7
BRDA:53,0,1,1
BRDA:54,1,0,7
BRDA:54,1,1,1
BRDA:58,2,0,1
BRDA:58,2,1,6
BRDA:58,3,0,7
BRDA:58,3,1,6
BRDA:65,4,0,1
BRDA:65,4,1,5
BRDA:96,5,0,1
BRDA:96,5,1,2
BRDA:103,6,0,1
BRDA:103,6,1,2
BRDA:110,7,0,1
BRDA:110,7,1,2
BRDA:118,8,0,3
BRDA:118,8,1,1
BRF:18
BRH:18
end_of_record
TN:
SF:commands/country.js
FN:15,(anonymous_0)
FN:26,(anonymous_1)
FN:54,(anonymous_2)
FN:91,(anonymous_3)
FN:119,(anonymous_4)
FNF:5
FNH:5
FNDA:9,(anonymous_0)
FNDA:12,(anonymous_1)
FNDA:2,(anonymous_2)
FNDA:6,(anonymous_3)
FNDA:1,(anonymous_4)
DA:1,9
DA:2,9
DA:3,9
DA:4,9
DA:10,9
DA:16,9
DA:27,12
DA:28,12
DA:29,12
DA:30,12
DA:35,12
DA:39,6
DA:40,2
DA:44,2
DA:45,2
DA:47,4
DA:48,4
DA:49,4
DA:50,4
DA:51,4
DA:52,4
DA:53,4
DA:54,4
DA:55,4
DA:56,4
DA:57,1
DA:59,3
DA:61,4
DA:69,4
DA:75,4
DA:76,3
DA:78,4
DA:79,4
DA:81,6
DA:92,6
DA:97,6
DA:98,6
DA:99,1
DA:100,5
DA:101,1
DA:102,4
DA:103,3
DA:105,6
DA:106,6
DA:111,2
DA:116,2
LF:46
LH:46
BRDA:39,0,0,2
BRDA:39,0,1,4
BRDA:39,1,0,6
BRDA:39,1,1,5
BRDA:48,2,0,4
BRDA:48,2,1,3
BRDA:48,2,2,2
BRDA:48,2,3,1
BRDA:49,3,0,1
BRDA:49,3,1,3
BRDA:49,4,0,3
BRDA:49,4,1,2
BRDA:50,5,0,2
BRDA:50,5,1,2
BRDA:51,6,0,4
BRDA:51,6,1,2
BRDA:52,7,0,4
BRDA:52,7,1,2
BRDA:53,8,0,2
BRDA:53,8,1,2
BRDA:54,9,0,2
BRDA:54,9,1,2
BRDA:54,10,0,2
BRDA:54,10,1,1
BRDA:56,11,0,1
BRDA:56,11,1,3
BRDA:56,12,0,4
BRDA:56,12,1,1
BRDA:72,13,0,4
BRDA:72,13,1,3
BRDA:75,14,0,3
BRDA:75,14,1,1
BRDA:98,15,0,1
BRDA:98,15,1,5
BRDA:98,16,0,6
BRDA:98,16,1,1
BRDA:100,17,0,1
BRDA:100,17,1,4
BRDA:102,18,0,3
BRDA:102,18,1,1
BRDA:102,19,0,4
BRDA:102,19,1,4
BRF:42
BRH:42
end_of_record
TN:
SF:commands/dictionary.js
FN:16,(anonymous_0)
FN:26,(anonymous_1)
FN:81,(anonymous_2)
FN:111,(anonymous_3)
FNF:4
FNH:4
FNDA:8,(anonymous_0)
FNDA:11,(anonymous_1)
FNDA:6,(anonymous_2)
FNDA:1,(anonymous_3)
DA:1,8
DA:2,8
DA:3,8
DA:4,8
DA:11,8
DA:17,8
DA:27,11
DA:28,11
DA:29,11
DA:30,11
DA:36,11
DA:39,5
DA:41,5
DA:42,1
DA:46,1
DA:49,4
DA:50,4
DA:51,4
DA:52,4
DA:54,4
DA:58,4
DA:65,4
DA:66,4
DA:71,6
DA:82,6
DA:88,6
DA:89,6
DA:90,1
DA:91,5
DA:92,1
DA:93,4
DA:94,3
DA:97,6
DA:98,6
DA:103,2
DA:108,2
LF:36
LH:36
BRDA:41,0,0,1
BRDA:41,0,1,4
BRDA:49,1,0,3
BRDA:49,1,1,1
BRDA:49,2,0,4
BRDA:49,2,1,4
BRDA:50,3,0,2
BRDA:50,3,1,2
BRDA:50,4,0,4
BRDA:50,4,1,3
BRDA:50,4,2,3
BRDA:51,5,0,4
BRDA:51,5,1,3
BRDA:51,5,2,1
BRDA:51,5,3,1
BRDA:51,5,4,2
BRDA:52,6,0,3
BRDA:52,6,1,1
BRDA:55,7,0,4
BRDA:55,7,1,2
BRDA:61,8,0,2
BRDA:61,8,1,2
BRDA:89,9,0,1
BRDA:89,9,1,5
BRDA:89,10,0,6
BRDA:89,10,1,1
BRDA:91,11,0,1
BRDA:91,11,1,4
BRDA:93,12,0,3
BRDA:93,12,1,1
BRDA:93,13,0,4
BRDA:93,13,1,4
BRF:32
BRH:32
end_of_record
TN:
SF:commands/dog.js
FN:184,(anonymous_0)
FN:198,(anonymous_1)
FN:204,(anonymous_2)
FN:234,(anonymous_3)
FN:283,(anonymous_4)
FN:317,(anonymous_5)
FNF:6
FNH:6
FNDA:10,(anonymous_0)
FNDA:4,(anonymous_1)
FNDA:660,(anonymous_2)
FNDA:10,(anonymous_3)
FNDA:8,(anonymous_4)
FNDA:1,(anonymous_5)
DA:1,10
DA:2,10
DA:3,10
DA:4,10
DA:7,10
DA:179,10
DA:185,10
DA:199,4
DA:200,4
DA:201,4
DA:203,4
DA:205,660
DA:211,4
DA:213,2
DA:216,2
DA:217,2
DA:235,10
DA:236,10
DA:238,10
DA:243,10
DA:244,10
DA:246,10
DA:247,1
DA:248,1
DA:251,10
DA:252,3
DA:254,3
DA:255,1
DA:258,2
DA:264,2
DA:266,2
DA:271,8
DA:284,8
DA:290,8
DA:292,8
DA:293,1
DA:294,7
DA:295,2
DA:296,5
DA:297,1
DA:298,4
DA:299,3
DA:302,8
DA:303,8
DA:308,2
DA:314,2
LF:46
LH:46
BRDA:200,0,0,4
BRDA:200,0,1,1
BRDA:205,1,0,660
BRDA:205,1,1,495
BRDA:205,1,2,492
BRDA:246,2,0,1
BRDA:246,2,1,9
BRDA:254,3,0,1
BRDA:254,3,1,2
BRDA:292,4,0,1
BRDA:292,4,1,7
BRDA:294,5,0,2
BRDA:294,5,1,5
BRDA:296,6,0,1
BRDA:296,6,1,4
BRDA:298,7,0,3
BRDA:298,7,1,1
BRF:17
BRH:17
end_of_record
TN:
SF:commands/fix.js
FN:18,(anonymous_0)
FN:23,(anonymous_1)
FN:28,(anonymous_2)
FN:46,(anonymous_3)
FN:85,(anonymous_4)
FN:159,(anonymous_5)
FN:173,(anonymous_6)
FN:203,(anonymous_7)
FNF:8
FNH:8
FNDA:1,(anonymous_0)
FNDA:1,(anonymous_1)
FNDA:1,(anonymous_2)
FNDA:14,(anonymous_3)
FNDA:9,(anonymous_4)
FNDA:1,(anonymous_5)
FNDA:4,(anonymous_6)
FNDA:1,(anonymous_7)
DA:1,1
DA:2,1
DA:3,1
DA:4,1
DA:5,1
DA:6,1
DA:7,1
DA:14,1
DA:19,1
DA:24,1
DA:29,1
DA:47,14
DA:49,14
DA:50,14
DA:56,10
DA:58,10
DA:59,7
DA:60,3
DA:61,1
DA:62,2
DA:63,1
DA:66,4
DA:86,9
DA:87,9
DA:93,9
DA:94,9
DA:95,1
DA:96,1
DA:99,8
DA:100,8
DA:105,8
DA:107,8
DA:109,3
DA:115,3
DA:120,3
DA:122,3
DA:129,5
DA:136,5
DA:138,5
DA:139,3
DA:140,2
DA:141,1
DA:144,5
DA:145,5
DA:150,2
DA:156,2
DA:174,4
DA:180,4
DA:182,4
DA:183,1
DA:184,3
DA:185,1
DA:188,4
DA:189,4
DA:194,2
DA:200,2
LF:56
LH:56
BRDA:58,0,0,7
BRDA:58,0,1,3
BRDA:60,1,0,1
BRDA:60,1,1,2
BRDA:62,2,0,1
BRDA:62,2,1,1
BRDA:94,3,0,1
BRDA:94,3,1,8
BRDA:138,4,0,3
BRDA:138,4,1,2
BRDA:140,5,0,1
BRDA:140,5,1,1
BRDA:182,6,0,1
BRDA:182,6,1,3
BRDA:184,7,0,1
BRDA:184,7,1,2
BRF:16
BRH:16
end_of_record
TN:
SF:commands/givePerms.js
FN:28,(anonymous_0)
FN:32,(anonymous_1)
FN:36,(anonymous_2)
FN:54,(anonymous_3)
FN:84,(anonymous_4)
FN:154,(anonymous_5)
FN:187,(anonymous_6)
FN:224,(anonymous_7)
FN:225,(anonymous_8)
FN:282,(anonymous_9)
FN:307,(anonymous_10)
FN:344,(anonymous_11)
FNF:12
FNH:10
FNDA:12,(anonymous_0)
FNDA:12,(anonymous_1)
FNDA:12,(anonymous_2)
FNDA:15,(anonymous_3)
FNDA:1,(anonymous_4)
FNDA:14,(anonymous_5)
FNDA:10,(anonymous_6)
FNDA:1,(anonymous_7)
FNDA:1,(anonymous_8)
FNDA:0,(anonymous_9)
FNDA:6,(anonymous_10)
FNDA:0,(anonymous_11)
DA:1,12
DA:2,12
DA:3,12
DA:4,12
DA:5,12
DA:24,12
DA:29,12
DA:33,12
DA:37,12
DA:55,15
DA:56,15
DA:61,15
DA:62,15
DA:63,14
DA:64,14
DA:66,14
DA:67,14
DA:68,2
DA:74,12
DA:82,12
DA:83,12
DA:84,1
DA:86,12
DA:87,1
DA:88,1
DA:94,11
DA:95,11
DA:96,1
DA:97,1
DA:103,10
DA:104,10
DA:106,10
DA:113,10
DA:114,8
DA:120,2
DA:124,2
DA:130,2
DA:132,2
DA:140,1
DA:155,14
DA:156,1
DA:157,1
DA:163,13
DA:164,1
DA:168,1
DA:174,12
DA:189,10
DA:190,10
DA:193,10
DA:194,1
DA:199,1
DA:206,9
DA:207,1
DA:212,1
DA:219,8
DA:220,8
DA:223,8
DA:224,1
DA:225,1
DA:228,8
DA:229,2
DA:230,2
DA:236,6
DA:237,1
DA:238,1
DA:244,5
DA:245,5
DA:247,5
DA:248,2
DA:253,2
DA:259,3
DA:260,3
DA:267,3
DA:274,3
DA:275,3
DA:277,1
DA:282,1
DA:283,1
DA:289,2
DA:296,2
DA:308,6
DA:315,6
DA:317,6
DA:318,2
DA:319,4
DA:320,1
DA:321,3
DA:322,1
DA:323,2
DA:324,1
DA:325,1
DA:326,1
DA:329,6
DA:330,6
DA:335,5
DA:341,5
LF:96
LH:96
BRDA:67,0,0,2
BRDA:67,0,1,12
BRDA:83,1,0,1
BRDA:83,1,1,11
BRDA:86,2,0,1
BRDA:86,2,1,11
BRDA:95,3,0,1
BRDA:95,3,1,10
BRDA:113,4,0,8
BRDA:113,4,1,2
BRDA:155,5,0,1
BRDA:155,5,1,13
BRDA:155,6,0,14
BRDA:155,6,1,13
BRDA:163,7,0,1
BRDA:163,7,1,12
BRDA:193,8,0,1
BRDA:193,8,1,9
BRDA:193,9,0,10
BRDA:193,9,1,9
BRDA:193,9,2,9
BRDA:206,10,0,1
BRDA:206,10,1,8
BRDA:206,11,0,9
BRDA:206,11,1,8
BRDA:206,11,2,8
BRDA:228,12,0,2
BRDA:228,12,1,6
BRDA:236,13,0,1
BRDA:236,13,1,5
BRDA:247,14,0,2
BRDA:247,14,1,3
BRDA:317,15,0,2
BRDA:317,15,1,4
BRDA:319,16,0,1
BRDA:319,16,1,3
BRDA:321,17,0,1
BRDA:321,17,1,2
BRDA:323,18,0,1
BRDA:323,18,1,1
BRDA:325,19,0,1
BRDA:325,19,1,0
BRF:42
BRH:41
end_of_record
TN:
SF:commands/giveRole.js
FN:25,(anonymous_0)
FN:29,(anonymous_1)
FN:47,(anonymous_2)
FN:76,(anonymous_3)
FN:122,(anonymous_4)
FN:151,(anonymous_5)
FN:185,(anonymous_6)
FNF:7
FNH:7
FNDA:1,(anonymous_0)
FNDA:1,(anonymous_1)
FNDA:7,(anonymous_2)
FNDA:1,(anonymous_3)
FNDA:7,(anonymous_4)
FNDA:4,(anonymous_5)
FNDA:9,(anonymous_6)
DA:1,1
DA:2,1
DA:3,1
DA:21,1
DA:26,1
DA:30,1
DA:48,7
DA:49,7
DA:54,7
DA:55,7
DA:56,7
DA:58,7
DA:59,7
DA:60,2
DA:66,5
DA:74,5
DA:75,5
DA:76,2
DA:78,5
DA:79,1
DA:80,1
DA:86,4
DA:87,3
DA:88,1
DA:94,2
DA:98,2
DA:104,2
DA:109,1
DA:123,7
DA:124,1
DA:125,1
DA:131,6
DA:132,1
DA:133,1
DA:139,5
DA:152,4
DA:153,4
DA:154,1
DA:158,1
DA:164,3
DA:165,3
DA:167,2
DA:174,2
DA:186,9
DA:193,9
DA:195,9
DA:196,5
DA:197,4
DA:198,1
DA:199,3
DA:200,1
DA:201,2
DA:202,1
DA:205,9
DA:206,9
DA:208,3
DA:209,3
DA:210,3
DA:211,2
DA:213,1
DA:216,1
LF:61
LH:61
BRDA:59,0,0,2
BRDA:59,0,1,5
BRDA:75,1,0,2
BRDA:75,1,1,3
BRDA:78,2,0,1
BRDA:78,2,1,4
BRDA:87,3,0,1
BRDA:87,3,1,2
BRDA:123,4,0,1
BRDA:123,4,1,6
BRDA:131,5,0,1
BRDA:131,5,1,5
BRDA:153,6,0,1
BRDA:153,6,1,3
BRDA:195,7,0,5
BRDA:195,7,1,4
BRDA:197,8,0,1
BRDA:197,8,1,3
BRDA:199,9,0,1
BRDA:199,9,1,2
BRDA:201,10,0,1
BRDA:201,10,1,1
BRDA:210,11,0,2
BRDA:210,11,1,1
BRDA:210,12,0,3
BRDA:210,12,1,3
BRF:26
BRH:26
end_of_record
TN:
SF:commands/googleImages.js
FN:8,(anonymous_0)
FN:11,(anonymous_1)
FN:24,(anonymous_2)
FN:30,(anonymous_3)
FN:51,(anonymous_4)
FN:108,(anonymous_5)
FN:142,(anonymous_6)
FN:189,(anonymous_7)
FN:211,(anonymous_8)
FN:244,(anonymous_9)
FNF:10
FNH:10
FNDA:4,(anonymous_0)
FNDA:6,(anonymous_1)
FNDA:14,(anonymous_2)
FNDA:14,(anonymous_3)
FNDA:6,(anonymous_4)
FNDA:1,(anonymous_5)
FNDA:4,(anonymous_6)
FNDA:3,(anonymous_7)
FNDA:6,(anonymous_8)
FNDA:1,(anonymous_9)
DA:1,14
DA:2,14
DA:3,14
DA:4,14
DA:5,14
DA:6,14
DA:8,14
DA:9,4
DA:11,6
DA:19,14
DA:25,14
DA:31,14
DA:52,6
DA:53,6
DA:58,6
DA:59,6
DA:60,1
DA:64,1
DA:70,5
DA:71,5
DA:72,5
DA:76,5
DA:77,1
DA:78,1
DA:84,4
DA:86,4
DA:91,4
DA:93,4
DA:94,1
DA:100,3
DA:101,1
DA:102,1
DA:108,2
DA:110,2
DA:125,1
DA:131,1
DA:143,4
DA:152,4
DA:153,4
DA:158,4
DA:159,4
DA:160,3
DA:165,3
DA:169,1
DA:175,1
DA:190,3
DA:191,3
DA:192,3
DA:193,3
DA:195,3
DA:212,6
DA:219,6
DA:221,6
DA:222,1
DA:223,5
DA:224,1
DA:225,4
DA:226,1
DA:229,6
DA:230,6
DA:235,2
DA:241,2
LF:62
LH:62
BRDA:59,0,0,1
BRDA:59,0,1,5
BRDA:59,1,0,6
BRDA:59,1,1,5
BRDA:76,2,0,1
BRDA:76,2,1,4
BRDA:93,3,0,1
BRDA:93,3,1,3
BRDA:100,4,0,1
BRDA:100,4,1,2
BRDA:162,5,0,3
BRDA:162,5,1,1
BRDA:166,6,0,3
BRDA:166,6,1,1
BRDA:191,7,0,3
BRDA:191,7,1,1
BRDA:192,8,0,3
BRDA:192,8,1,1
BRDA:193,9,0,3
BRDA:193,9,1,1
BRDA:221,10,0,1
BRDA:221,10,1,5
BRDA:223,11,0,1
BRDA:223,11,1,4
BRDA:225,12,0,1
BRDA:225,12,1,3
BRF:26
BRH:26
end_of_record
TN:
SF:commands/googleSearch.js
FN:18,(anonymous_0)
FN:24,(anonymous_1)
FN:45,(anonymous_2)
FN:105,(anonymous_3)
FN:136,(anonymous_4)
FN:169,(anonymous_5)
FN:180,(anonymous_6)
FN:226,(anonymous_7)
FNF:8
FNH:8
FNDA:13,(anonymous_0)
FNDA:13,(anonymous_1)
FNDA:6,(anonymous_2)
FNDA:1,(anonymous_3)
FNDA:6,(anonymous_4)
FNDA:1,(anonymous_5)
FNDA:4,(anonymous_6)
FNDA:2,(anonymous_7)
DA:1,13
DA:2,13
DA:3,13
DA:4,13
DA:5,13
DA:6,13
DA:13,13
DA:19,13
DA:25,13
DA:46,6
DA:47,6
DA:52,6
DA:53,6
DA:54,1
DA:58,1
DA:64,5
DA:66,5
DA:67,5
DA:68,5
DA:72,5
DA:73,1
DA:74,1
DA:80,4
DA:85,4
DA:87,4
DA:88,1
DA:94,3
DA:95,1
DA:96,1
DA:102,2
DA:105,1
DA:118,1
DA:124,1
DA:137,6
DA:144,6
DA:146,6
DA:147,1
DA:148,5
DA:149,1
DA:150,4
DA:151,1
DA:154,6
DA:155,6
DA:160,2
DA:166,2
DA:181,4
DA:189,4
DA:190,4
DA:195,4
DA:196,4
DA:197,3
DA:202,3
DA:206,1
DA:212,1
DA:227,2
DA:228,2
DA:229,2
DA:230,2
DA:232,2
LF:59
LH:59
BRDA:53,0,0,1
BRDA:53,0,1,5
BRDA:53,1,0,6
BRDA:53,1,1,5
BRDA:72,2,0,1
BRDA:72,2,1,4
BRDA:87,3,0,1
BRDA:87,3,1,3
BRDA:94,4,0,1
BRDA:94,4,1,2
BRDA:146,5,0,1
BRDA:146,5,1,5
BRDA:148,6,0,1
BRDA:148,6,1,4
BRDA:150,7,0,1
BRDA:150,7,1,3
BRDA:199,8,0,3
BRDA:199,8,1,1
BRDA:203,9,0,3
BRDA:203,9,1,1
BRDA:228,10,0,2
BRDA:228,10,1,1
BRDA:229,11,0,2
BRDA:229,11,1,1
BRDA:230,12,0,2
BRDA:230,12,1,1
BRF:26
BRH:26
end_of_record
TN:
SF:commands/imdb.js
FN:17,(anonymous_0)
FN:20,(anonymous_1)
FN:26,(anonymous_2)
FN:29,(anonymous_3)
FN:47,(anonymous_4)
FN:114,(anonymous_5)
FN:124,(anonymous_6)
FN:147,(anonymous_7)
FN:183,(anonymous_8)
FNF:9
FNH:9
FNDA:9,(anonymous_0)
FNDA:9,(anonymous_1)
FNDA:9,(anonymous_2)
FNDA:9,(anonymous_3)
FNDA:6,(anonymous_4)
FNDA:3,(anonymous_5)
FNDA:21,(anonymous_6)
FNDA:10,(anonymous_7)
FNDA:1,(anonymous_8)
DA:1,9
DA:2,9
DA:3,9
DA:4,9
DA:5,9
DA:12,9
DA:18,9
DA:21,9
DA:27,9
DA:30,9
DA:48,6
DA:49,6
DA:50,1
DA:51,1
DA:55,1
DA:58,5
DA:59,5
DA:60,5
DA:61,5
DA:66,5
DA:67,5
DA:68,5
DA:69,5
DA:70,3
DA:71,3
DA:72,2
DA:73,1
DA:74,1
DA:76,5
DA:85,4
DA:86,1
DA:87,1
DA:91,1
DA:93,3
DA:94,3
DA:95,2
DA:96,2
DA:104,2
DA:115,3
DA:116,3
DA:124,21
DA:126,3
DA:132,2
DA:133,2
DA:134,1
DA:136,2
DA:148,10
DA:154,10
DA:156,10
DA:157,3
DA:158,7
DA:159,1
DA:160,6
DA:161,1
DA:162,5
DA:163,1
DA:164,4
DA:165,1
DA:168,10
DA:169,10
DA:174,2
DA:180,2
LF:62
LH:62
BRDA:49,0,0,1
BRDA:49,0,1,5
BRDA:69,1,0,3
BRDA:69,1,1,2
BRDA:72,2,0,1
BRDA:72,2,1,1
BRDA:85,3,0,1
BRDA:85,3,1,3
BRDA:115,4,0,1
BRDA:115,4,1,2
BRDA:118,5,0,3
BRDA:118,5,1,2
BRDA:119,6,0,3
BRDA:119,6,1,2
BRDA:120,7,0,3
BRDA:120,7,1,2
BRDA:121,8,0,3
BRDA:121,8,1,2
BRDA:122,9,0,3
BRDA:122,9,1,2
BRDA:123,10,0,1
BRDA:123,10,1,2
BRDA:129,11,0,3
BRDA:129,11,1,2
BRDA:132,12,0,1
BRDA:132,12,1,1
BRDA:133,13,0,1
BRDA:133,13,1,1
BRDA:133,14,0,2
BRDA:133,14,1,2
BRDA:156,15,0,3
BRDA:156,15,1,7
BRDA:158,16,0,1
BRDA:158,16,1,6
BRDA:160,17,0,1
BRDA:160,17,1,5
BRDA:162,18,0,1
BRDA:162,18,1,4
BRDA:164,19,0,1
BRDA:164,19,1,3
BRF:40
BRH:40
end_of_record
TN:
SF:commands/invite.js
FN:16,(anonymous_0)
FN:20,(anonymous_1)
FN:26,(anonymous_2)
FN:33,(anonymous_3)
FN:37,(anonymous_4)
FN:45,(anonymous_5)
FN:50,(anonymous_6)
FN:54,(anonymous_7)
FN:60,(anonymous_8)
FN:67,(anonymous_9)
FN:75,(anonymous_10)
FN:84,(anonymous_11)
FN:88,(anonymous_12)
FN:110,(anonymous_13)
FN:160,(anonymous_14)
FN:196,(anonymous_15)
FN:303,(anonymous_16)
FN:347,(anonymous_17)
FN:361,(anonymous_18)
FN:419,(anonymous_19)
FN:442,(anonymous_20)
FN:597,(anonymous_21)
FN:626,(anonymous_22)
FN:628,(anonymous_23)
FN:648,(anonymous_24)
FN:731,(anonymous_25)
FN:742,(anonymous_26)
FN:748,(anonymous_27)
FN:770,(anonymous_28)
FN:800,(anonymous_29)
FNF:30
FNH:29
FNDA:30,(anonymous_0)
FNDA:30,(anonymous_1)
FNDA:30,(anonymous_2)
FNDA:30,(anonymous_3)
FNDA:30,(anonymous_4)
FNDA:30,(anonymous_5)
FNDA:30,(anonymous_6)
FNDA:30,(anonymous_7)
FNDA:30,(anonymous_8)
FNDA:30,(anonymous_9)
FNDA:30,(anonymous_10)
FNDA:30,(anonymous_11)
FNDA:30,(anonymous_12)
FNDA:7,(anonymous_13)
FNDA:5,(anonymous_14)
FNDA:2,(anonymous_15)
FNDA:2,(anonymous_16)
FNDA:3,(anonymous_17)
FNDA:600,(anonymous_18)
FNDA:6,(anonymous_19)
FNDA:1,(anonymous_20)
FNDA:7,(anonymous_21)
FNDA:1,(anonymous_22)
FNDA:2,(anonymous_23)
FNDA:2,(anonymous_24)
FNDA:2,(anonymous_25)
FNDA:2,(anonymous_26)
FNDA:1,(anonymous_27)
FNDA:3,(anonymous_28)
FNDA:0,(anonymous_29)
DA:1,30
DA:2,30
DA:3,30
DA:4,30
DA:5,30
DA:12,30
DA:17,30
DA:21,30
DA:27,30
DA:34,30
DA:38,30
DA:46,30
DA:51,30
DA:55,30
DA:61,30
DA:68,30
DA:76,30
DA:85,30
DA:89,30
DA:111,7
DA:112,7
DA:114,7
DA:116,7
DA:122,7
DA:124,1
DA:125,1
DA:127,1
DA:128,1
DA:130,2
DA:131,1
DA:133,1
DA:134,1
DA:136,1
DA:137,1
DA:139,1
DA:145,1
DA:161,5
DA:162,5
DA:166,5
DA:170,5
DA:171,5
DA:172,1
DA:176,5
DA:177,5
DA:178,1
DA:183,1
DA:184,1
DA:188,4
DA:189,4
DA:193,4
DA:194,3
DA:195,3
DA:196,2
DA:197,2
DA:198,1
DA:203,1
DA:204,1
DA:207,1
DA:214,1
DA:221,3
DA:230,3
DA:233,3
DA:236,3
DA:237,3
DA:238,1
DA:246,3
DA:247,1
DA:248,1
DA:255,3
DA:256,3
DA:257,3
DA:262,3
DA:267,3
DA:272,3
DA:273,1
DA:275,3
DA:282,3
DA:284,3
DA:304,2
DA:307,2
DA:308,1
DA:313,1
DA:314,1
DA:318,1
DA:320,1
DA:321,1
DA:328,1
DA:330,1
DA:348,3
DA:350,3
DA:351,1
DA:356,1
DA:357,1
DA:361,600
DA:363,2
DA:371,2
DA:372,2
DA:374,2
DA:375,602
DA:378,602
DA:379,32
DA:380,32
DA:383,602
DA:387,2
DA:388,2
DA:392,2
DA:393,2
DA:395,2
DA:396,1
DA:399,2
DA:401,2
DA:420,6
DA:421,6
DA:422,6
DA:423,6
DA:426,6
DA:427,1
DA:432,1
DA:433,1
DA:437,5
DA:439,5
DA:441,2
DA:442,1
DA:445,2
DA:446,1
DA:451,1
DA:452,1
DA:457,4
DA:458,1
DA:463,1
DA:464,1
DA:467,3
DA:469,3
DA:475,3
DA:478,2
DA:481,2
DA:482,2
DA:485,2
DA:494,2
DA:497,2
DA:500,2
DA:501,2
DA:502,1
DA:510,2
DA:511,1
DA:512,1
DA:519,2
DA:520,2
DA:521,2
DA:527,2
DA:532,2
DA:538,2
DA:539,1
DA:541,2
DA:542,1
DA:543,1
DA:544,1
DA:545,1
DA:547,2
DA:548,1
DA:550,2
DA:557,2
DA:559,2
DA:570,1
DA:576,1
DA:581,1
DA:598,7
DA:601,7
DA:603,7
DA:604,1
DA:609,1
DA:610,1
DA:613,6
DA:614,6
DA:615,6
DA:618,6
DA:619,6
DA:621,6
DA:622,6
DA:624,6
DA:626,3
DA:627,3
DA:628,2
DA:630,2
DA:632,1
DA:633,1
DA:634,1
DA:638,1
DA:639,1
DA:642,1
DA:643,1
DA:647,3
DA:648,3
DA:650,3
DA:651,2
DA:652,1
DA:653,1
DA:657,1
DA:660,1
DA:664,1
DA:668,1
DA:673,6
DA:676,5
DA:677,5
DA:678,5
DA:679,5
DA:680,5
DA:686,5
DA:691,5
DA:698,5
DA:700,5
DA:709,1
DA:716,1
DA:721,1
DA:732,2
DA:734,2
DA:735,2
DA:736,2
DA:737,1
DA:741,1
DA:743,2
DA:744,2
DA:745,2
DA:748,1
DA:753,1
DA:755,1
DA:758,1
DA:771,3
DA:777,3
DA:779,3
DA:780,1
DA:781,2
DA:782,2
DA:785,3
DA:786,3
DA:791,1
DA:797,1
LF:237
LH:237
BRDA:122,0,0,1
BRDA:122,0,1,1
BRDA:122,0,2,2
BRDA:122,0,3,1
BRDA:122,0,4,1
BRDA:122,0,5,1
BRDA:171,1,0,1
BRDA:171,1,1,4
BRDA:177,2,0,1
BRDA:177,2,1,4
BRDA:193,3,0,3
BRDA:193,3,1,1
BRDA:197,4,0,1
BRDA:197,4,1,1
BRDA:224,5,0,1
BRDA:224,5,1,2
BRDA:226,6,0,1
BRDA:226,6,1,2
BRDA:233,7,0,3
BRDA:233,7,1,1
BRDA:237,8,0,1
BRDA:237,8,1,2
BRDA:237,9,0,3
BRDA:237,9,1,1
BRDA:246,10,0,1
BRDA:246,10,1,2
BRDA:246,11,0,3
BRDA:246,11,1,1
BRDA:246,11,2,1
BRDA:262,12,0,1
BRDA:262,12,1,2
BRDA:263,13,0,1
BRDA:263,13,1,0
BRDA:272,14,0,1
BRDA:272,14,1,2
BRDA:272,15,0,3
BRDA:272,15,1,1
BRDA:276,16,0,1
BRDA:276,16,1,2
BRDA:277,17,0,1
BRDA:277,17,1,2
BRDA:307,18,0,1
BRDA:307,18,1,1
BRDA:350,19,0,1
BRDA:350,19,1,2
BRDA:366,20,0,0
BRDA:366,20,1,2
BRDA:378,21,0,32
BRDA:378,21,1,570
BRDA:378,22,0,602
BRDA:378,22,1,32
BRDA:387,23,0,2
BRDA:387,23,1,0
BRDA:395,24,0,1
BRDA:395,24,1,1
BRDA:426,25,0,1
BRDA:426,25,1,5
BRDA:439,26,0,2
BRDA:439,26,1,3
BRDA:442,27,0,1
BRDA:442,27,1,1
BRDA:445,28,0,1
BRDA:445,28,1,1
BRDA:457,29,0,1
BRDA:457,29,1,3
BRDA:470,30,0,3
BRDA:470,30,1,2
BRDA:471,31,0,3
BRDA:471,31,1,2
BRDA:488,32,0,1
BRDA:488,32,1,1
BRDA:490,33,0,1
BRDA:490,33,1,1
BRDA:497,34,0,2
BRDA:497,34,1,1
BRDA:501,35,0,1
BRDA:501,35,1,1
BRDA:501,36,0,2
BRDA:501,36,1,1
BRDA:510,37,0,1
BRDA:510,37,1,1
BRDA:510,38,0,2
BRDA:510,38,1,1
BRDA:510,38,2,1
BRDA:527,39,0,1
BRDA:527,39,1,1
BRDA:528,40,0,1
BRDA:528,40,1,0
BRDA:528,41,0,1
BRDA:528,41,1,1
BRDA:538,42,0,1
BRDA:538,42,1,1
BRDA:538,43,0,2
BRDA:538,43,1,1
BRDA:541,44,0,1
BRDA:541,44,1,1
BRDA:541,45,0,2
BRDA:541,45,1,1
BRDA:544,46,0,1
BRDA:544,46,1,0
BRDA:544,47,0,1
BRDA:544,47,1,0
BRDA:544,48,0,0
BRDA:544,48,1,0
BRDA:547,49,0,1
BRDA:547,49,1,1
BRDA:547,50,0,2
BRDA:547,50,1,1
BRDA:551,51,0,1
BRDA:551,51,1,1
BRDA:552,52,0,1
BRDA:552,52,1,1
BRDA:565,53,0,2
BRDA:565,53,1,1
BRDA:566,54,0,2
BRDA:566,54,1,1
BRDA:603,55,0,1
BRDA:603,55,1,6
BRDA:618,56,0,6
BRDA:618,56,1,0
BRDA:624,57,0,3
BRDA:624,57,1,3
BRDA:627,58,0,2
BRDA:627,58,1,1
BRDA:630,59,0,1
BRDA:630,59,1,1
BRDA:630,60,0,2
BRDA:630,60,1,2
BRDA:630,60,2,2
BRDA:650,61,0,2
BRDA:650,61,1,1
BRDA:676,62,0,5
BRDA:676,62,1,3
BRDA:677,63,0,5
BRDA:677,63,1,0
BRDA:688,64,0,5
BRDA:688,64,1,0
BRDA:689,65,0,5
BRDA:689,65,1,0
BRDA:734,66,0,2
BRDA:734,66,1,0
BRDA:745,67,0,2
BRDA:745,67,1,1
BRDA:749,68,0,1
BRDA:749,68,1,0
BRDA:749,68,2,0
BRDA:750,69,0,1
BRDA:750,69,1,0
BRDA:750,69,2,0
BRDA:779,70,0,1
BRDA:779,70,1,2
BRDA:781,71,0,2
BRDA:781,71,1,0
BRF:153
BRH:135
end_of_record
TN:
SF:commands/joinDate.js
FN:15,(anonymous_0)
FN:26,(anonymous_1)
FN:40,(anonymous_2)
FNF:3
FNH:3
FNDA:8,(anonymous_0)
FNDA:7,(anonymous_1)
FNDA:1,(anonymous_2)
DA:1,8
DA:2,8
DA:3,8
DA:4,8
DA:10,8
DA:16,8
DA:27,7
DA:29,7
DA:31,7
DA:37,7
DA:38,7
DA:39,5
DA:40,2
DA:43,5
DA:44,1
DA:50,4
DA:51,4
DA:53,4
DA:54,1
DA:60,3
DA:61,3
DA:63,3
DA:64,3
DA:68,3
DA:78,3
DA:80,2
DA:85,2
DA:86,2
DA:91,1
LF:29
LH:29
BRDA:29,0,0,7
BRDA:29,0,1,5
BRDA:39,1,0,2
BRDA:39,1,1,3
BRDA:43,2,0,1
BRDA:43,2,1,4
BRDA:53,3,0,1
BRDA:53,3,1,3
BRDA:63,4,0,3
BRDA:63,4,1,1
BRDA:69,5,0,3
BRDA:69,5,1,1
BRF:12
BRH:12
end_of_record
TN:
SF:commands/mock.js
FN:27,(anonymous_0)
FN:86,(anonymous_1)
FN:89,(anonymous_2)
FN:107,(anonymous_3)
FN:142,(anonymous_4)
FNF:5
FNH:5
FNDA:5,(anonymous_0)
FNDA:3,(anonymous_1)
FNDA:56,(anonymous_2)
FNDA:8,(anonymous_3)
FNDA:1,(anonymous_4)
DA:1,14
DA:2,14
DA:3,14
DA:4,14
DA:10,14
DA:28,5
DA:29,5
DA:31,4
DA:32,4
DA:34,4
DA:41,4
DA:42,1
DA:48,3
DA:49,1
DA:55,2
DA:56,2
DA:58,2
DA:64,2
DA:68,2
DA:75,1
DA:87,3
DA:89,3
DA:90,56
DA:91,46
DA:92,46
DA:93,46
DA:95,10
DA:108,8
DA:115,8
DA:117,8
DA:118,2
DA:119,6
DA:120,3
DA:121,3
DA:122,1
DA:123,2
DA:124,1
DA:127,8
DA:128,8
DA:133,2
DA:139,2
LF:41
LH:41
BRDA:41,0,0,1
BRDA:41,0,1,3
BRDA:41,1,0,4
BRDA:41,1,1,4
BRDA:48,2,0,1
BRDA:48,2,1,2
BRDA:59,3,0,2
BRDA:59,3,1,1
BRDA:90,4,0,46
BRDA:90,4,1,10
BRDA:91,5,0,22
BRDA:91,5,1,24
BRDA:117,6,0,2
BRDA:117,6,1,6
BRDA:119,7,0,3
BRDA:119,7,1,3
BRDA:121,8,0,1
BRDA:121,8,1,2
BRDA:123,9,0,1
BRDA:123,9,1,1
BRF:20
BRH:20
end_of_record
TN:
SF:commands/muteMode.js
FN:21,(anonymous_0)
FN:25,(anonymous_1)
FN:31,(anonymous_2)
FN:40,(anonymous_3)
FN:58,(anonymous_4)
FN:88,(anonymous_5)
FN:113,(anonymous_6)
FN:166,(anonymous_7)
FN:194,(anonymous_8)
FN:216,(anonymous_9)
FN:245,(anonymous_10)
FN:276,(anonymous_11)
FN:308,(anonymous_12)
FNF:13
FNH:12
FNDA:18,(anonymous_0)
FNDA:18,(anonymous_1)
FNDA:18,(anonymous_2)
FNDA:18,(anonymous_3)
FNDA:4,(anonymous_4)
FNDA:4,(anonymous_5)
FNDA:5,(anonymous_6)
FNDA:10,(anonymous_7)
FNDA:6,(anonymous_8)
FNDA:3,(anonymous_9)
FNDA:4,(anonymous_10)
FNDA:5,(anonymous_11)
FNDA:0,(anonymous_12)
DA:1,18
DA:2,18
DA:3,18
DA:4,18
DA:17,18
DA:22,18
DA:26,18
DA:32,18
DA:41,18
DA:59,4
DA:61,4
DA:62,4
DA:68,4
DA:70,4
DA:71,2
DA:72,2
DA:73,2
DA:76,2
DA:89,4
DA:90,4
DA:92,3
DA:93,3
DA:95,3
DA:101,1
DA:114,5
DA:115,5
DA:117,5
DA:119,5
DA:121,5
DA:122,1
DA:128,1
DA:131,5
DA:139,5
DA:141,4
DA:147,4
DA:149,4
DA:156,1
DA:167,10
DA:168,10
DA:173,8
DA:178,2
DA:182,2
DA:195,6
DA:196,6
DA:201,2
DA:205,2
DA:217,3
DA:218,3
DA:222,3
DA:227,3
DA:228,2
DA:229,2
DA:232,3
DA:246,4
DA:247,4
DA:248,4
DA:249,1
DA:250,1
DA:251,1
DA:253,3
DA:255,4
DA:260,4
DA:261,4
DA:262,4
DA:265,4
DA:277,5
DA:283,5
DA:285,5
DA:286,1
DA:287,4
DA:288,2
DA:289,2
DA:290,1
DA:293,5
DA:294,5
DA:299,1
DA:305,1
LF:77
LH:77
BRDA:70,0,0,2
BRDA:70,0,1,2
BRDA:72,1,0,2
BRDA:72,1,1,0
BRDA:119,2,0,5
BRDA:119,2,1,0
BRDA:121,3,0,1
BRDA:121,3,1,4
BRDA:121,4,0,5
BRDA:121,4,1,5
BRDA:175,5,0,8
BRDA:175,5,1,0
BRDA:217,6,0,2
BRDA:217,6,1,1
BRDA:220,7,0,2
BRDA:220,7,1,1
BRDA:223,8,0,2
BRDA:223,8,1,1
BRDA:227,9,0,2
BRDA:227,9,1,1
BRDA:228,10,0,1
BRDA:228,10,1,1
BRDA:246,11,0,4
BRDA:246,11,1,0
BRDA:248,12,0,1
BRDA:248,12,1,3
BRDA:249,13,0,0
BRDA:249,13,1,1
BRDA:250,14,0,0
BRDA:250,14,1,1
BRDA:253,15,0,1
BRDA:253,15,1,2
BRDA:256,16,0,4
BRDA:256,16,1,0
BRDA:260,17,0,4
BRDA:260,17,1,0
BRDA:261,18,0,1
BRDA:261,18,1,3
BRDA:285,19,0,1
BRDA:285,19,1,4
BRDA:287,20,0,2
BRDA:287,20,1,2
BRDA:289,21,0,1
BRDA:289,21,1,1
BRF:44
BRH:36
end_of_record
TN:
SF:commands/needafriend.js
FN:21,normalizeThreadTitle
FN:29,isWeeklyAdvertisementThread
FN:41,findWeeklyAdvertisementPost
FN:48,(anonymous_3)
FN:51,(anonymous_4)
FN:52,(anonymous_5)
FN:55,(anonymous_6)
FN:60,(anonymous_7)
FN:72,parseCommentResponse
FN:87,formatRedditCommentError
FN:102,(anonymous_10)
FN:166,(anonymous_11)
FNF:12
FNH:12
FNDA:20,normalizeThreadTitle
FNDA:10,isWeeklyAdvertisementThread
FNDA:12,findWeeklyAdvertisementPost
FNDA:24,(anonymous_3)
FNDA:24,(anonymous_4)
FNDA:20,(anonymous_5)
FNDA:12,(anonymous_6)
FNDA:3,(anonymous_7)
FNDA:6,parseCommentResponse
FNDA:3,formatRedditCommentError
FNDA:18,(anonymous_10)
FNDA:3,(anonymous_11)
DA:1,18
DA:2,18
DA:3,18
DA:4,18
DA:5,18
DA:6,18
DA:8,18
DA:10,18
DA:12,18
DA:22,20
DA:30,10
DA:31,10
DA:32,10
DA:33,2
DA:42,12
DA:47,12
DA:48,24
DA:51,12
DA:52,24
DA:55,12
DA:56,12
DA:57,7
DA:60,5
DA:61,5
DA:62,2
DA:65,3
DA:73,6
DA:74,6
DA:75,4
DA:76,4
DA:77,4
DA:78,3
DA:80,1
DA:88,3
DA:89,3
DA:90,2
DA:91,2
DA:92,1
DA:94,1
DA:97,18
DA:103,18
DA:104,1
DA:112,17
DA:113,17
DA:114,6
DA:115,6
DA:116,6
DA:117,5
DA:118,5
DA:119,5
DA:120,5
DA:121,5
DA:122,5
DA:123,5
DA:124,5
DA:125,5
DA:132,12
DA:134,12
DA:135,12
DA:136,12
DA:137,3
DA:138,3
DA:144,9
DA:150,6
DA:151,6
DA:152,3
DA:153,3
DA:154,3
DA:160,3
DA:161,3
DA:162,3
DA:165,3
DA:166,3
DA:167,2
DA:173,1
DA:178,3
DA:179,3
LF:77
LH:77
BRDA:22,0,0,20
BRDA:22,0,1,1
BRDA:32,1,0,8
BRDA:32,1,1,2
BRDA:52,2,0,24
BRDA:52,2,1,1
BRDA:55,3,0,12
BRDA:55,3,1,7
BRDA:56,4,0,7
BRDA:56,4,1,5
BRDA:61,5,0,2
BRDA:61,5,1,3
BRDA:74,6,0,2
BRDA:74,6,1,4
BRDA:74,7,0,6
BRDA:74,7,1,6
BRDA:77,8,0,3
BRDA:77,8,1,1
BRDA:89,9,0,2
BRDA:89,9,1,1
BRDA:91,10,0,1
BRDA:91,10,1,1
BRDA:91,11,0,2
BRDA:91,11,1,1
BRDA:94,12,0,1
BRDA:94,12,1,1
BRDA:103,13,0,1
BRDA:103,13,1,17
BRDA:113,14,0,6
BRDA:113,14,1,11
BRDA:116,15,0,5
BRDA:116,15,1,1
BRDA:122,16,0,2
BRDA:122,16,1,3
BRDA:122,17,0,1
BRDA:122,17,1,1
BRDA:123,18,0,4
BRDA:123,18,1,1
BRDA:123,19,0,2
BRDA:123,19,1,2
BRDA:124,20,0,4
BRDA:124,20,1,1
BRDA:124,21,0,5
BRDA:124,21,1,1
BRDA:124,22,0,1
BRDA:124,22,1,3
BRDA:136,23,0,3
BRDA:136,23,1,9
BRDA:151,24,0,3
BRDA:151,24,1,3
BRDA:165,25,0,2
BRDA:165,25,1,1
BRDA:166,26,0,1
BRDA:166,26,1,2
BRF:54
BRH:54
end_of_record
TN:
SF:commands/newUser.js
FN:12,formatPermissionName
FN:13,(anonymous_1)
FN:21,(anonymous_2)
FN:32,(anonymous_3)
FN:46,(anonymous_4)
FN:111,(anonymous_5)
FNF:6
FNH:6
FNDA:2,formatPermissionName
FNDA:2,(anonymous_1)
FNDA:5,(anonymous_2)
FNDA:5,(anonymous_3)
FNDA:1,(anonymous_4)
FNDA:2,(anonymous_5)
DA:1,5
DA:2,5
DA:3,5
DA:4,5
DA:5,5
DA:13,2
DA:16,5
DA:22,5
DA:33,5
DA:35,5
DA:37,5
DA:43,5
DA:44,5
DA:45,5
DA:46,4
DA:48,3
DA:49,3
DA:50,3
DA:51,3
DA:52,3
DA:53,2
DA:54,2
DA:57,1
DA:63,3
DA:64,3
DA:65,3
DA:66,3
DA:68,3
DA:69,3
DA:81,3
DA:82,1
DA:83,1
DA:89,3
DA:90,2
DA:91,1
DA:92,1
DA:98,2
DA:99,1
DA:100,1
DA:106,2
DA:109,2
DA:110,1
DA:111,2
DA:112,1
DA:113,1
DA:121,3
DA:130,3
DA:132,3
DA:144,3
DA:145,2
DA:146,2
DA:149,2
DA:150,2
DA:151,2
DA:153,1
DA:155,3
DA:157,2
DA:163,2
DA:164,2
DA:169,1
LF:60
LH:60
BRDA:45,0,0,4
BRDA:45,0,1,1
BRDA:45,1,0,5
BRDA:45,1,1,5
BRDA:53,2,0,2
BRDA:53,2,1,0
BRDA:53,3,0,2
BRDA:53,3,1,1
BRDA:54,4,0,1
BRDA:54,4,1,1
BRDA:63,5,0,3
BRDA:63,5,1,2
BRDA:63,5,2,2
BRDA:65,6,0,1
BRDA:65,6,1,2
BRDA:68,7,0,3
BRDA:68,7,1,2
BRDA:72,8,0,0
BRDA:72,8,1,3
BRDA:81,9,0,1
BRDA:81,9,1,2
BRDA:89,10,0,2
BRDA:89,10,1,1
BRDA:90,11,0,1
BRDA:90,11,1,1
BRDA:90,12,0,2
BRDA:90,12,1,1
BRDA:98,13,0,1
BRDA:98,13,1,1
BRDA:106,14,0,2
BRDA:106,14,1,0
BRDA:109,15,0,1
BRDA:109,15,1,1
BRDA:112,16,0,1
BRDA:112,16,1,0
BRDA:122,17,0,3
BRDA:122,17,1,0
BRDA:138,18,0,3
BRDA:138,18,1,2
BRDA:144,19,0,2
BRDA:144,19,1,1
BRDA:145,20,0,2
BRDA:145,20,1,1
BRDA:146,21,0,1
BRDA:146,21,1,1
BRDA:146,22,0,2
BRDA:146,22,1,1
BRDA:149,23,0,1
BRDA:149,23,1,1
BRDA:151,24,0,1
BRDA:151,24,1,1
BRF:51
BRH:46
end_of_record
TN:
SF:commands/noText.js
FN:16,(anonymous_0)
FN:20,(anonymous_1)
FN:28,(anonymous_2)
FN:32,(anonymous_3)
FN:53,(anonymous_4)
FNF:5
FNH:5
FNDA:9,(anonymous_0)
FNDA:9,(anonymous_1)
FNDA:9,(anonymous_2)
FNDA:9,(anonymous_3)
FNDA:9,(anonymous_4)
DA:1,9
DA:2,9
DA:3,9
DA:4,9
DA:5,9
DA:12,9
DA:17,9
DA:21,9
DA:29,9
DA:33,9
DA:54,9
DA:55,9
DA:57,9
DA:58,9
DA:60,8
DA:61,1
DA:67,7
DA:68,7
DA:69,1
DA:75,6
DA:76,3
DA:77,3
DA:78,1
DA:84,2
DA:85,2
DA:87,1
DA:88,1
DA:94,1
DA:100,1
DA:104,1
DA:111,3
DA:112,3
DA:113,3
DA:114,1
DA:120,2
DA:121,2
DA:123,1
DA:124,1
DA:130,1
DA:136,1
DA:140,1
DA:149,1
DA:150,1
LF:43
LH:43
BRDA:60,0,0,1
BRDA:60,0,1,7
BRDA:68,1,0,1
BRDA:68,1,1,6
BRDA:75,2,0,3
BRDA:75,2,1,3
BRDA:77,3,0,1
BRDA:77,3,1,2
BRDA:95,4,0,1
BRDA:95,4,1,0
BRDA:111,5,0,3
BRDA:111,5,1,0
BRDA:113,6,0,1
BRDA:113,6,1,2
BRDA:131,7,0,1
BRDA:131,7,1,0
BRF:16
BRH:13
end_of_record
TN:
SF:commands/promote.js
FN:53,getPromotionTitle
FN:62,parseSubmissionResponse
FN:94,getRedditErrorMessage
FN:125,postToSubreddit
FN:130,(anonymous_4)
FN:145,(anonymous_5)
FN:181,(anonymous_6)
FN:212,(anonymous_7)
FN:228,(anonymous_8)
FN:280,(anonymous_9)
FN:281,(anonymous_10)
FN:284,(anonymous_11)
FN:285,(anonymous_12)
FN:288,(anonymous_13)
FN:301,(anonymous_14)
FN:316,(anonymous_15)
FN:320,(anonymous_16)
FN:352,(anonymous_17)
FNF:18
FNH:18
FNDA:11,getPromotionTitle
FNDA:12,parseSubmissionResponse
FNDA:11,getRedditErrorMessage
FNDA:24,postToSubreddit
FNDA:6,(anonymous_4)
FNDA:6,(anonymous_5)
FNDA:4,(anonymous_6)
FNDA:13,(anonymous_7)
FNDA:11,(anonymous_8)
FNDA:24,(anonymous_9)
FNDA:24,(anonymous_10)
FNDA:7,(anonymous_11)
FNDA:7,(anonymous_12)
FNDA:2,(anonymous_13)
FNDA:15,(anonymous_14)
FNDA:14,(anonymous_15)
FNDA:10,(anonymous_16)
FNDA:13,(anonymous_17)
DA:1,19
DA:2,19
DA:3,19
DA:4,19
DA:5,19
DA:6,19
DA:8,19
DA:11,19
DA:40,19
DA:43,19
DA:54,11
DA:63,12
DA:64,9
DA:65,9
DA:66,7
DA:67,7
DA:68,7
DA:69,7
DA:70,7
DA:71,7
DA:72,7
DA:73,2
DA:74,2
DA:77,7
DA:78,1
DA:79,1
DA:80,1
DA:81,1
DA:84,7
DA:85,7
DA:95,11
DA:96,11
DA:97,4
DA:98,4
DA:99,4
DA:100,4
DA:101,4
DA:102,3
DA:103,2
DA:104,2
DA:105,1
DA:108,7
DA:109,7
DA:110,6
DA:111,4
DA:112,1
DA:116,19
DA:126,24
DA:127,24
DA:128,24
DA:129,18
DA:130,6
DA:131,6
DA:132,6
DA:139,6
DA:143,6
DA:144,6
DA:145,6
DA:147,6
DA:148,6
DA:149,6
DA:150,6
DA:153,6
DA:154,3
DA:156,3
DA:159,21
DA:166,21
DA:168,21
DA:169,21
DA:170,21
DA:173,21
DA:174,21
DA:175,12
DA:176,12
DA:177,7
DA:178,7
DA:180,5
DA:181,4
DA:182,2
DA:184,3
DA:186,9
DA:195,19
DA:213,13
DA:214,13
DA:215,2
DA:221,11
DA:224,1
DA:229,11
DA:230,11
DA:234,11
DA:235,11
DA:236,1
DA:237,1
DA:239,1
DA:245,1
DA:246,1
DA:247,1
DA:248,1
DA:249,1
DA:256,10
DA:257,9
DA:265,9
DA:266,9
DA:274,8
DA:275,8
DA:276,24
DA:277,24
DA:280,24
DA:281,24
DA:283,8
DA:284,7
DA:285,7
DA:286,3
DA:287,3
DA:288,2
DA:291,3
DA:296,3
DA:298,3
DA:299,3
DA:301,15
DA:302,5
DA:308,1
DA:309,1
DA:317,14
DA:321,10
DA:327,10
DA:329,10
DA:330,2
DA:331,8
DA:332,1
DA:333,7
DA:334,1
DA:335,6
DA:336,1
DA:337,5
DA:338,1
DA:339,4
DA:340,1
DA:341,3
DA:342,2
DA:345,10
DA:346,10
DA:348,1
DA:353,13
DA:354,13
DA:355,12
DA:356,2
DA:361,12
DA:363,1
DA:364,1
LF:150
LH:150
BRDA:63,0,0,3
BRDA:63,0,1,9
BRDA:65,1,0,2
BRDA:65,1,1,7
BRDA:69,2,0,7
BRDA:69,2,1,0
BRDA:70,3,0,7
BRDA:70,3,1,1
BRDA:70,4,0,0
BRDA:70,4,1,1
BRDA:71,5,0,7
BRDA:71,5,1,3
BRDA:72,6,0,2
BRDA:72,6,1,5
BRDA:72,7,0,7
BRDA:72,7,1,3
BRDA:74,8,0,2
BRDA:74,8,1,0
BRDA:77,9,0,1
BRDA:77,9,1,6
BRDA:80,10,0,1
BRDA:80,10,1,0
BRDA:80,11,0,0
BRDA:80,11,1,0
BRDA:81,12,0,1
BRDA:81,12,1,0
BRDA:81,13,0,0
BRDA:81,13,1,0
BRDA:81,14,0,0
BRDA:81,14,1,0
BRDA:84,15,0,0
BRDA:84,15,1,7
BRDA:84,16,0,7
BRDA:84,16,1,7
BRDA:95,17,0,11
BRDA:95,17,1,0
BRDA:96,18,0,4
BRDA:96,18,1,7
BRDA:98,19,0,4
BRDA:98,19,1,0
BRDA:98,20,0,4
BRDA:98,20,1,4
BRDA:101,21,0,1
BRDA:101,21,1,3
BRDA:102,22,0,1
BRDA:102,22,1,2
BRDA:103,23,0,0
BRDA:103,23,1,2
BRDA:104,24,0,1
BRDA:104,24,1,1
BRDA:108,25,0,7
BRDA:108,25,1,1
BRDA:109,26,0,1
BRDA:109,26,1,6
BRDA:110,27,0,2
BRDA:110,27,1,4
BRDA:111,28,0,3
BRDA:111,28,1,1
BRDA:112,29,0,0
BRDA:112,29,1,1
BRDA:125,30,0,0
BRDA:129,31,0,6
BRDA:129,31,1,12
BRDA:129,32,0,18
BRDA:129,32,1,18
BRDA:129,32,2,18
BRDA:131,33,0,6
BRDA:131,33,1,0
BRDA:131,33,2,0
BRDA:136,34,0,6
BRDA:136,34,1,0
BRDA:143,35,0,6
BRDA:143,35,1,0
BRDA:144,36,0,6
BRDA:144,36,1,0
BRDA:145,37,0,6
BRDA:145,37,1,0
BRDA:145,37,2,0
BRDA:148,38,0,6
BRDA:148,38,1,4
BRDA:149,39,0,6
BRDA:149,39,1,0
BRDA:149,39,2,0
BRDA:150,40,0,6
BRDA:150,40,1,0
BRDA:153,41,0,3
BRDA:153,41,1,3
BRDA:153,42,0,6
BRDA:153,42,1,3
BRDA:166,43,0,6
BRDA:166,43,1,15
BRDA:168,44,0,21
BRDA:168,44,1,0
BRDA:169,45,0,21
BRDA:169,45,1,0
BRDA:170,46,0,0
BRDA:170,46,1,21
BRDA:176,47,0,7
BRDA:176,47,1,5
BRDA:180,48,0,2
BRDA:180,48,1,3
BRDA:181,49,0,2
BRDA:181,49,1,2
BRDA:214,50,0,2
BRDA:214,50,1,11
BRDA:235,51,0,1
BRDA:235,51,1,10
BRDA:245,52,0,1
BRDA:245,52,1,0
BRDA:283,53,0,3
BRDA:283,53,1,5
BRDA:287,54,0,1
BRDA:287,54,1,2
BRDA:329,55,0,2
BRDA:329,55,1,8
BRDA:331,56,0,1
BRDA:331,56,1,7
BRDA:333,57,0,1
BRDA:333,57,1,6
BRDA:335,58,0,1
BRDA:335,58,1,5
BRDA:337,59,0,1
BRDA:337,59,1,4
BRDA:339,60,0,1
BRDA:339,60,1,3
BRDA:341,61,0,2
BRDA:341,61,1,1
BRDA:355,62,0,2
BRDA:355,62,1,10
BRF:129
BRH:98
end_of_record
TN:
SF:commands/quote.js
FN:21,(anonymous_0)
FN:74,(anonymous_1)
FN:79,(anonymous_2)
FNF:3
FNH:3
FNDA:8,(anonymous_0)
FNDA:1,(anonymous_1)
FNDA:1,(anonymous_2)
DA:1,9
DA:2,9
DA:3,9
DA:4,9
DA:10,9
DA:22,8
DA:23,8
DA:25,4
DA:26,4
DA:28,4
DA:34,4
DA:35,1
DA:41,3
DA:42,1
DA:48,2
DA:58,2
DA:60,2
DA:65,4
DA:70,4
DA:71,4
DA:76,2
LF:21
LH:21
BRDA:26,0,0,4
BRDA:26,0,1,1
BRDA:34,1,0,1
BRDA:34,1,1,3
BRDA:41,2,0,1
BRDA:41,2,1,2
BRDA:49,3,0,2
BRDA:49,3,1,1
BRF:8
BRH:8
end_of_record
TN:
SF:commands/reminder.js
FN:19,(anonymous_0)
FN:23,(anonymous_1)
FN:30,(anonymous_2)
FN:37,(anonymous_3)
FN:55,(anonymous_4)
FN:89,(anonymous_5)
FN:143,(anonymous_6)
FN:227,(anonymous_7)
FN:244,(anonymous_8)
FN:267,(anonymous_9)
FN:301,(anonymous_10)
FNF:11
FNH:10
FNDA:20,(anonymous_0)
FNDA:20,(anonymous_1)
FNDA:20,(anonymous_2)
FNDA:20,(anonymous_3)
FNDA:3,(anonymous_4)
FNDA:3,(anonymous_5)
FNDA:3,(anonymous_6)
FNDA:9,(anonymous_7)
FNDA:8,(anonymous_8)
FNDA:6,(anonymous_9)
FNDA:0,(anonymous_10)
DA:1,20
DA:2,20
DA:3,20
DA:4,20
DA:5,20
DA:6,20
DA:7,20
DA:8,20
DA:15,20
DA:20,20
DA:24,20
DA:31,20
DA:38,20
DA:56,3
DA:58,3
DA:59,3
DA:65,3
DA:67,3
DA:68,1
DA:69,2
DA:70,2
DA:74,1
DA:90,3
DA:91,3
DA:93,3
DA:94,1
DA:97,2
DA:98,2
DA:103,1
DA:109,1
DA:112,1
DA:119,1
DA:123,1
DA:129,1
DA:144,3
DA:149,3
DA:150,3
DA:155,2
DA:161,2
DA:170,2
DA:171,2
DA:172,1
DA:173,1
DA:176,2
DA:177,2
DA:178,1
DA:179,1
DA:182,2
DA:183,2
DA:184,2
DA:185,2
DA:187,2
DA:194,2
DA:199,2
DA:200,1
DA:203,2
DA:204,2
DA:210,1
DA:216,1
DA:228,9
DA:230,5
DA:231,5
DA:233,1
DA:234,1
DA:245,8
DA:246,4
DA:249,4
DA:250,4
DA:251,4
DA:253,4
DA:254,1
DA:257,3
DA:268,6
DA:274,6
DA:276,6
DA:277,2
DA:278,4
DA:279,1
DA:280,3
DA:281,1
DA:282,2
DA:283,1
DA:286,6
DA:287,6
DA:292,1
DA:298,1
LF:86
LH:86
BRDA:67,0,0,1
BRDA:67,0,1,2
BRDA:69,1,0,2
BRDA:69,1,1,0
BRDA:93,2,0,1
BRDA:93,2,1,2
BRDA:171,3,0,1
BRDA:171,3,1,1
BRDA:173,4,0,1
BRDA:173,4,1,0
BRDA:177,5,0,1
BRDA:177,5,1,1
BRDA:179,6,0,1
BRDA:179,6,1,0
BRDA:185,7,0,2
BRDA:185,7,1,1
BRDA:199,8,0,1
BRDA:199,8,1,1
BRDA:228,9,0,4
BRDA:228,9,1,5
BRDA:245,10,0,4
BRDA:245,10,1,4
BRDA:245,11,0,8
BRDA:245,11,1,4
BRDA:253,12,0,1
BRDA:253,12,1,3
BRDA:276,13,0,2
BRDA:276,13,1,4
BRDA:278,14,0,1
BRDA:278,14,1,3
BRDA:280,15,0,1
BRDA:280,15,1,2
BRDA:282,16,0,1
BRDA:282,16,1,1
BRF:34
BRH:31
end_of_record
TN:
SF:commands/spamMode.js
FN:15,(anonymous_0)
FN:20,(anonymous_1)
FN:24,(anonymous_2)
FN:30,(anonymous_3)
FN:38,(anonymous_4)
FN:46,(anonymous_5)
FN:66,(anonymous_6)
FN:101,(anonymous_7)
FN:125,(anonymous_8)
FN:177,(anonymous_9)
FN:215,(anonymous_10)
FN:257,(anonymous_11)
FN:295,(anonymous_12)
FN:332,(anonymous_13)
FN:366,(anonymous_14)
FNF:15
FNH:14
FNDA:20,(anonymous_0)
FNDA:20,(anonymous_1)
FNDA:20,(anonymous_2)
FNDA:20,(anonymous_3)
FNDA:20,(anonymous_4)
FNDA:20,(anonymous_5)
FNDA:3,(anonymous_6)
FNDA:4,(anonymous_7)
FNDA:4,(anonymous_8)
FNDA:10,(anonymous_9)
FNDA:6,(anonymous_10)
FNDA:3,(anonymous_11)
FNDA:4,(anonymous_12)
FNDA:6,(anonymous_13)
FNDA:0,(anonymous_14)
DA:1,20
DA:2,20
DA:3,20
DA:4,20
DA:11,20
DA:16,20
DA:21,20
DA:25,20
DA:31,20
DA:39,20
DA:47,20
DA:67,3
DA:69,3
DA:70,3
DA:72,3
DA:77,3
DA:79,2
DA:80,1
DA:82,1
DA:83,1
DA:87,1
DA:102,4
DA:103,3
DA:105,3
DA:107,3
DA:126,4
DA:127,4
DA:128,4
DA:129,4
DA:131,4
DA:132,4
DA:133,4
DA:134,3
DA:136,4
DA:137,3
DA:139,4
DA:140,1
DA:143,4
DA:146,4
DA:147,4
DA:148,1
DA:151,4
DA:159,4
DA:161,4
DA:178,10
DA:180,10
DA:189,8
DA:190,8
DA:191,1
DA:194,8
DA:201,2
DA:204,2
DA:216,6
DA:217,6
DA:219,6
DA:220,5
DA:223,6
DA:224,3
DA:227,6
DA:228,3
DA:231,6
DA:232,2
DA:233,1
DA:236,1
DA:240,6
DA:242,1
DA:246,1
DA:258,3
DA:259,3
DA:264,3
DA:265,1
DA:266,1
DA:268,2
DA:271,3
DA:276,3
DA:277,2
DA:278,1
DA:280,1
DA:281,1
DA:285,3
DA:296,4
DA:297,4
DA:302,4
DA:303,2
DA:305,2
DA:308,4
DA:313,4
DA:314,3
DA:315,1
DA:317,2
DA:318,2
DA:322,4
DA:333,6
DA:339,6
DA:341,6
DA:342,2
DA:343,4
DA:344,1
DA:345,3
DA:346,1
DA:347,2
DA:348,1
DA:351,6
DA:352,6
DA:357,1
DA:363,1
LF:106
LH:106
BRDA:77,0,0,2
BRDA:77,0,1,1
BRDA:133,1,0,3
BRDA:133,1,1,1
BRDA:136,2,0,3
BRDA:136,2,1,1
BRDA:139,3,0,1
BRDA:139,3,1,3
BRDA:147,4,0,1
BRDA:147,4,1,3
BRDA:147,5,0,4
BRDA:147,5,1,3
BRDA:153,6,0,4
BRDA:153,6,1,1
BRDA:154,7,0,4
BRDA:154,7,1,1
BRDA:165,8,0,4
BRDA:165,8,1,1
BRDA:166,9,0,4
BRDA:166,9,1,1
BRDA:167,10,0,4
BRDA:167,10,1,3
BRDA:190,11,0,1
BRDA:190,11,1,7
BRDA:191,12,0,1
BRDA:191,12,1,0
BRDA:196,13,0,7
BRDA:196,13,1,1
BRDA:197,14,0,7
BRDA:197,14,1,1
BRDA:198,15,0,8
BRDA:198,15,1,6
BRDA:219,16,0,5
BRDA:219,16,1,1
BRDA:223,17,0,3
BRDA:223,17,1,3
BRDA:227,18,0,3
BRDA:227,18,1,3
BRDA:231,19,0,2
BRDA:231,19,1,4
BRDA:232,20,0,1
BRDA:232,20,1,1
BRDA:258,21,0,2
BRDA:258,21,1,1
BRDA:262,22,0,1
BRDA:262,22,1,2
BRDA:264,23,0,1
BRDA:264,23,1,2
BRDA:266,24,0,1
BRDA:266,24,1,0
BRDA:272,25,0,2
BRDA:272,25,1,1
BRDA:276,26,0,2
BRDA:276,26,1,1
BRDA:277,27,0,1
BRDA:277,27,1,1
BRDA:280,28,0,0
BRDA:280,28,1,1
BRDA:296,29,0,3
BRDA:296,29,1,1
BRDA:300,30,0,1
BRDA:300,30,1,3
BRDA:302,31,0,2
BRDA:302,31,1,2
BRDA:309,32,0,3
BRDA:309,32,1,1
BRDA:310,33,0,3
BRDA:310,33,1,1
BRDA:313,34,0,3
BRDA:313,34,1,1
BRDA:314,35,0,1
BRDA:314,35,1,2
BRDA:317,36,0,1
BRDA:317,36,1,1
BRDA:341,37,0,2
BRDA:341,37,1,4
BRDA:343,38,0,1
BRDA:343,38,1,3
BRDA:345,39,0,1
BRDA:345,39,1,2
BRDA:347,40,0,1
BRDA:347,40,1,1
BRF:82
BRH:79
end_of_record
TN:
SF:commands/takeRole.js
FN:14,(anonymous_0)
FN:18,(anonymous_1)
FN:22,(anonymous_2)
FN:38,(anonymous_3)
FN:72,(anonymous_4)
FN:109,(anonymous_5)
FN:164,(anonymous_6)
FNF:7
FNH:7
FNDA:1,(anonymous_0)
FNDA:1,(anonymous_1)
FNDA:1,(anonymous_2)
FNDA:7,(anonymous_3)
FNDA:6,(anonymous_4)
FNDA:6,(anonymous_5)
FNDA:7,(anonymous_6)
DA:1,1
DA:2,1
DA:3,1
DA:10,1
DA:15,1
DA:19,1
DA:23,1
DA:39,7
DA:40,7
DA:41,7
DA:42,7
DA:43,7
DA:45,7
DA:54,7
DA:55,7
DA:56,1
DA:59,6
DA:61,5
DA:73,6
DA:80,6
DA:82,6
DA:83,1
DA:84,5
DA:85,1
DA:86,4
DA:87,1
DA:88,3
DA:89,2
DA:92,6
DA:93,6
DA:95,1
DA:110,6
DA:111,1
DA:114,5
DA:115,1
DA:118,4
DA:119,4
DA:120,1
DA:124,1
DA:127,3
DA:129,2
DA:133,2
DA:134,1
DA:136,2
DA:142,2
DA:146,2
DA:165,7
DA:166,7
DA:168,1
DA:172,1
LF:50
LH:50
BRDA:51,0,0,7
BRDA:51,0,1,6
BRDA:55,1,0,1
BRDA:55,1,1,6
BRDA:82,2,0,1
BRDA:82,2,1,5
BRDA:84,3,0,1
BRDA:84,3,1,4
BRDA:86,4,0,1
BRDA:86,4,1,3
BRDA:88,5,0,2
BRDA:88,5,1,1
BRDA:110,6,0,1
BRDA:110,6,1,5
BRDA:114,7,0,1
BRDA:114,7,1,4
BRDA:119,8,0,1
BRDA:119,8,1,3
BRDA:133,9,0,1
BRDA:133,9,1,1
BRDA:153,10,0,2
BRDA:153,10,1,1
BRF:22
BRH:22
end_of_record
TN:
SF:commands/timeDifference.js
FN:17,(anonymous_0)
FN:23,(anonymous_1)
FN:41,(anonymous_2)
FN:89,(anonymous_3)
FN:107,(anonymous_4)
FN:189,(anonymous_5)
FN:205,(anonymous_6)
FN:223,(anonymous_7)
FN:259,(anonymous_8)
FNF:9
FNH:9
FNDA:20,(anonymous_0)
FNDA:20,(anonymous_1)
FNDA:12,(anonymous_2)
FNDA:12,(anonymous_3)
FNDA:11,(anonymous_4)
FNDA:16,(anonymous_5)
FNDA:8,(anonymous_6)
FNDA:9,(anonymous_7)
FNDA:1,(anonymous_8)
DA:1,20
DA:2,20
DA:3,20
DA:4,20
DA:5,20
DA:12,20
DA:18,20
DA:24,20
DA:42,12
DA:43,12
DA:44,1
DA:50,11
DA:52,11
DA:53,11
DA:55,11
DA:60,11
DA:62,10
DA:63,2
DA:69,8
DA:70,8
DA:80,1
DA:90,12
DA:91,1
DA:94,1
DA:96,11
DA:108,11
DA:109,11
DA:114,10
DA:115,1
DA:120,1
DA:126,9
DA:127,1
DA:132,1
DA:138,8
DA:139,8
DA:141,8
DA:142,8
DA:144,8
DA:147,8
DA:149,8
DA:153,8
DA:158,8
DA:159,1
DA:161,7
DA:164,8
DA:174,1
DA:179,1
DA:190,16
DA:191,16
DA:192,16
DA:193,16
DA:195,16
DA:196,16
DA:206,8
DA:207,8
DA:209,8
DA:210,5
DA:212,3
DA:224,9
DA:230,9
DA:232,9
DA:233,3
DA:234,6
DA:235,1
DA:236,5
DA:237,1
DA:238,4
DA:239,1
DA:240,3
DA:241,1
DA:244,9
DA:245,9
DA:250,2
DA:256,2
LF:74
LH:74
BRDA:43,0,0,1
BRDA:43,0,1,11
BRDA:62,1,0,2
BRDA:62,1,1,8
BRDA:90,2,0,1
BRDA:90,2,1,11
BRDA:114,3,0,1
BRDA:114,3,1,9
BRDA:126,4,0,1
BRDA:126,4,1,8
BRDA:138,5,0,8
BRDA:138,5,1,1
BRDA:139,6,0,8
BRDA:139,6,1,1
BRDA:144,7,0,4
BRDA:144,7,1,4
BRDA:145,8,0,3
BRDA:145,8,1,1
BRDA:158,9,0,1
BRDA:158,9,1,7
BRDA:190,10,0,14
BRDA:190,10,1,2
BRDA:195,11,0,3
BRDA:195,11,1,13
BRDA:209,12,0,5
BRDA:209,12,1,3
BRDA:210,13,0,3
BRDA:210,13,1,2
BRDA:212,14,0,2
BRDA:212,14,1,1
BRDA:212,15,0,2
BRDA:212,15,1,1
BRDA:232,16,0,3
BRDA:232,16,1,6
BRDA:234,17,0,1
BRDA:234,17,1,5
BRDA:236,18,0,1
BRDA:236,18,1,4
BRDA:238,19,0,1
BRDA:238,19,1,3
BRDA:240,20,0,1
BRDA:240,20,1,2
BRF:42
BRH:42
end_of_record
TN:
SF:commands/trollMode.js
FN:15,(anonymous_0)
FN:20,(anonymous_1)
FN:24,(anonymous_2)
FN:30,(anonymous_3)
FN:52,(anonymous_4)
FN:86,(anonymous_5)
FN:110,(anonymous_6)
FN:140,(anonymous_7)
FN:166,(anonymous_8)
FN:195,(anonymous_9)
FN:222,(anonymous_10)
FN:248,(anonymous_11)
FN:282,(anonymous_12)
FNF:13
FNH:12
FNDA:17,(anonymous_0)
FNDA:17,(anonymous_1)
FNDA:17,(anonymous_2)
FNDA:17,(anonymous_3)
FNDA:4,(anonymous_4)
FNDA:5,(anonymous_5)
FNDA:3,(anonymous_6)
FNDA:11,(anonymous_7)
FNDA:5,(anonymous_8)
FNDA:4,(anonymous_9)
FNDA:3,(anonymous_10)
FNDA:5,(anonymous_11)
FNDA:0,(anonymous_12)
DA:1,17
DA:2,17
DA:3,17
DA:4,17
DA:11,17
DA:16,17
DA:21,17
DA:25,17
DA:31,17
DA:53,4
DA:54,4
DA:55,4
DA:57,4
DA:62,4
DA:64,3
DA:65,2
DA:67,1
DA:68,1
DA:72,1
DA:87,5
DA:88,4
DA:90,4
DA:92,4
DA:111,3
DA:112,3
DA:114,3
DA:115,3
DA:116,3
DA:117,2
DA:120,3
DA:121,3
DA:122,3
DA:124,3
DA:126,3
DA:141,11
DA:142,11
DA:147,9
DA:152,2
DA:155,2
DA:167,5
DA:168,5
DA:170,5
DA:171,5
DA:174,5
DA:175,3
DA:178,5
DA:180,1
DA:184,1
DA:196,4
DA:197,4
DA:201,4
DA:206,4
DA:207,3
DA:208,3
DA:211,4
DA:223,3
DA:224,3
DA:228,3
DA:233,3
DA:234,2
DA:235,2
DA:238,3
DA:249,5
DA:255,5
DA:257,5
DA:258,1
DA:259,4
DA:260,1
DA:261,3
DA:262,2
DA:263,1
DA:264,1
DA:267,5
DA:268,5
DA:273,1
DA:279,1
LF:76
LH:76
BRDA:62,0,0,3
BRDA:62,0,1,1
BRDA:116,1,0,2
BRDA:116,1,1,1
BRDA:121,2,0,2
BRDA:121,2,1,1
BRDA:149,3,0,8
BRDA:149,3,1,1
BRDA:170,4,0,5
BRDA:170,4,1,0
BRDA:174,5,0,3
BRDA:174,5,1,2
BRDA:196,6,0,3
BRDA:196,6,1,1
BRDA:199,7,0,1
BRDA:199,7,1,3
BRDA:202,8,0,3
BRDA:202,8,1,1
BRDA:206,9,0,3
BRDA:206,9,1,1
BRDA:207,10,0,0
BRDA:207,10,1,3
BRDA:223,11,0,2
BRDA:223,11,1,1
BRDA:226,12,0,0
BRDA:226,12,1,3
BRDA:229,13,0,2
BRDA:229,13,1,1
BRDA:230,14,0,2
BRDA:230,14,1,1
BRDA:233,15,0,2
BRDA:233,15,1,1
BRDA:234,16,0,0
BRDA:234,16,1,2
BRDA:257,17,0,1
BRDA:257,17,1,4
BRDA:259,18,0,1
BRDA:259,18,1,3
BRDA:261,19,0,2
BRDA:261,19,1,1
BRDA:263,20,0,1
BRDA:263,20,1,0
BRF:42
BRH:37
end_of_record
TN:
SF:commands/urban.js
FN:16,(anonymous_0)
FN:32,(anonymous_1)
FN:87,(anonymous_2)
FN:123,(anonymous_3)
FNF:4
FNH:4
FNDA:7,(anonymous_0)
FNDA:4,(anonymous_1)
FNDA:9,(anonymous_2)
FNDA:1,(anonymous_3)
DA:1,7
DA:2,7
DA:3,7
DA:4,7
DA:11,7
DA:17,7
DA:33,4
DA:34,4
DA:36,4
DA:38,4
DA:43,4
DA:46,3
DA:48,3
DA:49,1
DA:53,1
DA:56,2
DA:57,2
DA:63,2
DA:69,2
DA:71,2
DA:76,1
DA:88,9
DA:94,9
DA:96,9
DA:97,3
DA:98,6
DA:99,1
DA:100,5
DA:101,1
DA:102,4
DA:103,1
DA:104,3
DA:105,1
DA:108,9
DA:109,9
DA:114,2
DA:120,2
LF:37
LH:37
BRDA:48,0,0,1
BRDA:48,0,1,2
BRDA:48,1,0,3
BRDA:48,1,1,3
BRDA:58,2,0,2
BRDA:58,2,1,1
BRDA:59,3,0,2
BRDA:59,3,1,1
BRDA:96,4,0,3
BRDA:96,4,1,6
BRDA:98,5,0,1
BRDA:98,5,1,5
BRDA:100,6,0,1
BRDA:100,6,1,4
BRDA:102,7,0,1
BRDA:102,7,1,3
BRDA:104,8,0,1
BRDA:104,8,1,2
BRF:18
BRH:18
end_of_record
TN:
SF:commands/viewJoinDate.js
FN:21,(anonymous_0)
FN:35,(anonymous_1)
FNF:2
FNH:2
FNDA:7,(anonymous_0)
FNDA:1,(anonymous_1)
DA:1,1
DA:2,1
DA:3,1
DA:4,1
DA:10,1
DA:22,7
DA:24,7
DA:26,7
DA:32,7
DA:33,7
DA:34,5
DA:35,2
DA:38,5
DA:39,1
DA:45,4
DA:46,4
DA:48,4
DA:49,1
DA:55,3
DA:56,3
DA:58,3
DA:59,3
DA:63,3
DA:73,3
DA:75,2
DA:80,2
DA:81,2
DA:86,1
LF:28
LH:28
BRDA:34,0,0,2
BRDA:34,0,1,3
BRDA:34,1,0,5
BRDA:34,1,1,5
BRDA:38,2,0,1
BRDA:38,2,1,4
BRDA:48,3,0,1
BRDA:48,3,1,3
BRDA:58,4,0,3
BRDA:58,4,1,1
BRDA:64,5,0,3
BRDA:64,5,1,1
BRF:12
BRH:12
end_of_record
TN:
SF:commands/viewUserInfo.js
FN:12,formatPermissionName
FN:13,(anonymous_1)
FN:31,(anonymous_2)
FN:45,(anonymous_3)
FN:110,(anonymous_4)
FNF:5
FNH:5
FNDA:2,formatPermissionName
FNDA:2,(anonymous_1)
FNDA:10,(anonymous_2)
FNDA:1,(anonymous_3)
FNDA:4,(anonymous_4)
DA:1,1
DA:2,1
DA:3,1
DA:4,1
DA:5,1
DA:13,2
DA:20,1
DA:32,10
DA:34,10
DA:36,10
DA:42,10
DA:43,10
DA:44,8
DA:45,6
DA:47,8
DA:48,8
DA:49,8
DA:50,8
DA:51,8
DA:52,7
DA:53,6
DA:56,1
DA:62,8
DA:63,8
DA:64,8
DA:65,8
DA:67,8
DA:68,8
DA:80,8
DA:81,3
DA:82,3
DA:88,8
DA:89,3
DA:90,1
DA:91,1
DA:97,3
DA:98,1
DA:99,1
DA:105,3
DA:108,3
DA:109,2
DA:110,4
DA:111,2
DA:112,1
DA:120,8
DA:129,8
DA:131,8
DA:136,2
DA:142,2
DA:143,2
DA:148,1
LF:51
LH:51
BRDA:44,0,0,6
BRDA:44,0,1,2
BRDA:44,1,0,8
BRDA:44,1,1,8
BRDA:52,2,0,6
BRDA:52,2,1,1
BRDA:52,3,0,7
BRDA:52,3,1,5
BRDA:53,4,0,2
BRDA:53,4,1,4
BRDA:62,5,0,8
BRDA:62,5,1,5
BRDA:62,5,2,4
BRDA:64,6,0,1
BRDA:64,6,1,7
BRDA:67,7,0,8
BRDA:67,7,1,7
BRDA:71,8,0,1
BRDA:71,8,1,7
BRDA:80,9,0,3
BRDA:80,9,1,5
BRDA:88,10,0,3
BRDA:88,10,1,5
BRDA:89,11,0,1
BRDA:89,11,1,2
BRDA:89,12,0,3
BRDA:89,12,1,1
BRDA:97,13,0,1
BRDA:97,13,1,2
BRDA:105,14,0,2
BRDA:105,14,1,1
BRDA:108,15,0,2
BRDA:108,15,1,1
BRDA:111,16,0,1
BRDA:111,16,1,1
BRDA:121,17,0,8
BRDA:121,17,1,1
BRF:37
BRH:37
end_of_record
TN:
SF:commands/weather.js
FN:41,(anonymous_0)
FN:47,(anonymous_1)
FN:53,(anonymous_2)
FN:63,(anonymous_3)
FN:84,(anonymous_4)
FN:190,(anonymous_5)
FN:235,(anonymous_6)
FN:330,(anonymous_7)
FN:382,(anonymous_8)
FN:397,(anonymous_9)
FN:431,(anonymous_10)
FNF:11
FNH:11
FNDA:21,(anonymous_0)
FNDA:21,(anonymous_1)
FNDA:21,(anonymous_2)
FNDA:21,(anonymous_3)
FNDA:6,(anonymous_4)
FNDA:3,(anonymous_5)
FNDA:9,(anonymous_6)
FNDA:9,(anonymous_7)
FNDA:18,(anonymous_8)
FNDA:8,(anonymous_9)
FNDA:1,(anonymous_10)
DA:1,21
DA:2,21
DA:3,21
DA:4,21
DA:5,21
DA:6,21
DA:7,21
DA:9,21
DA:10,21
DA:12,21
DA:13,21
DA:15,21
DA:36,21
DA:42,21
DA:48,21
DA:54,21
DA:64,21
DA:85,6
DA:86,6
DA:88,6
DA:93,6
DA:94,1
DA:95,1
DA:99,1
DA:102,5
DA:103,5
DA:104,4
DA:105,4
DA:106,4
DA:108,4
DA:110,4
DA:117,4
DA:119,4
DA:120,1
DA:126,1
DA:130,1
DA:133,3
DA:134,3
DA:136,3
DA:142,3
DA:144,3
DA:145,1
DA:151,1
DA:155,1
DA:158,2
DA:168,2
DA:170,2
DA:178,1
DA:191,3
DA:192,3
DA:193,3
DA:197,3
DA:199,3
DA:201,3
DA:203,2
DA:204,1
DA:205,1
DA:207,1
DA:211,1
DA:214,1
DA:219,1
DA:236,9
DA:237,9
DA:239,9
DA:240,9
DA:242,9
DA:258,9
DA:260,9
DA:261,9
DA:262,9
DA:263,9
DA:264,9
DA:266,9
DA:267,1
DA:270,9
DA:273,9
DA:274,9
DA:276,1
DA:281,1
DA:284,9
DA:287,9
DA:289,3
DA:292,6
DA:295,9
DA:311,9
DA:318,9
DA:331,9
DA:332,9
DA:333,9
DA:335,9
DA:337,9
DA:338,5
DA:340,5
DA:341,3
DA:342,2
DA:344,1
DA:347,2
DA:350,5
DA:352,5
DA:353,5
DA:355,5
DA:359,5
DA:363,5
DA:367,5
DA:368,5
DA:369,5
DA:370,5
DA:373,9
DA:383,18
DA:385,16
DA:386,16
DA:387,16
DA:398,8
DA:404,8
DA:406,8
DA:407,3
DA:408,5
DA:409,1
DA:410,4
DA:411,1
DA:412,3
DA:413,1
DA:416,8
DA:417,8
DA:422,2
DA:428,2
LF:126
LH:126
BRDA:93,0,0,1
BRDA:93,0,1,5
BRDA:105,1,0,4
BRDA:105,1,1,2
BRDA:106,2,0,4
BRDA:106,2,1,3
BRDA:108,3,0,1
BRDA:108,3,1,3
BRDA:111,4,0,1
BRDA:111,4,1,3
BRDA:119,5,0,1
BRDA:119,5,1,3
BRDA:144,6,0,1
BRDA:144,6,1,2
BRDA:171,7,0,1
BRDA:171,7,1,1
BRDA:203,8,0,1
BRDA:203,8,1,1
BRDA:235,9,0,1
BRDA:236,10,0,9
BRDA:236,10,1,1
BRDA:237,11,0,9
BRDA:237,11,1,1
BRDA:239,12,0,9
BRDA:239,12,1,7
BRDA:240,13,0,9
BRDA:240,13,1,7
BRDA:243,14,0,9
BRDA:243,14,1,7
BRDA:245,15,0,9
BRDA:245,15,1,7
BRDA:246,16,0,9
BRDA:246,16,1,5
BRDA:247,17,0,9
BRDA:247,17,1,5
BRDA:248,18,0,9
BRDA:248,18,1,5
BRDA:249,19,0,9
BRDA:249,19,1,7
BRDA:250,20,0,9
BRDA:250,20,1,7
BRDA:251,21,0,9
BRDA:251,21,1,7
BRDA:252,22,0,2
BRDA:252,22,1,7
BRDA:253,23,0,9
BRDA:253,23,1,7
BRDA:254,24,0,9
BRDA:254,24,1,7
BRDA:255,25,0,9
BRDA:255,25,1,7
BRDA:260,26,0,8
BRDA:260,26,1,1
BRDA:261,27,0,8
BRDA:261,27,1,1
BRDA:262,28,0,8
BRDA:262,28,1,1
BRDA:263,29,0,8
BRDA:263,29,1,1
BRDA:264,30,0,8
BRDA:264,30,1,1
BRDA:266,31,0,1
BRDA:266,31,1,8
BRDA:266,32,0,9
BRDA:266,32,1,1
BRDA:287,33,0,3
BRDA:287,33,1,6
BRDA:287,34,0,9
BRDA:287,34,1,7
BRDA:296,35,0,5
BRDA:296,35,1,4
BRDA:298,36,0,9
BRDA:298,36,1,5
BRDA:304,37,0,2
BRDA:304,37,1,7
BRDA:312,38,0,5
BRDA:312,38,1,4
BRDA:333,39,0,8
BRDA:333,39,1,1
BRDA:338,40,0,5
BRDA:338,40,1,1
BRDA:340,41,0,3
BRDA:340,41,1,2
BRDA:341,42,0,2
BRDA:341,42,1,1
BRDA:350,43,0,5
BRDA:350,43,1,2
BRDA:352,44,0,5
BRDA:352,44,1,3
BRDA:353,45,0,5
BRDA:353,45,1,3
BRDA:355,46,0,2
BRDA:355,46,1,3
BRDA:359,47,0,2
BRDA:359,47,1,3
BRDA:363,48,0,2
BRDA:363,48,1,3
BRDA:367,49,0,2
BRDA:367,49,1,3
BRDA:373,50,0,9
BRDA:373,50,1,4
BRDA:383,51,0,2
BRDA:383,51,1,16
BRDA:383,52,0,18
BRDA:383,52,1,17
BRDA:406,53,0,3
BRDA:406,53,1,5
BRDA:408,54,0,1
BRDA:408,54,1,4
BRDA:410,55,0,1
BRDA:410,55,1,3
BRDA:412,56,0,1
BRDA:412,56,1,2
BRF:113
BRH:113
end_of_record
TN:
SF:commands/wikipedia.js
FN:17,(anonymous_0)
FN:33,(anonymous_1)
FN:112,(anonymous_2)
FN:156,(anonymous_3)
FNF:4
FNH:4
FNDA:7,(anonymous_0)
FNDA:4,(anonymous_1)
FNDA:13,(anonymous_2)
FNDA:1,(anonymous_3)
DA:1,7
DA:2,7
DA:3,7
DA:4,7
DA:12,7
DA:18,7
DA:34,4
DA:35,4
DA:37,4
DA:39,4
DA:45,4
DA:58,3
DA:60,3
DA:61,1
DA:65,1
DA:68,2
DA:69,2
DA:85,2
DA:86,2
DA:87,2
DA:89,2
DA:90,1
DA:93,2
DA:100,2
DA:102,2
DA:108,1
DA:113,13
DA:119,13
DA:121,13
DA:122,3
DA:123,10
DA:124,1
DA:125,9
DA:126,1
DA:127,8
DA:128,1
DA:129,7
DA:130,1
DA:131,6
DA:132,1
DA:133,5
DA:134,1
DA:135,4
DA:136,1
DA:137,3
DA:138,1
DA:141,13
DA:142,13
DA:147,2
DA:153,2
LF:50
LH:50
BRDA:60,0,0,1
BRDA:60,0,1,2
BRDA:60,1,0,3
BRDA:60,1,1,3
BRDA:89,2,0,1
BRDA:89,2,1,1
BRDA:121,3,0,3
BRDA:121,3,1,10
BRDA:123,4,0,1
BRDA:123,4,1,9
BRDA:125,5,0,1
BRDA:125,5,1,8
BRDA:127,6,0,1
BRDA:127,6,1,7
BRDA:129,7,0,1
BRDA:129,7,1,6
BRDA:131,8,0,1
BRDA:131,8,1,5
BRDA:133,9,0,1
BRDA:133,9,1,4
BRDA:135,10,0,1
BRDA:135,10,1,3
BRDA:137,11,0,1
BRDA:137,11,1,2
BRF:24
BRH:24
end_of_record
TN:
SF:commands/youtube.js
FN:19,(anonymous_0)
FN:23,(anonymous_1)
FN:43,(anonymous_2)
FN:71,(anonymous_3)
FN:107,(anonymous_4)
FN:151,(anonymous_5)
FN:165,(anonymous_6)
FN:214,(anonymous_7)
FN:218,(anonymous_8)
FN:235,(anonymous_9)
FN:237,(anonymous_10)
FN:262,(anonymous_11)
FN:266,(anonymous_12)
FN:283,(anonymous_13)
FN:285,(anonymous_14)
FN:309,(anonymous_15)
FN:313,(anonymous_16)
FN:330,(anonymous_17)
FN:332,(anonymous_18)
FN:359,(anonymous_19)
FN:387,(anonymous_20)
FN:428,(anonymous_21)
FN:462,(anonymous_22)
FN:493,(anonymous_23)
FNF:24
FNH:24
FNDA:28,(anonymous_0)
FNDA:28,(anonymous_1)
FNDA:6,(anonymous_2)
FNDA:3,(anonymous_3)
FNDA:13,(anonymous_4)
FNDA:1,(anonymous_5)
FNDA:15,(anonymous_6)
FNDA:6,(anonymous_7)
FNDA:4,(anonymous_8)
FNDA:2,(anonymous_9)
FNDA:1,(anonymous_10)
FNDA:6,(anonymous_11)
FNDA:4,(anonymous_12)
FNDA:2,(anonymous_13)
FNDA:2,(anonymous_14)
FNDA:6,(anonymous_15)
FNDA:4,(anonymous_16)
FNDA:2,(anonymous_17)
FNDA:2,(anonymous_18)
FNDA:7,(anonymous_19)
FNDA:3,(anonymous_20)
FNDA:5,(anonymous_21)
FNDA:4,(anonymous_22)
FNDA:6,(anonymous_23)
DA:1,28
DA:2,28
DA:3,28
DA:4,28
DA:5,28
DA:6,28
DA:7,28
DA:14,28
DA:20,28
DA:24,28
DA:44,6
DA:45,6
DA:46,1
DA:52,5
DA:53,5
DA:58,5
DA:59,5
DA:61,5
DA:63,4
DA:64,1
DA:65,1
DA:71,3
DA:73,3
DA:88,3
DA:96,1
DA:108,13
DA:114,13
DA:116,13
DA:117,3
DA:118,10
DA:119,1
DA:120,9
DA:121,1
DA:122,8
DA:123,1
DA:124,7
DA:125,1
DA:126,6
DA:127,1
DA:128,5
DA:129,1
DA:130,4
DA:131,1
DA:132,3
DA:133,1
DA:136,13
DA:137,13
DA:142,2
DA:148,2
DA:166,15
DA:167,15
DA:177,15
DA:182,14
DA:183,1
DA:184,1
DA:187,13
DA:189,13
DA:190,4
DA:191,9
DA:192,4
DA:193,5
DA:194,4
DA:197,13
DA:199,1
DA:204,1
DA:215,6
DA:217,4
DA:218,4
DA:220,4
DA:229,3
DA:230,1
DA:233,2
DA:235,2
DA:236,2
DA:237,1
DA:240,2
DA:242,1
DA:249,1
DA:252,1
DA:263,6
DA:265,4
DA:266,4
DA:268,4
DA:277,3
DA:278,1
DA:281,2
DA:283,2
DA:284,2
DA:285,2
DA:288,2
DA:290,1
DA:296,1
DA:299,1
DA:310,6
DA:312,4
DA:313,4
DA:315,4
DA:324,3
DA:325,1
DA:328,2
DA:330,2
DA:331,2
DA:332,2
DA:335,2
DA:337,1
DA:343,1
DA:346,1
DA:360,7
DA:366,7
DA:368,2
DA:370,2
DA:372,2
DA:374,1
DA:388,3
DA:389,3
DA:390,3
DA:391,3
DA:392,3
DA:394,3
DA:396,3
DA:398,3
DA:400,3
DA:401,3
DA:402,1
DA:405,3
DA:408,3
DA:429,5
DA:430,5
DA:431,5
DA:432,5
DA:433,5
DA:435,5
DA:437,5
DA:439,5
DA:441,5
DA:442,5
DA:443,1
DA:446,5
DA:463,4
DA:464,4
DA:465,4
DA:466,4
DA:467,4
DA:469,4
DA:472,4
DA:473,4
DA:474,1
DA:477,4
DA:494,6
LF:149
LH:149
BRDA:45,0,0,1
BRDA:45,0,1,5
BRDA:59,1,0,5
BRDA:59,1,1,1
BRDA:63,2,0,1
BRDA:63,2,1,3
BRDA:63,3,0,4
BRDA:63,3,1,4
BRDA:116,4,0,3
BRDA:116,4,1,10
BRDA:118,5,0,1
BRDA:118,5,1,9
BRDA:120,6,0,1
BRDA:120,6,1,8
BRDA:122,7,0,1
BRDA:122,7,1,7
BRDA:124,8,0,1
BRDA:124,8,1,6
BRDA:126,9,0,1
BRDA:126,9,1,5
BRDA:128,10,0,1
BRDA:128,10,1,4
BRDA:130,11,0,1
BRDA:130,11,1,3
BRDA:132,12,0,1
BRDA:132,12,1,2
BRDA:182,13,0,1
BRDA:182,13,1,13
BRDA:182,14,0,14
BRDA:182,14,1,14
BRDA:182,14,2,14
BRDA:189,15,0,4
BRDA:189,15,1,9
BRDA:191,16,0,4
BRDA:191,16,1,5
BRDA:193,17,0,4
BRDA:193,17,1,1
BRDA:215,18,0,2
BRDA:215,18,1,4
BRDA:215,19,0,6
BRDA:215,19,1,5
BRDA:229,20,0,1
BRDA:229,20,1,2
BRDA:229,21,0,3
BRDA:229,21,1,2
BRDA:240,22,0,1
BRDA:240,22,1,1
BRDA:263,23,0,2
BRDA:263,23,1,4
BRDA:263,24,0,6
BRDA:263,24,1,5
BRDA:277,25,0,1
BRDA:277,25,1,2
BRDA:277,26,0,3
BRDA:277,26,1,2
BRDA:288,27,0,1
BRDA:288,27,1,1
BRDA:310,28,0,2
BRDA:310,28,1,4
BRDA:310,29,0,6
BRDA:310,29,1,5
BRDA:324,30,0,1
BRDA:324,30,1,2
BRDA:324,31,0,3
BRDA:324,31,1,2
BRDA:335,32,0,1
BRDA:335,32,1,1
BRDA:366,33,0,2
BRDA:366,33,1,2
BRDA:366,33,2,2
BRDA:366,33,3,1
BRDA:389,34,0,3
BRDA:389,34,1,2
BRDA:392,35,0,3
BRDA:392,35,1,2
BRDA:392,35,2,2
BRDA:394,36,0,1
BRDA:394,36,1,2
BRDA:396,37,0,1
BRDA:396,37,1,2
BRDA:400,38,0,3
BRDA:400,38,1,1
BRDA:401,39,0,1
BRDA:401,39,1,2
BRDA:405,40,0,1
BRDA:405,40,1,2
BRDA:430,41,0,5
BRDA:430,41,1,1
BRDA:433,42,0,5
BRDA:433,42,1,5
BRDA:433,42,2,4
BRDA:435,43,0,1
BRDA:435,43,1,4
BRDA:437,44,0,2
BRDA:437,44,1,3
BRDA:441,45,0,5
BRDA:441,45,1,4
BRDA:442,46,0,1
BRDA:442,46,1,4
BRDA:464,47,0,4
BRDA:464,47,1,2
BRDA:467,48,0,4
BRDA:467,48,1,4
BRDA:467,48,2,4
BRDA:469,49,0,1
BRDA:469,49,1,3
BRDA:472,50,0,4
BRDA:472,50,1,3
BRDA:473,51,0,1
BRDA:473,51,1,3
BRF:110
BRH:110
end_of_record
TN:
SF:events/guildMemberAdd.js
FN:27,(anonymous_0)
FN:71,(anonymous_1)
FN:87,(anonymous_2)
FN:121,(anonymous_3)
FN:225,(anonymous_4)
FN:239,(anonymous_5)
FN:258,(anonymous_6)
FN:333,(anonymous_7)
FNF:8
FNH:8
FNDA:9,(anonymous_0)
FNDA:1,(anonymous_1)
FNDA:2,(anonymous_2)
FNDA:23,(anonymous_3)
FNDA:6,(anonymous_4)
FNDA:1,(anonymous_5)
FNDA:8,(anonymous_6)
FNDA:1,(anonymous_7)
DA:1,25
DA:2,25
DA:3,25
DA:4,25
DA:5,25
DA:6,25
DA:7,25
DA:8,25
DA:11,25
DA:13,25
DA:28,9
DA:29,9
DA:33,9
DA:34,1
DA:35,1
DA:38,8
DA:39,7
DA:40,1
DA:41,1
DA:45,6
DA:51,6
DA:56,6
DA:57,2
DA:58,2
DA:68,6
DA:69,6
DA:70,6
DA:71,2
DA:72,1
DA:84,6
DA:85,6
DA:86,6
DA:87,6
DA:88,2
DA:95,6
DA:100,6
DA:102,6
DA:106,1
DA:109,1
DA:122,23
DA:123,23
DA:129,23
DA:130,23
DA:131,6
DA:132,6
DA:134,17
DA:139,17
DA:140,16
DA:141,2
DA:142,2
DA:143,1
DA:148,1
DA:152,1
DA:156,15
DA:157,1
DA:161,1
DA:163,14
DA:170,14
DA:171,14
DA:172,1
DA:175,1
DA:178,13
DA:179,13
DA:180,1
DA:184,1
DA:187,12
DA:188,1
DA:192,1
DA:196,11
DA:197,1
DA:198,1
DA:203,10
DA:204,10
DA:205,9
DA:209,1
DA:210,1
DA:213,1
DA:217,9
DA:218,9
DA:224,9
DA:225,9
DA:226,6
DA:227,6
DA:229,9
DA:234,9
DA:235,9
DA:236,1
DA:239,1
DA:240,1
DA:245,1
DA:249,8
DA:250,8
DA:251,8
DA:253,1
DA:258,8
DA:259,8
DA:261,8
DA:263,8
DA:265,8
DA:268,8
DA:269,8
DA:271,4
DA:275,8
DA:276,8
DA:279,8
DA:280,8
DA:281,8
DA:285,8
DA:286,5
DA:289,5
DA:290,1
DA:293,4
DA:294,4
DA:295,4
DA:302,4
DA:303,3
DA:304,3
DA:305,3
DA:311,8
DA:312,5
DA:313,5
DA:314,2
DA:316,2
DA:317,1
DA:318,1
DA:322,1
DA:327,8
DA:333,8
DA:334,1
DA:341,8
DA:343,4
DA:344,4
DA:346,4
DA:352,4
DA:353,4
DA:354,4
DA:358,4
DA:360,4
DA:361,4
DA:374,4
DA:379,4
DA:380,2
DA:387,2
DA:398,4
DA:406,8
DA:407,8
DA:409,8
DA:410,8
DA:414,1
DA:415,1
LF:150
LH:150
BRDA:33,0,0,1
BRDA:33,0,1,8
BRDA:39,1,0,1
BRDA:39,1,1,6
BRDA:56,2,0,2
BRDA:56,2,1,4
BRDA:57,3,0,2
BRDA:57,3,1,0
BRDA:68,4,0,6
BRDA:68,4,1,0
BRDA:70,5,0,2
BRDA:70,5,1,4
BRDA:84,6,0,6
BRDA:84,6,1,0
BRDA:84,7,0,6
BRDA:84,7,1,6
BRDA:86,8,0,6
BRDA:86,8,1,0
BRDA:130,9,0,6
BRDA:130,9,1,17
BRDA:140,10,0,2
BRDA:140,10,1,14
BRDA:156,11,0,1
BRDA:156,11,1,14
BRDA:171,12,0,1
BRDA:171,12,1,13
BRDA:179,13,0,1
BRDA:179,13,1,12
BRDA:187,14,0,1
BRDA:187,14,1,11
BRDA:196,15,0,1
BRDA:196,15,1,10
BRDA:227,16,0,6
BRDA:227,16,1,0
BRDA:235,17,0,1
BRDA:235,17,1,8
BRDA:251,18,0,1
BRDA:251,18,1,7
BRDA:269,19,0,4
BRDA:269,19,1,4
BRDA:269,20,0,8
BRDA:269,20,1,5
BRDA:289,21,0,1
BRDA:289,21,1,4
BRDA:293,22,0,4
BRDA:293,22,1,1
BRDA:302,23,0,3
BRDA:302,23,1,1
BRDA:303,24,0,3
BRDA:303,24,1,0
BRDA:311,25,0,5
BRDA:311,25,1,3
BRDA:316,26,0,1
BRDA:316,26,1,1
BRDA:316,27,0,2
BRDA:316,27,1,1
BRDA:316,27,2,1
BRDA:328,28,0,8
BRDA:328,28,1,4
BRDA:341,29,0,4
BRDA:341,29,1,4
BRDA:349,30,0,4
BRDA:349,30,1,0
BRDA:352,31,0,4
BRDA:352,31,1,0
BRDA:358,32,0,4
BRDA:358,32,1,0
BRDA:358,33,0,4
BRDA:358,33,1,4
BRDA:358,33,2,4
BRDA:362,34,0,4
BRDA:362,34,1,0
BRDA:367,35,0,4
BRDA:367,35,1,0
BRDA:406,36,0,8
BRDA:406,36,1,0
BRDA:409,37,0,8
BRDA:409,37,1,0
BRF:78
BRH:65
end_of_record
TN:
SF:events/guildMemberRemove.js
FN:21,(anonymous_0)
FNF:1
FNH:1
FNDA:3,(anonymous_0)
DA:1,3
DA:2,3
DA:3,3
DA:4,3
DA:5,3
DA:7,3
DA:22,3
DA:23,3
DA:24,1
DA:25,1
DA:27,2
DA:33,2
DA:40,1
DA:44,1
DA:45,1
LF:15
LH:15
BRDA:23,0,0,1
BRDA:23,0,1,2
BRF:2
BRH:2
end_of_record
TN:
SF:events/interactionCreate.js
FN:21,(anonymous_0)
FNF:1
FNH:1
FNDA:12,(anonymous_0)
DA:1,12
DA:2,12
DA:3,12
DA:4,12
DA:5,12
DA:7,12
DA:22,12
DA:23,2
DA:24,2
DA:28,10
DA:29,3
DA:30,3
DA:31,1
DA:34,1
DA:37,2
DA:38,2
DA:39,2
DA:42,1
DA:43,1
DA:48,2
DA:51,7
DA:53,6
DA:54,6
DA:55,1
DA:58,1
DA:61,5
DA:62,5
DA:64,4
DA:65,4
DA:72,4
DA:74,3
DA:75,3
DA:76,1
DA:81,2
DA:87,1
LF:35
LH:35
BRDA:22,0,0,2
BRDA:22,0,1,10
BRDA:22,1,0,12
BRDA:22,1,1,2
BRDA:28,2,0,3
BRDA:28,2,1,7
BRDA:30,3,0,1
BRDA:30,3,1,2
BRDA:38,4,0,2
BRDA:38,4,1,0
BRDA:51,5,0,1
BRDA:51,5,1,6
BRDA:51,6,0,7
BRDA:51,6,1,1
BRDA:51,6,2,1
BRDA:54,7,0,1
BRDA:54,7,1,5
BRDA:72,8,0,1
BRDA:72,8,1,3
BRDA:75,9,0,1
BRDA:75,9,1,2
BRF:21
BRH:20
end_of_record
TN:
SF:events/inviteCreate.js
FN:18,(anonymous_0)
FNF:1
FNH:1
FNDA:4,(anonymous_0)
DA:1,4
DA:2,4
DA:3,4
DA:4,4
DA:5,4
DA:7,4
DA:19,4
DA:20,4
DA:29,4
DA:30,4
DA:31,1
DA:32,1
DA:36,3
DA:37,2
DA:39,2
DA:40,1
DA:43,1
DA:47,1
DA:50,1
DA:53,1
DA:55,1
DA:61,1
DA:62,1
LF:23
LH:23
BRDA:30,0,0,1
BRDA:30,0,1,3
BRDA:39,1,0,1
BRDA:39,1,1,1
BRDA:50,2,0,1
BRDA:50,2,1,0
BRDA:58,3,0,1
BRDA:58,3,1,0
BRF:8
BRH:6
end_of_record
TN:
SF:events/inviteDelete.js
FN:17,(anonymous_0)
FN:47,(anonymous_1)
FNF:2
FNH:2
FNDA:5,(anonymous_0)
FNDA:3,(anonymous_1)
DA:1,5
DA:2,5
DA:3,5
DA:4,5
DA:5,5
DA:7,5
DA:18,5
DA:19,5
DA:25,5
DA:26,5
DA:27,1
DA:28,1
DA:32,4
DA:33,3
DA:35,3
DA:36,1
DA:39,1
DA:43,2
DA:46,2
DA:47,3
DA:49,2
DA:50,1
DA:53,1
DA:55,1
DA:60,1
DA:66,1
DA:67,1
LF:27
LH:27
BRDA:26,0,0,1
BRDA:26,0,1,4
BRDA:35,1,0,1
BRDA:35,1,1,2
BRDA:49,2,0,1
BRDA:49,2,1,1
BRF:6
BRH:6
end_of_record
TN:
SF:events/messageCreate.js
FN:27,(anonymous_0)
FN:101,(anonymous_1)
FN:106,(anonymous_2)
FN:127,(anonymous_3)
FN:180,processUserMessage
FN:242,checkForBumpMessages
FN:259,(anonymous_6)
FN:280,(anonymous_7)
FNF:8
FNH:8
FNDA:30,(anonymous_0)
FNDA:2,(anonymous_1)
FNDA:2,(anonymous_2)
FNDA:1,(anonymous_3)
FNDA:22,processUserMessage
FNDA:6,checkForBumpMessages
FNDA:4,(anonymous_6)
FNDA:4,(anonymous_7)
DA:1,24
DA:2,24
DA:3,24
DA:4,24
DA:5,24
DA:6,24
DA:7,24
DA:8,24
DA:9,24
DA:11,24
DA:28,30
DA:29,30
DA:30,2
DA:31,2
DA:33,1
DA:36,1
DA:40,29
DA:48,29
DA:53,22
DA:54,22
DA:55,3
DA:58,1
DA:59,1
DA:67,22
DA:68,2
DA:69,2
DA:74,22
DA:75,1
DA:76,1
DA:77,1
DA:79,1
DA:80,1
DA:84,22
DA:87,22
DA:88,6
DA:91,22
DA:97,22
DA:98,17
DA:100,3
DA:101,3
DA:102,2
DA:106,3
DA:107,2
DA:110,3
DA:112,3
DA:113,3
DA:115,3
DA:116,2
DA:117,2
DA:118,1
DA:127,1
DA:131,1
DA:132,1
DA:138,1
DA:145,8
DA:146,8
DA:152,8
DA:154,8
DA:155,1
DA:156,7
DA:157,1
DA:158,6
DA:159,1
DA:160,5
DA:161,1
DA:162,4
DA:163,1
DA:164,3
DA:165,1
DA:166,2
DA:167,1
DA:170,8
DA:181,22
DA:183,17
DA:184,17
DA:187,17
DA:189,16
DA:191,6
DA:192,6
DA:194,6
DA:195,1
DA:196,1
DA:197,1
DA:200,1
DA:201,1
DA:202,1
DA:203,1
DA:205,1
DA:208,5
DA:209,5
DA:211,1
DA:212,1
DA:214,4
DA:216,4
DA:217,3
DA:218,1
DA:219,1
DA:220,1
DA:221,1
DA:223,1
DA:226,2
DA:227,2
DA:243,6
DA:253,6
DA:256,6
DA:258,4
DA:259,4
DA:260,2
DA:261,2
DA:262,1
DA:263,1
DA:264,1
DA:271,1
DA:280,4
DA:281,4
DA:284,4
DA:285,3
DA:286,3
DA:287,3
DA:288,3
DA:289,3
DA:292,1
DA:301,1
DA:302,1
LF:124
LH:124
BRDA:29,0,0,2
BRDA:29,0,1,28
BRDA:41,1,0,29
BRDA:41,1,1,0
BRDA:43,2,0,29
BRDA:43,2,1,12
BRDA:54,3,0,3
BRDA:54,3,1,19
BRDA:67,4,0,2
BRDA:67,4,1,20
BRDA:74,5,0,1
BRDA:74,5,1,21
BRDA:77,6,0,1
BRDA:87,7,0,6
BRDA:87,7,1,16
BRDA:97,8,0,5
BRDA:97,8,1,17
BRDA:97,9,0,22
BRDA:97,9,1,17
BRDA:98,10,0,14
BRDA:98,10,1,3
BRDA:100,11,0,3
BRDA:100,11,1,0
BRDA:101,12,0,3
BRDA:101,12,1,2
BRDA:102,13,0,2
BRDA:102,13,1,1
BRDA:115,14,0,2
BRDA:115,14,1,1
BRDA:115,15,0,3
BRDA:115,15,1,2
BRDA:115,15,2,2
BRDA:115,15,3,2
BRDA:115,15,4,2
BRDA:154,16,0,1
BRDA:154,16,1,7
BRDA:156,17,0,1
BRDA:156,17,1,6
BRDA:158,18,0,1
BRDA:158,18,1,5
BRDA:160,19,0,1
BRDA:160,19,1,4
BRDA:162,20,0,1
BRDA:162,20,1,3
BRDA:164,21,0,1
BRDA:164,21,1,2
BRDA:166,22,0,1
BRDA:166,22,1,1
BRDA:181,23,0,5
BRDA:181,23,1,17
BRDA:181,24,0,22
BRDA:181,24,1,22
BRDA:181,24,2,22
BRDA:187,25,0,1
BRDA:187,25,1,16
BRDA:187,26,0,17
BRDA:187,26,1,16
BRDA:189,27,0,10
BRDA:189,27,1,6
BRDA:194,28,0,1
BRDA:194,28,1,5
BRDA:195,29,0,1
BRDA:195,29,1,0
BRDA:201,30,0,1
BRDA:201,30,1,0
BRDA:209,31,0,1
BRDA:209,31,1,4
BRDA:216,32,0,3
BRDA:216,32,1,1
BRDA:216,33,0,4
BRDA:216,33,1,3
BRDA:219,34,0,1
BRDA:219,34,1,0
BRDA:219,35,0,1
BRDA:219,35,1,1
BRDA:246,36,0,6
BRDA:246,36,1,1
BRDA:247,37,0,6
BRDA:247,37,1,5
BRDA:256,38,0,4
BRDA:256,38,1,1
BRDA:256,39,0,6
BRDA:256,39,1,5
BRDA:259,40,0,2
BRDA:259,40,1,2
BRDA:259,41,0,4
BRDA:259,41,1,4
BRDA:262,42,0,1
BRDA:262,42,1,0
BRDA:262,43,0,1
BRDA:262,43,1,1
BRDA:281,44,0,4
BRDA:281,44,1,3
BRDA:284,45,0,3
BRDA:284,45,1,1
BRF:95
BRH:89
end_of_record
TN:
SF:events/messageReactionAdd.js
FN:24,(anonymous_0)
FN:79,handleTranslationRequest
FNF:2
FNH:2
FNDA:13,(anonymous_0)
FNDA:9,handleTranslationRequest
DA:1,11
DA:2,11
DA:3,11
DA:4,11
DA:5,11
DA:6,11
DA:7,11
DA:8,11
DA:10,11
DA:25,13
DA:26,13
DA:27,1
DA:28,1
DA:31,12
DA:32,2
DA:33,2
DA:35,1
DA:40,1
DA:44,11
DA:49,11
DA:50,11
DA:51,9
DA:52,9
DA:55,2
DA:61,1
DA:80,9
DA:81,9
DA:88,9
DA:89,9
DA:90,9
DA:91,1
DA:92,1
DA:95,8
DA:96,8
DA:97,1
DA:101,1
DA:104,7
DA:105,7
DA:106,1
DA:110,1
DA:113,6
DA:119,6
DA:128,4
DA:129,4
DA:136,4
DA:137,4
DA:138,3
DA:139,3
DA:140,2
DA:141,2
DA:142,1
DA:147,4
DA:157,4
DA:163,4
DA:165,4
DA:171,5
DA:172,5
DA:181,5
DA:182,5
DA:186,5
DA:192,5
DA:197,2
LF:62
LH:62
BRDA:26,0,0,1
BRDA:26,0,1,12
BRDA:31,1,0,2
BRDA:31,1,1,10
BRDA:50,2,0,9
BRDA:50,2,1,2
BRDA:90,3,0,1
BRDA:90,3,1,8
BRDA:96,4,0,1
BRDA:96,4,1,7
BRDA:105,5,0,1
BRDA:105,5,1,6
BRDA:137,6,0,3
BRDA:137,6,1,1
BRDA:139,7,0,2
BRDA:139,7,1,1
BRDA:141,8,0,1
BRDA:141,8,1,1
BRDA:141,9,0,2
BRDA:141,9,1,2
BRDA:182,10,0,1
BRDA:182,10,1,4
BRDA:187,11,0,1
BRDA:187,11,1,4
BRF:24
BRH:24
end_of_record
TN:
SF:events/ready.js
FN:30,(anonymous_0)
FN:95,(anonymous_1)
FN:168,initializeInviteUsage
FN:185,(anonymous_3)
FN:188,(anonymous_4)
FNF:5
FNH:4
FNDA:20,(anonymous_0)
FNDA:2,(anonymous_1)
FNDA:12,initializeInviteUsage
FNDA:0,(anonymous_3)
FNDA:1,(anonymous_4)
DA:1,14
DA:2,14
DA:3,14
DA:4,14
DA:5,14
DA:6,14
DA:7,14
DA:8,14
DA:10,14
DA:15,14
DA:31,20
DA:32,20
DA:33,12
DA:36,12
DA:37,12
DA:38,12
DA:40,12
DA:41,2
DA:44,2
DA:53,2
DA:54,2
DA:55,2
DA:59,2
DA:64,10
DA:67,12
DA:70,12
DA:71,12
DA:76,12
DA:80,12
DA:83,12
DA:84,12
DA:85,11
DA:87,1
DA:88,1
DA:94,12
DA:95,12
DA:96,2
DA:97,2
DA:99,1
DA:100,1
DA:105,12
DA:110,12
DA:111,12
DA:112,11
DA:114,1
DA:115,1
DA:121,12
DA:122,1
DA:127,11
DA:130,12
DA:133,8
DA:134,8
DA:140,8
DA:142,8
DA:143,1
DA:144,7
DA:145,1
DA:146,6
DA:147,1
DA:148,5
DA:149,1
DA:150,4
DA:151,1
DA:152,3
DA:153,1
DA:154,2
DA:155,1
DA:158,8
DA:170,12
DA:171,11
DA:172,8
DA:173,8
DA:176,3
DA:178,3
DA:179,1
DA:182,1
DA:185,2
DA:186,1
DA:187,1
DA:188,1
DA:189,1
DA:191,1
DA:192,1
DA:198,1
LF:84
LH:84
BRDA:38,0,0,12
BRDA:38,0,1,10
BRDA:40,1,0,2
BRDA:40,1,1,10
BRDA:54,2,0,1
BRDA:54,2,1,1
BRDA:121,3,0,1
BRDA:121,3,1,11
BRDA:121,4,0,12
BRDA:121,4,1,1
BRDA:142,5,0,1
BRDA:142,5,1,7
BRDA:144,6,0,1
BRDA:144,6,1,6
BRDA:146,7,0,1
BRDA:146,7,1,5
BRDA:148,8,0,1
BRDA:148,8,1,4
BRDA:150,9,0,1
BRDA:150,9,1,3
BRDA:152,10,0,1
BRDA:152,10,1,2
BRDA:154,11,0,1
BRDA:154,11,1,1
BRDA:171,12,0,8
BRDA:171,12,1,3
BRDA:178,13,0,1
BRDA:178,13,1,2
BRDA:186,14,0,1
BRDA:186,14,1,0
BRDA:189,15,0,1
BRDA:189,15,1,0
BRF:32
BRH:30
end_of_record
TN:
SF:utils/colorUtils.js
FN:8,validateAndNormalizeColor
FN:53,hexToDecimal
FNF:2
FNH:2
FNDA:35,validateAndNormalizeColor
FNDA:17,hexToDecimal
DA:9,35
DA:10,1
DA:12,34
DA:13,1
DA:16,33
DA:18,33
DA:19,2
DA:23,2
DA:24,1
DA:31,33
DA:32,2
DA:33,2
DA:34,1
DA:39,2
DA:40,31
DA:41,26
DA:44,5
DA:54,17
DA:55,17
DA:56,1
DA:59,16
DA:60,16
DA:62,16
DA:63,1
DA:66,15
DA:69,13
LF:26
LH:26
BRDA:8,0,0,21
BRDA:9,1,0,1
BRDA:9,1,1,34
BRDA:12,2,0,1
BRDA:12,2,1,33
BRDA:18,3,0,2
BRDA:18,3,1,31
BRDA:23,4,0,1
BRDA:23,4,1,1
BRDA:31,5,0,2
BRDA:31,5,1,31
BRDA:33,6,0,1
BRDA:33,6,1,1
BRDA:40,7,0,26
BRDA:40,7,1,5
BRDA:55,8,0,1
BRDA:55,8,1,16
BRDA:62,9,0,1
BRDA:62,9,1,15
BRF:19
BRH:19
end_of_record
TN:
SF:utils/database.js
FN:1,(anonymous_0)
FN:91,(anonymous_1)
FN:92,(anonymous_2)
FN:111,initializeDatabase
FN:195,(anonymous_4)
FN:217,getValue
FN:239,setValue
FN:255,deleteValue
FN:272,addToUserList
FN:294,removeFromUserList
FN:298,(anonymous_10)
FN:314,addMuteModeUser
FN:341,removeMuteModeUser
FN:362,getAllMuteModeUsers
FN:392,getUserJoinTime
FN:415,addSpamModeJoinTime
FN:444,getSpamModeJoinTime
FN:465,removeSpamModeJoinTime
FN:488,cleanupOldTrackingUsers
FN:513,(anonymous_19)
FN:541,(anonymous_20)
FN:557,(anonymous_21)
FN:609,setInviteTag
FN:632,getInviteTag
FN:653,deleteInviteTag
FN:676,setInviteNotificationChannel
FN:695,getInviteNotificationChannel
FN:714,setInviteUsage
FN:736,getInviteUsage
FN:758,setInviteCodeToTagMap
FN:780,getInviteCodeToTagMap
[...]
BRDA:131,7,0,0
BRDA:131,7,1,7
BRDA:161,8,0,1
BRDA:161,8,1,0
BRDA:198,9,0,1
BRDA:198,9,1,2
BRDA:200,10,0,1
BRDA:200,10,1,1
BRDA:202,11,0,0
BRDA:202,11,1,1
BRDA:204,12,0,0
BRDA:204,12,1,1
BRF:28
BRH:21
end_of_record
TN:
SF:utils/muteModeUtils.js
FN:20,cancelMuteKick
FN:39,executeKick
FN:71,scheduleMuteKick
FN:87,(anonymous_3)
FN:102,(anonymous_4)
FN:113,(anonymous_5)
FN:142,rescheduleAllMuteKicks
FNF:7
FNH:5
FNDA:11,cancelMuteKick
FNDA:2,executeKick
FNDA:4,scheduleMuteKick
FNDA:0,(anonymous_3)
FNDA:2,(anonymous_4)
FNDA:0,(anonymous_5)
FNDA:2,rescheduleAllMuteKicks
DA:1,10
DA:2,10
DA:3,10
DA:4,10
DA:5,10
DA:6,10
DA:7,10
DA:9,10
DA:10,10
DA:13,10
DA:21,11
DA:22,1
DA:23,1
DA:24,1
DA:27,1
DA:29,10
DA:40,2
DA:41,2
DA:42,2
DA:43,2
DA:51,2
DA:53,0
DA:58,2
DA:59,2
DA:72,4
DA:74,4
DA:75,4
DA:76,4
DA:77,4
DA:78,1
DA:79,1
DA:80,1
DA:81,0
DA:82,0
DA:85,1
DA:86,1
DA:87,1
DA:88,1
DA:89,1
DA:90,0
DA:91,0
DA:93,1
DA:97,0
DA:99,1
DA:102,3
DA:103,2
DA:104,2
DA:105,2
DA:106,1
DA:107,1
DA:108,1
DA:111,1
DA:112,1
DA:113,1
DA:114,1
DA:115,1
DA:116,0
DA:117,0
DA:118,0
DA:120,1
DA:124,0
DA:126,2
DA:130,3
DA:131,3
DA:143,2
DA:144,2
DA:145,0
DA:146,0
DA:148,2
DA:149,0
DA:150,0
DA:152,2
DA:153,2
DA:154,2
DA:155,2
DA:156,1
DA:157,1
DA:159,1
DA:160,0
DA:161,0
DA:164,0
DA:167,0
DA:176,1
DA:182,10
LF:84
LH:66
BRDA:21,0,0,1
BRDA:21,0,1,10
BRDA:77,1,0,1
BRDA:77,1,1,3
BRDA:80,2,0,0
BRDA:80,2,1,1
BRDA:86,3,0,1
BRDA:86,3,1,0
BRDA:88,4,0,1
BRDA:88,4,1,0
BRDA:89,5,0,0
BRDA:89,5,1,1
BRDA:105,6,0,1
BRDA:105,6,1,1
BRDA:112,7,0,1
BRDA:112,7,1,0
BRDA:114,8,0,1
BRDA:114,8,1,0
BRDA:115,9,0,0
BRDA:115,9,1,1
BRDA:144,10,0,0
BRDA:144,10,1,2
BRDA:148,11,0,0
BRDA:148,11,1,2
BRDA:153,12,0,2
BRDA:153,12,1,0
BRDA:155,13,0,1
BRDA:155,13,1,1
BRDA:155,14,0,2
BRDA:155,14,1,2
BRF:30
BRH:20
end_of_record
TN:
SF:utils/redditClient.js
FN:17,getRedditAccessToken
FN:64,redditApiRequest
FN:104,isRedditConfigured
FNF:3
FNH:3
FNDA:8,getRedditAccessToken
FNDA:8,redditApiRequest
FNDA:2,isRedditConfigured
DA:1,8
DA:2,8
DA:3,8
DA:4,8
DA:5,8
DA:7,8
DA:8,8
DA:9,8
DA:11,8
DA:12,8
DA:18,8
DA:19,1
DA:22,7
DA:23,7
DA:25,7
DA:41,6
DA:42,6
DA:43,6
DA:44,6
DA:45,6
DA:47,0
DA:49,1
DA:54,1
DA:65,8
DA:67,7
DA:76,7
DA:77,1
DA:78,1
DA:81,7
DA:82,7
DA:83,5
DA:85,2
DA:93,2
DA:94,1
DA:95,1
DA:96,1
DA:97,1
DA:100,1
DA:105,2
DA:108,8
LF:40
LH:39
BRDA:18,0,0,1
BRDA:18,0,1,7
BRDA:18,1,0,8
BRDA:18,1,1,1
BRDA:18,1,2,1
BRDA:41,2,0,6
BRDA:41,2,1,0
BRDA:43,3,0,6
BRDA:43,3,1,0
BRDA:64,4,0,6
BRDA:76,5,0,1
BRDA:76,5,1,6
BRDA:76,6,0,7
BRDA:76,6,1,1
BRDA:76,6,2,0
BRDA:93,7,0,1
BRDA:93,7,1,1
BRDA:93,8,0,2
BRDA:93,8,1,1
BRDA:105,9,0,2
BRDA:105,9,1,1
BRDA:105,9,2,1
BRDA:105,9,3,1
BRF:23
BRH:20
end_of_record
TN:
SF:utils/reminderUtils.js
FN:7,(anonymous_0)
FN:30,(anonymous_1)
FN:40,getReminderIds
FN:51,addReminderId
FN:66,removeReminderId
FN:69,(anonymous_5)
FN:78,getLatestReminderData
FN:93,(anonymous_7)
FN:166,getNextReminderTimeAfterCleanup
FN:201,(anonymous_9)
FN:226,handleReminder
FN:293,(anonymous_11)
FN:412,(anonymous_12)
FN:454,rescheduleReminder
FN:676,(anonymous_14)
FN:722,(anonymous_15)
FN:768,(anonymous_16)
FN:814,handleError
FNF:18
FNH:10
FNDA:12,(anonymous_0)
FNDA:0,(anonymous_1)
FNDA:16,getReminderIds
FNDA:0,addReminderId
FNDA:3,removeReminderId
FNDA:3,(anonymous_5)
FNDA:6,getLatestReminderData
FNDA:2,(anonymous_7)
FNDA:0,getNextReminderTimeAfterCleanup
FNDA:0,(anonymous_9)
FNDA:2,handleReminder
FNDA:0,(anonymous_11)
FNDA:1,(anonymous_12)
FNDA:2,rescheduleReminder
FNDA:1,(anonymous_14)
FNDA:0,(anonymous_15)
FNDA:0,(anonymous_16)
FNDA:0,handleError
DA:1,6
DA:2,6
DA:3,6
DA:4,6
DA:5,6
DA:6,6
DA:7,12
DA:8,6
DA:9,6
DA:12,6
DA:13,6
DA:14,0
DA:21,6
DA:22,6
DA:30,6
DA:33,6
DA:41,16
DA:42,16
DA:52,0
DA:53,0
DA:54,0
DA:55,0
DA:56,0
DA:67,3
DA:68,3
DA:69,3
DA:70,3
DA:79,6
DA:80,6
DA:81,6
DA:82,6
DA:83,6
DA:85,6
DA:92,6
DA:93,2
DA:96,6
DA:97,2
DA:98,2
DA:100,2
DA:102,2
DA:105,2
DA:106,0
DA:110,0
DA:113,2
DA:120,2
DA:121,1
DA:122,1
DA:127,1
DA:133,0
DA:140,6
DA:141,1
DA:147,5
DA:152,6
DA:154,0
DA:157,0
DA:167,0
DA:168,0
DA:169,0
DA:170,0
DA:172,0
DA:173,0
DA:175,0
DA:176,0
DA:177,0
DA:180,0
DA:181,0
DA:182,0
DA:185,0
DA:187,0
DA:188,0
DA:189,0
DA:192,0
DA:193,0
DA:197,0
DA:198,0
DA:199,0
DA:201,0
DA:202,0
DA:203,0
DA:206,0
DA:207,0
DA:208,0
DA:210,0
DA:212,0
DA:213,0
DA:227,2
DA:228,2
DA:229,2
DA:230,1
DA:231,1
DA:234,1
DA:235,1
DA:236,0
DA:237,0
DA:240,1
DA:241,1
DA:243,1
DA:246,1
DA:247,1
DA:248,1
DA:249,0
DA:252,0
DA:256,0
DA:261,1
DA:262,1
DA:263,1
DA:264,1
DA:267,1
DA:268,1
DA:269,0
DA:270,0
DA:271,0
DA:274,0
DA:275,0
DA:277,0
DA:278,0
DA:280,0
DA:284,0
DA:285,0
DA:286,0
DA:291,1
DA:292,0
DA:293,0
DA:294,0
DA:295,0
DA:302,1
DA:303,0
DA:312,1
DA:319,1
DA:320,1
DA:325,1
DA:326,1
DA:327,0
DA:332,0
DA:337,1
DA:338,1
DA:339,1
DA:340,1
DA:347,1
DA:348,1
DA:349,0
DA:354,0
DA:357,0
DA:358,0
DA:359,0
DA:363,0
DA:365,0
DA:371,1
DA:381,1
DA:382,1
DA:384,1
DA:385,0
DA:386,1
DA:387,0
DA:389,1
DA:392,1
DA:393,1
DA:399,0
DA:406,0
DA:412,1
DA:413,1
DA:415,1
DA:416,0
DA:417,1
DA:418,0
DA:420,1
DA:423,1
DA:424,1
DA:430,1
DA:431,1
DA:432,1
DA:436,0
DA:444,0
DA:455,2
DA:456,2
DA:458,2
DA:459,2
DA:461,2
DA:462,0
DA:463,0
DA:466,2
DA:467,0
DA:468,0
DA:471,2
DA:474,2
DA:475,2
DA:476,2
DA:478,2
DA:488,2
DA:489,2
DA:490,2
DA:491,2
DA:495,2
DA:496,2
DA:497,2
DA:498,2
DA:499,2
DA:501,2
DA:503,1
DA:504,1
DA:505,1
DA:510,1
DA:519,0
DA:520,0
DA:521,0
DA:529,2
DA:530,1
DA:531,1
DA:532,1
DA:539,2
DA:540,2
DA:541,0
DA:542,0
DA:543,0
DA:545,0
DA:547,0
DA:548,0
DA:549,0
DA:554,0
DA:563,0
DA:564,0
DA:565,0
DA:573,2
DA:574,0
DA:575,0
DA:576,0
DA:581,2
DA:582,2
DA:583,0
DA:584,0
DA:585,0
DA:587,0
DA:588,0
DA:589,0
DA:590,0
DA:595,0
DA:603,0
DA:604,0
DA:605,0
DA:612,2
DA:613,0
DA:614,0
DA:615,0
DA:620,2
DA:621,1
DA:628,2
DA:634,2
DA:643,2
DA:644,1
DA:645,1
DA:649,1
DA:650,1
DA:651,1
DA:652,0
DA:655,0
DA:659,0
DA:662,1
DA:663,1
DA:664,1
DA:665,1
DA:667,1
DA:675,1
DA:676,1
DA:677,1
DA:678,1
DA:679,1
DA:683,1
DA:684,1
DA:686,0
DA:692,1
DA:699,0
DA:708,1
DA:709,0
DA:710,0
DA:711,0
DA:713,0
DA:721,0
DA:722,0
DA:723,0
DA:724,0
DA:725,0
DA:729,0
DA:730,0
DA:732,0
DA:738,0
DA:745,0
DA:754,1
DA:755,0
DA:756,0
DA:757,0
DA:759,0
DA:767,0
DA:768,0
DA:769,0
DA:770,0
DA:771,0
DA:775,0
DA:776,0
DA:778,0
DA:784,0
DA:791,0
DA:800,1
DA:802,0
DA:815,0
DA:820,0
DA:821,0
DA:822,0
DA:823,0
DA:824,0
DA:825,0
DA:826,0
DA:827,0
DA:828,0
DA:829,0
DA:830,0
DA:831,0
DA:832,0
DA:833,0
DA:834,0
DA:835,0
DA:837,0
DA:841,6
LF:322
LH:156
BRDA:7,0,0,12
BRDA:7,0,1,8
BRDA:12,1,0,6
BRDA:12,1,1,6
BRDA:13,2,0,0
BRDA:13,2,1,6
BRDA:42,3,0,16
BRDA:42,3,1,0
BRDA:54,4,0,0
BRDA:54,4,1,0
BRDA:100,5,0,2
BRDA:100,5,1,0
BRDA:100,6,0,2
BRDA:100,6,1,2
BRDA:105,7,0,0
BRDA:105,7,1,2
BRDA:120,8,0,1
BRDA:120,8,1,1
BRDA:120,9,0,2
BRDA:120,9,1,1
BRDA:120,9,2,0
BRDA:140,10,0,1
BRDA:140,10,1,5
BRDA:168,11,0,0
BRDA:168,11,1,0
BRDA:175,12,0,0
BRDA:175,12,1,0
BRDA:180,13,0,0
BRDA:180,13,1,0
BRDA:187,14,0,0
BRDA:187,14,1,0
BRDA:192,15,0,0
BRDA:192,15,1,0
BRDA:197,16,0,0
BRDA:197,16,1,0
BRDA:207,17,0,0
BRDA:207,17,1,0
BRDA:226,18,0,1
BRDA:226,19,0,2
BRDA:229,20,0,1
BRDA:229,20,1,1
BRDA:235,21,0,0
BRDA:235,21,1,1
BRDA:248,22,0,0
BRDA:248,22,1,1
BRDA:270,23,0,0
BRDA:270,23,1,0
BRDA:270,24,0,0
BRDA:270,24,1,0
BRDA:277,25,0,0
BRDA:277,25,1,0
BRDA:277,26,0,0
BRDA:277,26,1,0
BRDA:291,27,0,0
BRDA:291,27,1,1
BRDA:302,28,0,0
BRDA:302,28,1,1
BRDA:302,29,0,1
BRDA:302,29,1,1
BRDA:326,30,0,0
BRDA:326,30,1,1
BRDA:326,31,0,1
BRDA:326,31,1,1
BRDA:347,32,0,1
BRDA:347,32,1,0
BRDA:348,33,0,0
BRDA:348,33,1,1
BRDA:357,34,0,0
BRDA:357,34,1,0
BRDA:358,35,0,0
BRDA:358,35,1,0
BRDA:381,36,0,1
BRDA:381,36,1,0
BRDA:384,37,0,0
BRDA:384,37,1,1
BRDA:386,38,0,0
BRDA:386,38,1,1
BRDA:415,39,0,0
BRDA:415,39,1,1
BRDA:417,40,0,0
BRDA:417,40,1,1
BRDA:461,41,0,0
BRDA:461,41,1,2
BRDA:466,42,0,0
BRDA:466,42,1,2
BRDA:498,43,0,2
BRDA:498,43,1,0
BRDA:498,44,0,2
BRDA:498,44,1,2
BRDA:501,45,0,1
BRDA:501,45,1,1
BRDA:501,46,0,2
BRDA:501,46,1,2
BRDA:542,47,0,0
BRDA:542,47,1,0
BRDA:542,48,0,0
BRDA:542,48,1,0
BRDA:545,49,0,0
BRDA:545,49,1,0
BRDA:545,50,0,0
BRDA:545,50,1,0
BRDA:584,51,0,0
BRDA:584,51,1,0
BRDA:584,52,0,0
BRDA:584,52,1,0
BRDA:587,53,0,0
BRDA:587,53,1,0
BRDA:587,54,0,0
BRDA:587,54,1,0
BRDA:620,55,0,1
BRDA:620,55,1,1
BRDA:620,56,0,2
BRDA:620,56,1,1
BRDA:620,56,2,1
BRDA:638,57,0,1
BRDA:638,57,1,1
BRDA:639,58,0,0
BRDA:639,58,1,2
BRDA:640,59,0,0
BRDA:640,59,1,2
BRDA:643,60,0,1
BRDA:643,60,1,1
BRDA:643,61,0,2
BRDA:643,61,1,1
BRDA:643,61,2,1
BRDA:651,62,0,0
BRDA:651,62,1,1
BRDA:662,63,0,1
BRDA:662,63,1,0
BRDA:675,64,0,1
BRDA:675,64,1,0
BRDA:708,65,0,0
BRDA:708,65,1,1
BRDA:721,66,0,0
BRDA:721,66,1,0
BRDA:754,67,0,0
BRDA:754,67,1,1
BRDA:767,68,0,0
BRDA:767,68,1,0
BRDA:820,69,0,0
BRDA:820,69,1,0
BRDA:822,70,0,0
BRDA:822,70,1,0
BRDA:824,71,0,0
BRDA:824,71,1,0
BRDA:826,72,0,0
BRDA:826,72,1,0
BRDA:828,73,0,0
BRDA:828,73,1,0
BRDA:830,74,0,0
BRDA:830,74,1,0
BRDA:832,75,0,0
BRDA:832,75,1,0
BRDA:834,76,0,0
BRDA:834,76,1,0
BRF:155
BRH:64
end_of_record
TN:
SF:utils/searchUtils.js
FN:22,createPaginatedResults
FN:42,(anonymous_1)
FN:75,(anonymous_2)
FN:86,(anonymous_3)
FN:107,(anonymous_4)
FN:144,(anonymous_5)
FN:157,normalizeSearchParams
FN:177,formatApiError
FNF:8
FNH:8
FNDA:9,createPaginatedResults
FNDA:14,(anonymous_1)
FNDA:4,(anonymous_2)
FNDA:5,(anonymous_3)
FNDA:5,(anonymous_4)
FNDA:1,(anonymous_5)
FNDA:3,normalizeSearchParams
FNDA:2,formatApiError
DA:1,14
DA:2,14
DA:3,14
DA:4,14
DA:31,9
DA:33,9
DA:34,9
DA:35,9
DA:36,9
DA:37,9
DA:40,9
DA:42,9
DA:43,14
DA:48,14
DA:53,14
DA:54,2
DA:55,2
DA:57,12
DA:60,14
DA:61,2
DA:62,2
DA:64,12
DA:67,14
DA:70,9
DA:75,9
DA:76,4
DA:80,9
DA:86,9
DA:87,5
DA:89,5
DA:95,5
DA:96,2
DA:97,3
DA:98,2
DA:101,5
DA:107,9
DA:108,5
DA:114,5
DA:119,5
DA:124,5
DA:125,2
DA:126,2
DA:128,3
DA:131,5
DA:132,2
DA:133,2
DA:135,3
DA:138,5
DA:142,5
DA:144,1
DA:158,3
DA:159,1
DA:162,2
DA:163,2
DA:165,2
DA:178,2
DA:179,2
DA:180,2
DA:183,14
LF:59
LH:59
BRDA:29,0,0,7
BRDA:33,1,0,9
BRDA:33,1,1,8
BRDA:34,2,0,9
BRDA:34,2,1,8
BRDA:35,3,0,9
BRDA:35,3,1,8
BRDA:36,4,0,9
BRDA:36,4,1,7
BRDA:37,5,0,9
BRDA:37,5,1,7
BRDA:53,6,0,2
BRDA:53,6,1,12
BRDA:55,7,0,1
BRDA:55,7,1,1
BRDA:60,8,0,2
BRDA:60,8,1,12
BRDA:62,9,0,1
BRDA:62,9,1,1
BRDA:76,10,0,4
BRDA:76,10,1,2
BRDA:76,10,2,3
BRDA:95,11,0,2
BRDA:95,11,1,3
BRDA:97,12,0,2
BRDA:97,12,1,1
BRDA:109,13,0,3
BRDA:109,13,1,2
BRDA:124,14,0,2
BRDA:124,14,1,3
BRDA:126,15,0,1
BRDA:126,15,1,1
BRDA:131,16,0,2
BRDA:131,16,1,3
BRDA:133,17,0,1
BRDA:133,17,1,1
BRDA:158,18,0,1
BRDA:158,18,1,2
BRDA:158,19,0,3
BRDA:158,19,1,2
BRDA:163,20,0,2
BRDA:163,20,1,1
BRDA:178,21,0,2
BRDA:178,21,1,1
BRDA:179,22,0,2
BRDA:179,22,1,1
BRF:46
BRH:46
end_of_record
TN:
SF:utils/spamModeUtils.js
FN:44,normalizeContent
FN:56,levenshtein
FN:63,(anonymous_2)
FN:85,similarityScore
FN:102,findSimilarContent
FN:116,containsLink
FN:126,truncateContentPreview
FN:138,formatDeletedMessagesSummary
FN:141,(anonymous_8)
FN:155,(anonymous_9)
FN:181,parseSpamWarnButtonId
FN:192,buildSpamWarningButtons
FN:219,buildSpamWarningPayload
FN:254,isNewUser
FN:281,cleanupUserEntries
FN:286,(anonymous_15)
FN:308,trackNewUserMessage
FN:361,(anonymous_17)
FN:429,(anonymous_18)
FN:447,(anonymous_19)
FN:488,(anonymous_20)
FN:525,deleteOffendingMessages
FN:529,(anonymous_22)
FN:538,(anonymous_23)
FN:541,(anonymous_24)
FN:564,(anonymous_25)
FN:566,(anonymous_26)
FN:593,postSpamWarning
FN:600,(anonymous_28)
FN:631,handleSpamWarningButton
FN:641,(anonymous_30)
FN:676,(anonymous_31)
FN:690,(anonymous_32)
FN:742,(anonymous_33)
FN:787,(anonymous_34)
FN:841,(anonymous_35)
FN:879,timeoutUser
FN:886,(anonymous_37)
FNF:38
FNH:22
FNDA:6,normalizeContent
FNDA:0,levenshtein
FNDA:0,(anonymous_2)
FNDA:0,similarityScore
FNDA:1,findSimilarContent
FNDA:3,containsLink
FNDA:3,truncateContentPreview
FNDA:1,formatDeletedMessagesSummary
FNDA:2,(anonymous_8)
FNDA:3,(anonymous_9)
FNDA:3,parseSpamWarnButtonId
FNDA:1,buildSpamWarningButtons
FNDA:1,buildSpamWarningPayload
FNDA:7,isNewUser
FNDA:3,cleanupUserEntries
FNDA:3,(anonymous_15)
FNDA:7,trackNewUserMessage
FNDA:18,(anonymous_17)
FNDA:5,(anonymous_18)
FNDA:3,(anonymous_19)
FNDA:0,(anonymous_20)
FNDA:1,deleteOffendingMessages
FNDA:2,(anonymous_22)
FNDA:0,(anonymous_23)
FNDA:0,(anonymous_24)
FNDA:0,(anonymous_25)
FNDA:0,(anonymous_26)
FNDA:1,postSpamWarning
FNDA:0,(anonymous_28)
FNDA:4,handleSpamWarningButton
FNDA:0,(anonymous_30)
FNDA:0,(anonymous_31)
FNDA:0,(anonymous_32)
FNDA:0,(anonymous_33)
FNDA:0,(anonymous_34)
FNDA:0,(anonymous_35)
FNDA:1,timeoutUser
FNDA:0,(anonymous_37)
DA:1,9
DA:2,9
DA:10,9
DA:11,9
DA:12,9
DA:17,9
DA:22,9
DA:25,9
DA:28,9
DA:31,9
DA:34,9
DA:35,9
DA:45,6
DA:46,6
DA:57,0
DA:58,0
DA:59,0
DA:61,0
DA:63,0
DA:64,0
DA:66,0
DA:67,0
DA:68,0
DA:69,0
DA:70,0
DA:72,0
DA:74,0
DA:86,0
DA:87,0
DA:88,0
DA:89,0
DA:90,0
DA:91,0
DA:92,0
DA:103,1
DA:104,0
DA:105,0
DA:108,1
DA:117,3
DA:127,3
DA:128,3
DA:129,3
DA:130,0
DA:139,1
DA:141,2
DA:142,1
DA:143,1
DA:144,1
DA:145,3
DA:146,1
DA:147,1
DA:151,1
DA:152,1
DA:154,1
DA:155,3
DA:156,1
DA:157,1
DA:158,1
DA:160,3
DA:163,3
DA:167,1
DA:168,1
DA:169,0
DA:171,1
DA:175,9
DA:182,3
DA:183,3
DA:184,3
DA:185,1
DA:186,1
DA:187,1
DA:188,1
DA:189,1
DA:193,1
DA:220,1
DA:221,1
DA:223,1
DA:241,1
DA:255,7
DA:256,7
DA:257,6
DA:259,5
DA:260,5
DA:262,5
DA:263,5
DA:264,5
DA:266,5
DA:271,1
DA:272,1
DA:282,3
DA:283,2
DA:285,2
DA:286,3
DA:287,2
DA:288,0
DA:290,2
DA:294,2
DA:309,7
DA:310,7
DA:313,7
DA:314,7
DA:315,3
DA:316,3
DA:317,2
DA:321,4
DA:322,1
DA:323,1
DA:326,3
DA:329,3
DA:332,3
DA:333,0
DA:334,0
DA:338,3
DA:339,0
DA:340,0
DA:346,3
DA:348,3
DA:350,3
DA:351,0
DA:352,0
DA:355,3
DA:356,3
DA:357,0
DA:358,0
DA:361,18
DA:362,3
DA:363,0
DA:367,0
DA:371,3
DA:372,3
DA:375,3
DA:376,3
DA:377,0
DA:378,0
DA:381,3
DA:382,3
DA:383,3
DA:386,3
DA:389,3
DA:390,3
DA:392,3
DA:393,3
DA:398,3
DA:399,3
DA:400,3
DA:401,3
DA:403,3
DA:411,3
DA:419,3
DA:420,2
DA:421,2
DA:422,2
DA:429,5
DA:430,2
DA:432,2
DA:433,2
DA:434,2
DA:435,2
DA:437,2
DA:446,2
DA:447,3
DA:449,1
DA:464,1
DA:469,1
DA:470,1
DA:471,1
DA:473,1
DA:479,1
DA:480,1
DA:481,1
DA:483,0
DA:487,1
DA:488,1
DA:489,0
DA:497,1
DA:498,1
DA:502,1
DA:506,1
DA:509,1
DA:526,1
DA:529,2
DA:530,1
DA:531,1
DA:533,1
DA:534,1
DA:536,1
DA:537,2
DA:538,2
DA:539,2
DA:541,2
DA:542,2
DA:544,2
DA:545,2
DA:546,2
DA:551,0
DA:557,0
DA:562,1
DA:563,1
DA:564,1
DA:565,1
DA:566,1
DA:569,0
DA:575,1
DA:582,1
DA:594,1
DA:596,1
DA:597,1
DA:598,1
DA:600,1
DA:601,1
DA:602,0
DA:603,0
DA:606,1
DA:607,0
DA:608,0
DA:611,1
DA:612,1
DA:613,1
DA:618,0
DA:632,4
DA:633,1
DA:636,3
DA:637,3
DA:638,0
DA:642,0
DA:645,3
DA:646,3
DA:647,3
DA:648,1
DA:652,1
DA:655,2
DA:656,2
DA:657,0
DA:658,0
DA:661,2
DA:662,2
DA:663,0
DA:664,0
DA:667,2
DA:668,1
DA:669,0
DA:673,0
DA:675,1
DA:676,1
DA:677,0
DA:679,1
DA:682,1
DA:684,1
DA:685,1
DA:686,0
DA:687,0
DA:690,1
DA:691,1
DA:693,1
DA:694,1
DA:695,0
DA:699,0
DA:701,1
DA:702,0
DA:706,0
DA:708,1
DA:709,0
DA:713,0
DA:715,1
DA:716,0
DA:720,0
DA:722,1
DA:723,0
DA:727,0
DA:730,1
DA:731,1
DA:732,1
DA:733,1
DA:738,0
DA:739,0
DA:744,1
DA:747,0
DA:748,0
DA:749,0
DA:753,0
DA:755,0
DA:756,0
DA:760,0
DA:762,0
DA:763,0
DA:767,0
DA:769,0
DA:770,0
DA:774,0
DA:776,0
DA:777,0
DA:781,0
DA:784,0
DA:785,0
DA:786,0
DA:787,0
DA:788,0
DA:793,0
DA:794,0
DA:799,0
DA:802,0
DA:803,0
DA:804,0
DA:808,0
DA:810,0
DA:811,0
DA:815,0
DA:818,0
DA:819,0
DA:820,0
DA:824,0
DA:826,0
DA:827,0
DA:831,0
DA:835,0
DA:836,0
DA:837,0
DA:841,0
DA:842,0
DA:847,0
DA:848,0
DA:853,0
DA:856,0
DA:857,0
DA:859,0
DA:860,0
DA:861,0
DA:862,0
DA:864,0
DA:867,0
DA:880,1
DA:881,0
DA:882,0
DA:885,1
DA:886,1
DA:887,1
DA:888,0
DA:889,0
DA:892,1
DA:893,1
DA:894,0
DA:895,0
DA:898,1
DA:899,0
DA:900,0
DA:903,1
DA:904,1
DA:905,0
DA:906,0
DA:909,1
DA:910,1
DA:912,1
DA:913,0
DA:914,0
DA:917,1
DA:918,1
DA:920,0
DA:924,9
LF:358
LH:221
BRDA:45,0,0,0
BRDA:45,0,1,6
BRDA:45,1,0,6
BRDA:45,1,1,6
BRDA:57,2,0,0
BRDA:57,2,1,0
BRDA:58,3,0,0
BRDA:58,3,1,0
BRDA:59,4,0,0
BRDA:59,4,1,0
BRDA:61,5,0,0
BRDA:61,5,1,0
BRDA:69,6,0,0
BRDA:69,6,1,0
BRDA:88,7,0,0
BRDA:88,7,1,0
BRDA:89,8,0,0
BRDA:89,8,1,0
BRDA:90,9,0,0
BRDA:90,9,1,0
BRDA:91,10,0,0
BRDA:91,10,1,0
BRDA:104,11,0,0
BRDA:104,11,1,0
BRDA:117,12,0,3
BRDA:117,12,1,3
BRDA:126,13,0,3
BRDA:127,14,0,3
BRDA:127,14,1,0
BRDA:128,15,0,0
BRDA:128,15,1,3
BRDA:129,16,0,3
BRDA:129,16,1,0
BRDA:139,17,0,0
BRDA:139,17,1,1
BRDA:145,18,0,1
BRDA:145,18,1,2
BRDA:156,19,0,1
BRDA:156,19,1,1
BRDA:157,20,0,0
BRDA:157,20,1,1
BRDA:160,21,0,3
BRDA:160,21,1,0
BRDA:160,22,0,3
BRDA:160,22,1,3
BRDA:168,23,0,0
BRDA:168,23,1,1
BRDA:171,24,0,1
BRDA:171,24,1,0
BRDA:183,25,0,0
BRDA:183,25,1,3
BRDA:183,26,0,3
BRDA:183,26,1,3
BRDA:184,27,0,2
BRDA:184,27,1,1
BRDA:185,28,0,0
BRDA:185,28,1,1
BRDA:188,29,0,0
BRDA:188,29,1,1
BRDA:220,30,0,1
BRDA:220,30,1,0
BRDA:257,31,0,1
BRDA:257,31,1,5
BRDA:260,32,0,1
BRDA:260,32,1,4
BRDA:260,33,0,1
BRDA:260,33,1,1
BRDA:268,34,0,4
BRDA:268,34,1,1
BRDA:282,35,0,1
BRDA:282,35,1,2
BRDA:287,36,0,0
BRDA:287,36,1,2
BRDA:294,37,0,0
BRDA:294,37,1,2
BRDA:314,38,0,3
BRDA:314,38,1,4
BRDA:321,39,0,1
BRDA:321,39,1,3
BRDA:326,40,0,3
BRDA:326,40,1,0
BRDA:329,41,0,3
BRDA:329,41,1,0
BRDA:332,42,0,0
BRDA:332,42,1,3
BRDA:332,43,0,3
BRDA:332,43,1,0
BRDA:338,44,0,0
BRDA:338,44,1,3
BRDA:338,45,0,3
BRDA:338,45,1,0
BRDA:338,45,2,3
BRDA:348,46,0,3
BRDA:348,46,1,0
BRDA:350,47,0,0
BRDA:350,47,1,3
BRDA:356,48,0,0
BRDA:356,48,1,3
BRDA:362,49,0,0
BRDA:362,49,1,3
BRDA:362,50,0,3
BRDA:362,50,1,0
BRDA:372,51,0,0
BRDA:372,51,1,3
BRDA:376,52,0,0
BRDA:376,52,1,3
BRDA:382,53,0,0
BRDA:382,53,1,3
BRDA:382,54,0,0
BRDA:382,54,1,0
BRDA:386,55,0,3
BRDA:386,55,1,0
BRDA:392,56,0,1
BRDA:392,56,1,2
BRDA:398,57,0,2
BRDA:398,57,1,1
BRDA:399,58,0,2
BRDA:399,58,1,1
BRDA:400,59,0,3
BRDA:400,59,1,1
BRDA:400,59,2,1
BRDA:419,60,0,2
BRDA:419,60,1,1
BRDA:433,61,0,0
BRDA:433,61,1,2
BRDA:434,62,0,0
BRDA:434,62,1,2
BRDA:446,63,0,1
BRDA:446,63,1,1
BRDA:460,64,0,1
BRDA:460,64,1,0
BRDA:471,65,0,0
BRDA:471,65,1,1
BRDA:487,66,0,1
BRDA:487,66,1,0
BRDA:526,67,0,0
BRDA:526,67,1,1
BRDA:526,68,0,1
BRDA:526,68,1,1
BRDA:539,69,0,0
BRDA:539,69,1,2
BRDA:542,70,0,0
BRDA:542,70,1,2
BRDA:565,71,0,1
BRDA:565,71,1,0
BRDA:593,72,0,0
BRDA:594,73,0,0
BRDA:594,73,1,1
BRDA:598,74,0,0
BRDA:598,74,1,1
BRDA:601,75,0,0
BRDA:601,75,1,1
BRDA:606,76,0,0
BRDA:606,76,1,1
BRDA:632,77,0,1
BRDA:632,77,1,3
BRDA:632,78,0,4
BRDA:632,78,1,4
BRDA:637,79,0,0
BRDA:637,79,1,3
BRDA:647,80,0,1
BRDA:647,80,1,2
BRDA:647,81,0,3
BRDA:647,81,1,3
BRDA:656,82,0,0
BRDA:656,82,1,2
BRDA:662,83,0,0
BRDA:662,83,1,2
BRDA:662,84,0,2
BRDA:662,84,1,2
BRDA:667,85,0,1
BRDA:667,85,1,1
BRDA:668,86,0,0
BRDA:668,86,1,1
BRDA:685,87,0,0
BRDA:685,87,1,1
BRDA:693,88,0,1
BRDA:693,88,1,0
BRDA:694,89,0,0
BRDA:694,89,1,1
BRDA:701,90,0,0
BRDA:701,90,1,1
BRDA:708,91,0,0
BRDA:708,91,1,1
BRDA:715,92,0,0
BRDA:715,92,1,1
BRDA:722,93,0,0
BRDA:722,93,1,1
BRDA:722,94,0,1
BRDA:722,94,1,0
BRDA:740,95,0,0
BRDA:740,95,1,0
BRDA:747,96,0,0
BRDA:747,96,1,0
BRDA:748,97,0,0
BRDA:748,97,1,0
BRDA:755,98,0,0
BRDA:755,98,1,0
BRDA:762,99,0,0
BRDA:762,99,1,0
BRDA:769,100,0,0
BRDA:769,100,1,0
BRDA:776,101,0,0
BRDA:776,101,1,0
BRDA:776,102,0,0
BRDA:776,102,1,0
BRDA:795,103,0,0
BRDA:795,103,1,0
BRDA:802,104,0,0
BRDA:802,104,1,0
BRDA:803,105,0,0
BRDA:803,105,1,0
BRDA:810,106,0,0
BRDA:810,106,1,0
BRDA:818,107,0,0
BRDA:818,107,1,0
BRDA:819,108,0,0
BRDA:819,108,1,0
BRDA:826,109,0,0
BRDA:826,109,1,0
BRDA:826,110,0,0
BRDA:826,110,1,0
BRDA:849,111,0,0
BRDA:849,111,1,0
BRDA:861,112,0,0
BRDA:861,112,1,0
BRDA:861,113,0,0
BRDA:861,113,1,0
BRDA:879,114,0,0
BRDA:880,115,0,0
BRDA:880,115,1,1
BRDA:880,116,0,1
BRDA:880,116,1,1
BRDA:887,117,0,0
BRDA:887,117,1,1
BRDA:893,118,0,0
BRDA:893,118,1,1
BRDA:898,119,0,0
BRDA:898,119,1,1
BRDA:904,120,0,0
BRDA:904,120,1,1
BRDA:904,121,0,1
BRDA:904,121,1,1
BRDA:912,122,0,0
BRDA:912,122,1,1
BRF:245
BRH:122
end_of_record
TN:
SF:utils/trollModeUtils.js
FN:14,checkAccountAge
FN:47,performKick
FNF:2
FNH:2
FNDA:4,checkAccountAge
FNDA:3,performKick
DA:1,7
DA:2,7
DA:3,7
DA:4,7
DA:5,7
DA:6,7
DA:15,4
DA:16,4
DA:17,3
DA:18,1
DA:21,2
DA:22,2
DA:24,2
DA:31,2
DA:33,1
DA:37,1
DA:48,3
DA:49,3
DA:50,3
DA:52,3
DA:53,3
DA:54,3
DA:55,3
DA:64,3
DA:66,1
DA:72,3
DA:73,2
DA:79,1
DA:83,1
DA:87,7
LF:30
LH:30
BRDA:17,0,0,1
BRDA:17,0,1,2
BRDA:21,1,0,2
BRDA:21,1,1,1
BRDA:49,2,0,3
BRDA:49,2,1,1
BRF:6
BRH:6
end_of_record
